nohup: ignoring input
26APR
checkInstrument =  NSE:NIFTYBANK-INDEX
bnExpDate =  26APR
 -- not entered waiting for time--- 9 : 12
 -- not entered waiting for time--- 9 : 12
 -- not entered waiting for time--- 9 : 12
 -- not entered waiting for time--- 9 : 12
 -- not entered waiting for time--- 9 : 12
 -- not entered waiting for time--- 9 : 12
 -- not entered waiting for time--- 9 : 12
 -- not entered waiting for time--- 9 : 12
 -- not entered waiting for time--- 9 : 12
 -- not entered waiting for time--- 9 : 12
 -- not entered waiting for time--- 9 : 12
 -- not entered waiting for time--- 9 : 12
 -- not entered waiting for time--- 9 : 12
 -- not entered waiting for time--- 9 : 12
 -- not entered waiting for time--- 9 : 12
 -- not entered waiting for time--- 9 : 12
 -- not entered waiting for time--- 9 : 12
 -- not entered waiting for time--- 9 : 12
 -- not entered waiting for time--- 9 : 12
 -- not entered waiting for time--- 9 : 12
 -- not entered waiting for time--- 9 : 12
 -- not entered waiting for time--- 9 : 12
 -- not entered waiting for time--- 9 : 12
 -- not entered waiting for time--- 9 : 12
 -- not entered waiting for time--- 9 : 12
 -- not entered waiting for time--- 9 : 12
 -- not entered waiting for time--- 9 : 12
 -- not entered waiting for time--- 9 : 12
 -- not entered waiting for time--- 9 : 12
 -- not entered waiting for time--- 9 : 12
 -- not entered waiting for time--- 9 : 12
 -- not entered waiting for time--- 9 : 12
 -- not entered waiting for time--- 9 : 12
 -- not entered waiting for time--- 9 : 12
 -- not entered waiting for time--- 9 : 12
 -- not entered waiting for time--- 9 : 12
 -- not entered waiting for time--- 9 : 12
 -- not entered waiting for time--- 9 : 12
 -- not entered waiting for time--- 9 : 12
 -- not entered waiting for time--- 9 : 12
 -- not entered waiting for time--- 9 : 12
 -- not entered waiting for time--- 9 : 12
 -- not entered waiting for time--- 9 : 12
 -- not entered waiting for time--- 9 : 12
 -- not entered waiting for time--- 9 : 12
 -- not entered waiting for time--- 9 : 12
 -- not entered waiting for time--- 9 : 12
 -- not entered waiting for time--- 9 : 12
 -- not entered waiting for time--- 9 : 12
 -- not entered waiting for time--- 9 : 12
 -- not entered waiting for time--- 9 : 12
 -- not entered waiting for time--- 9 : 12
 -- not entered waiting for time--- 9 : 12
 -- not entered waiting for time--- 9 : 12
 -- not entered waiting for time--- 9 : 12
 -- not entered waiting for time--- 9 : 12
 -- not entered waiting for time--- 9 : 12
 -- not entered waiting for time--- 9 : 12
 -- not entered waiting for time--- 9 : 12
 -- not entered waiting for time--- 9 : 12
 -- not entered waiting for time--- 9 : 13
 -- not entered waiting for time--- 9 : 13
 -- not entered waiting for time--- 9 : 13
 -- not entered waiting for time--- 9 : 13
 -- not entered waiting for time--- 9 : 13
 -- not entered waiting for time--- 9 : 13
 -- not entered waiting for time--- 9 : 13
 -- not entered waiting for time--- 9 : 13
 -- not entered waiting for time--- 9 : 13
 -- not entered waiting for time--- 9 : 13
 -- not entered waiting for time--- 9 : 13
 -- not entered waiting for time--- 9 : 13
 -- not entered waiting for time--- 9 : 13
 -- not entered waiting for time--- 9 : 13
 -- not entered waiting for time--- 9 : 13
 -- not entered waiting for time--- 9 : 13
 -- not entered waiting for time--- 9 : 13
 -- not entered waiting for time--- 9 : 13
 -- not entered waiting for time--- 9 : 13
 -- not entered waiting for time--- 9 : 13
 -- not entered waiting for time--- 9 : 13
 -- not entered waiting for time--- 9 : 13
 -- not entered waiting for time--- 9 : 13
 -- not entered waiting for time--- 9 : 13
 -- not entered waiting for time--- 9 : 13
 -- not entered waiting for time--- 9 : 13
 -- not entered waiting for time--- 9 : 13
 -- not entered waiting for time--- 9 : 13
 -- not entered waiting for time--- 9 : 13
 -- not entered waiting for time--- 9 : 13
 -- not entered waiting for time--- 9 : 13
 -- not entered waiting for time--- 9 : 13
 -- not entered waiting for time--- 9 : 13
 -- not entered waiting for time--- 9 : 13
 -- not entered waiting for time--- 9 : 13
 -- not entered waiting for time--- 9 : 13
 -- not entered waiting for time--- 9 : 13
 -- not entered waiting for time--- 9 : 13
 -- not entered waiting for time--- 9 : 13
 -- not entered waiting for time--- 9 : 13
 -- not entered waiting for time--- 9 : 13
 -- not entered waiting for time--- 9 : 13
 -- not entered waiting for time--- 9 : 13
 -- not entered waiting for time--- 9 : 13
 -- not entered waiting for time--- 9 : 13
 -- not entered waiting for time--- 9 : 13
 -- not entered waiting for time--- 9 : 13
 -- not entered waiting for time--- 9 : 13
 -- not entered waiting for time--- 9 : 13
 -- not entered waiting for time--- 9 : 13
 -- not entered waiting for time--- 9 : 13
 -- not entered waiting for time--- 9 : 13
 -- not entered waiting for time--- 9 : 13
 -- not entered waiting for time--- 9 : 13
 -- not entered waiting for time--- 9 : 13
 -- not entered waiting for time--- 9 : 13
 -- not entered waiting for time--- 9 : 13
 -- not entered waiting for time--- 9 : 13
 -- not entered waiting for time--- 9 : 13
 -- not entered waiting for time--- 9 : 13
 -- not entered waiting for time--- 9 : 14
 -- not entered waiting for time--- 9 : 14
 -- not entered waiting for time--- 9 : 14
 -- not entered waiting for time--- 9 : 14
 -- not entered waiting for time--- 9 : 14
 -- not entered waiting for time--- 9 : 14
 -- not entered waiting for time--- 9 : 14
 -- not entered waiting for time--- 9 : 14
 -- not entered waiting for time--- 9 : 14
 -- not entered waiting for time--- 9 : 14
 -- not entered waiting for time--- 9 : 14
 -- not entered waiting for time--- 9 : 14
 -- not entered waiting for time--- 9 : 14
 -- not entered waiting for time--- 9 : 14
 -- not entered waiting for time--- 9 : 14
 -- not entered waiting for time--- 9 : 14
 -- not entered waiting for time--- 9 : 14
 -- not entered waiting for time--- 9 : 14
 -- not entered waiting for time--- 9 : 14
 -- not entered waiting for time--- 9 : 14
 -- not entered waiting for time--- 9 : 14
 -- not entered waiting for time--- 9 : 14
 -- not entered waiting for time--- 9 : 14
 -- not entered waiting for time--- 9 : 14
 -- not entered waiting for time--- 9 : 14
 -- not entered waiting for time--- 9 : 14
 -- not entered waiting for time--- 9 : 14
 -- not entered waiting for time--- 9 : 14
 -- not entered waiting for time--- 9 : 14
 -- not entered waiting for time--- 9 : 14
 -- not entered waiting for time--- 9 : 14
 -- not entered waiting for time--- 9 : 14
 -- not entered waiting for time--- 9 : 14
 -- not entered waiting for time--- 9 : 14
 -- not entered waiting for time--- 9 : 14
 -- not entered waiting for time--- 9 : 14
 -- not entered waiting for time--- 9 : 14
 -- not entered waiting for time--- 9 : 14
 -- not entered waiting for time--- 9 : 14
 -- not entered waiting for time--- 9 : 14
 -- not entered waiting for time--- 9 : 14
 -- not entered waiting for time--- 9 : 14
 -- not entered waiting for time--- 9 : 14
 -- not entered waiting for time--- 9 : 14
 -- not entered waiting for time--- 9 : 14
 -- not entered waiting for time--- 9 : 14
 -- not entered waiting for time--- 9 : 14
 -- not entered waiting for time--- 9 : 14
 -- not entered waiting for time--- 9 : 14
 -- not entered waiting for time--- 9 : 14
 -- not entered waiting for time--- 9 : 14
 -- not entered waiting for time--- 9 : 14
 -- not entered waiting for time--- 9 : 14
 -- not entered waiting for time--- 9 : 14
 -- not entered waiting for time--- 9 : 14
 -- not entered waiting for time--- 9 : 14
 -- not entered waiting for time--- 9 : 14
 -- not entered waiting for time--- 9 : 14
 -- not entered waiting for time--- 9 : 14
 -- not entered waiting for time--- 9 : 14
 -- not entered waiting for time--- 9 : 15
 -- not entered waiting for time--- 9 : 15
 -- not entered waiting for time--- 9 : 15
 -- not entered waiting for time--- 9 : 15
 -- not entered waiting for time--- 9 : 15
 -- not entered waiting for time--- 9 : 15
 -- not entered waiting for time--- 9 : 15
 -- not entered waiting for time--- 9 : 15
 -- not entered waiting for time--- 9 : 15
 -- not entered waiting for time--- 9 : 15
 -- not entered waiting for time--- 9 : 15
 -- not entered waiting for time--- 9 : 15
 -- not entered waiting for time--- 9 : 15
 -- not entered waiting for time--- 9 : 15
 -- not entered waiting for time--- 9 : 15
 -- not entered waiting for time--- 9 : 15
 -- not entered waiting for time--- 9 : 15
 -- not entered waiting for time--- 9 : 15
 -- not entered waiting for time--- 9 : 15
 -- not entered waiting for time--- 9 : 15
 -- not entered waiting for time--- 9 : 15
 -- not entered waiting for time--- 9 : 15
 -- not entered waiting for time--- 9 : 15
 -- not entered waiting for time--- 9 : 15
 -- not entered waiting for time--- 9 : 15
 -- not entered waiting for time--- 9 : 15
 -- not entered waiting for time--- 9 : 15
 -- not entered waiting for time--- 9 : 15
 -- not entered waiting for time--- 9 : 15
 -- not entered waiting for time--- 9 : 15
 -- not entered waiting for time--- 9 : 15
 -- not entered waiting for time--- 9 : 15
 -- not entered waiting for time--- 9 : 15
 -- not entered waiting for time--- 9 : 15
 -- not entered waiting for time--- 9 : 15
 -- not entered waiting for time--- 9 : 15
 -- not entered waiting for time--- 9 : 15
 -- not entered waiting for time--- 9 : 15
 -- not entered waiting for time--- 9 : 15
 -- not entered waiting for time--- 9 : 15
 -- not entered waiting for time--- 9 : 15
 -- not entered waiting for time--- 9 : 15
 -- not entered waiting for time--- 9 : 15
 -- not entered waiting for time--- 9 : 15
 -- not entered waiting for time--- 9 : 15
 -- not entered waiting for time--- 9 : 15
 -- not entered waiting for time--- 9 : 15
 -- not entered waiting for time--- 9 : 15
 -- not entered waiting for time--- 9 : 15
 -- not entered waiting for time--- 9 : 15
 -- not entered waiting for time--- 9 : 15
 -- not entered waiting for time--- 9 : 15
 -- not entered waiting for time--- 9 : 15
 -- not entered waiting for time--- 9 : 15
 -- not entered waiting for time--- 9 : 15
 -- not entered waiting for time--- 9 : 15
 -- not entered waiting for time--- 9 : 15
 -- not entered waiting for time--- 9 : 15
 -- not entered waiting for time--- 9 : 15
 -- not entered waiting for time--- 9 : 15
 -- not entered waiting for time--- 9 : 16
 -- not entered waiting for time--- 9 : 16
 -- not entered waiting for time--- 9 : 16
 -- not entered waiting for time--- 9 : 16
 -- not entered waiting for time--- 9 : 16
 -- not entered waiting for time--- 9 : 16
 -- not entered waiting for time--- 9 : 16
 -- not entered waiting for time--- 9 : 16
 -- not entered waiting for time--- 9 : 16
 -- not entered waiting for time--- 9 : 16
 -- not entered waiting for time--- 9 : 16
 -- not entered waiting for time--- 9 : 16
 -- not entered waiting for time--- 9 : 16
 -- not entered waiting for time--- 9 : 16
 -- not entered waiting for time--- 9 : 16
 -- not entered waiting for time--- 9 : 16
 -- not entered waiting for time--- 9 : 16
 -- not entered waiting for time--- 9 : 16
 -- not entered waiting for time--- 9 : 16
 -- not entered waiting for time--- 9 : 16
 -- not entered waiting for time--- 9 : 16
 -- not entered waiting for time--- 9 : 16
 -- not entered waiting for time--- 9 : 16
 -- not entered waiting for time--- 9 : 16
 -- not entered waiting for time--- 9 : 16
 -- not entered waiting for time--- 9 : 16
 -- not entered waiting for time--- 9 : 16
 -- not entered waiting for time--- 9 : 16
 -- not entered waiting for time--- 9 : 16
 -- not entered waiting for time--- 9 : 16
 -- not entered waiting for time--- 9 : 16
 -- not entered waiting for time--- 9 : 16
 -- not entered waiting for time--- 9 : 16
 -- not entered waiting for time--- 9 : 16
 -- not entered waiting for time--- 9 : 16
 -- not entered waiting for time--- 9 : 16
 -- not entered waiting for time--- 9 : 16
 -- not entered waiting for time--- 9 : 16
 -- not entered waiting for time--- 9 : 16
 -- not entered waiting for time--- 9 : 16
 -- not entered waiting for time--- 9 : 16
 -- not entered waiting for time--- 9 : 16
 -- not entered waiting for time--- 9 : 16
 -- not entered waiting for time--- 9 : 16
 -- not entered waiting for time--- 9 : 16
 -- not entered waiting for time--- 9 : 16
 -- not entered waiting for time--- 9 : 16
 -- not entered waiting for time--- 9 : 16
 -- not entered waiting for time--- 9 : 16
 -- not entered waiting for time--- 9 : 16
 -- not entered waiting for time--- 9 : 16
 -- not entered waiting for time--- 9 : 16
 -- not entered waiting for time--- 9 : 16
 -- not entered waiting for time--- 9 : 16
 -- not entered waiting for time--- 9 : 16
 -- not entered waiting for time--- 9 : 16
 -- not entered waiting for time--- 9 : 16
 -- not entered waiting for time--- 9 : 16
 -- not entered waiting for time--- 9 : 16
 -- not entered waiting for time--- 9 : 16
Waiting for first candle to form. Current Second ==  0    2
Waiting for first candle to form. Current Second ==  1    2
Waiting for first candle to form. Current Second ==  2    2
Waiting for first candle to form. Current Second ==  3    2
Waiting for first candle to form. Current Second ==  4    2
Waiting for first candle to form. Current Second ==  5    2
Waiting for first candle to form. Current Second ==  6    2
Waiting for first candle to form. Current Second ==  7    2
Waiting for first candle to form. Current Second ==  8    2
Waiting for first candle to form. Current Second ==  9    2
Waiting for first candle to form. Current Second ==  10    2
Waiting for first candle to form. Current Second ==  11    2
Waiting for first candle to form. Current Second ==  12    2
Waiting for first candle to form. Current Second ==  13    2
Waiting for first candle to form. Current Second ==  14    2
Waiting for first candle to form. Current Second ==  15    2
Waiting for first candle to form. Current Second ==  16    2
Waiting for first candle to form. Current Second ==  17    2
Waiting for first candle to form. Current Second ==  18    2
Waiting for first candle to form. Current Second ==  19    2
Waiting for first candle to form. Current Second ==  20    2
Waiting for first candle to form. Current Second ==  21    2
Waiting for first candle to form. Current Second ==  22    2
Waiting for first candle to form. Current Second ==  23    2
Waiting for first candle to form. Current Second ==  24    2
Waiting for first candle to form. Current Second ==  25    2
Waiting for first candle to form. Current Second ==  26    2
Waiting for first candle to form. Current Second ==  27    2
Waiting for first candle to form. Current Second ==  28    2
Waiting for first candle to form. Current Second ==  29    2
Waiting for first candle to form. Current Second ==  30    2
Waiting for first candle to form. Current Second ==  31    2
Waiting for first candle to form. Current Second ==  32    2
Waiting for first candle to form. Current Second ==  33    2
Waiting for first candle to form. Current Second ==  34    2
Waiting for first candle to form. Current Second ==  35    2
Waiting for first candle to form. Current Second ==  36    2
Waiting for first candle to form. Current Second ==  37    2
Waiting for first candle to form. Current Second ==  38    2
Waiting for first candle to form. Current Second ==  39    2
Waiting for first candle to form. Current Second ==  40    2
Waiting for first candle to form. Current Second ==  41    2
Waiting for first candle to form. Current Second ==  42    2
Waiting for first candle to form. Current Second ==  43    2
Waiting for first candle to form. Current Second ==  44    2
Waiting for first candle to form. Current Second ==  45    2
Waiting for first candle to form. Current Second ==  46    2
Waiting for first candle to form. Current Second ==  47    2
Waiting for first candle to form. Current Second ==  48    2
Waiting for first candle to form. Current Second ==  49    2
Waiting for first candle to form. Current Second ==  50    2
Waiting for first candle to form. Current Second ==  51    2
Waiting for first candle to form. Current Second ==  52    2
Waiting for first candle to form. Current Second ==  53    2
Waiting for first candle to form. Current Second ==  54    2
Waiting for first candle to form. Current Second ==  55    2
/home/ubuntu/trading-bot/Strategy_Jul_2025.py:167: RuntimeWarning: invalid value encountered in scalar divide
  option_type[index1] == 'PE' else round(oich[index2] / oich[index1],
Waiting for first candle to form. Current Second ==  56    2
Waiting for first candle to form. Current Second ==  57    2
Waiting for first candle to form. Current Second ==  58    2
Waiting for first candle to form. Current Second ==  59    2
NSE:NIFTYBANK-INDEX  strikecount= 8   fyers <fyers_apiv3.fyersModel.FyersModel object at 0x74721ede3980>
===
====after 3 min ochain==== 2026-04-01 09:18:00.533631
26APR
                                    oipcr   choipcr
pcr1 =  NSE:BANKNIFTY26APR52500PE   0.82   -9.29 CALL added 210   PUT unwind -1950
pcr2 =  NSE:BANKNIFTY26APR52400PE   0.6   0.0 CALL added 150   PUT unwind 0
pcr3 =  NSE:BANKNIFTY26APR52300PE   1.24   nan CALL unwind 0   PUT unwind 0
pcr4 =  NSE:BANKNIFTY26APR52200PE   0.16   0.0 CALL added 180   PUT unwind 0
pcr5 =  NSE:BANKNIFTY26APR52100PE   0.08   0.0 CALL added 150   PUT unwind 0
pcr6 =  NSE:BANKNIFTY26APR52000PE   1.56    0.15 CALL added 3480   PUT added 510
pcr7 =  NSE:BANKNIFTY26APR51900PE   0.02   0.0 CALL added 90   PUT unwind 0
pcr8 =  NSE:BANKNIFTY26APR51800PE   2.25   1.11 CALL added 270   PUT added 300
pcr9 =  NSE:BANKNIFTY26APR51700PE   0.14   0.54 CALL added 1380   PUT added 750
pcr10 =  NSE:BANKNIFTY26APR51600PE   0.09   0.49 CALL added 1530   PUT added 750
pcr11 =  NSE:BANKNIFTY26APR51500PE   1.11   0.43 CALL added 5040   PUT added 2160
pcr12 =  NSE:BANKNIFTY26APR51400PE   0.79   0.72 CALL added 2340   PUT added 1680
pcr13 =  NSE:BANKNIFTY26APR51300PE   0.81   11.67 CALL added 90   PUT added 1050
pcr14 =  NSE:BANKNIFTY26APR51200PE   0.99   -2.0 CALL unwind -330   PUT added 660
pcr15 =  NSE:BANKNIFTY26APR51100PE   0.94   -0.0 CALL unwind -120   PUT unwind 0
pcr16 =  NSE:BANKNIFTY26APR51000PE   1.29   0.35 CALL added 780   PUT added 270
pcr17 =  NSE:BANKNIFTY26APR50900PE   0.94   -0.0 CALL unwind -360   PUT unwind 0
pcrSummation= 6.65  result =  ['NSE:BANKNIFTY26APR52300PE', 'NSE:BANKNIFTY26APR52200PE', 'NSE:BANKNIFTY26APR52100PE', 'NSE:BANKNIFTY26APR52000PE', 'NSE:BANKNIFTY26APR51900PE', 'NSE:BANKNIFTY26APR51800PE', 'NSE:BANKNIFTY26APR51700PE', 'NSE:BANKNIFTY26APR51600PE', 'NSE:BANKNIFTY26APR51500PE']
PCRSUM== 13.83
pcrSummation== 6.65
VOLPCRSUM== 3.0600000000000005
spotLTP =  51665.25  ATM_STRIKE =  51700
IS_ATM_STRIKE_SHIFT = False  mapStrike = {51700: 51700}
avgOiPcrList2 = [np.float64(0.81)] atmStrikeNotShiftedCount= 1
False   1   1
SUPP_RES=== 52000
CEoich val =  3480.0  PEoich val =  510.0
================================================
IS_CHOI_DIFF_GT_25PERC== True
RSI_VAL1== 86.62
RSI_VAL2== 86.62
newSynthFut =  51900
ATMStrike =  51700
AVG_OIPCR= 0.74
avgoiPCROld=  0.81
SUPP_RES = 52000
FUT LTP = 51947.4
CEchoi  PechOi = 3480.0    510.0
====================================
totalOIPCR = 0.85
AVG_VOLPCR= 0.34
atmPCR= 0.08  belowATM  1.56
atmVolPCR= 0.01  belowATM  0.4
True   51947.4   52000   False   False   86.62
26APR
curr Doji False
Traceback (most recent call last):
  File "/home/ubuntu/trading-bot/Strategy_Jul_2025.py", line 1134, in <module>
    order_id = checkCriteriaAndTakeTrade()
               ^^^^^^^^^^^^^^^^^^^^^^^^^^^
  File "/home/ubuntu/trading-bot/Strategy_Jul_2025.py", line 279, in checkCriteriaAndTakeTrade
    prevPCR = round(prevVolumePE[-3] / prevVolumeCE[-3], 2)
                    ~~~~~~~~~~~~^^^^
IndexError: index -3 is out of bounds for axis 0 with size 0
