26MAY
checkInstrument =  NSE:NIFTYBANK-INDEX
bnExpDate =  26MAY
BNFut (auto) = NSE:BANKNIFTY26MAYFUT
Waiting for first candle to form. Current Second ==  58    2
Waiting for first candle to form. Current Second ==  59    2
India VIX = 19.63  BN Price = 53537.0
VIX_PERCENTILES_FETCHED: P25= 17.8  P50= 18.36  P75= 19.01  Min= 16.45  Max= 19.72
IV Regime = HIGH (ADAPTIVE: P25= 17.8  P50= 18.36  P75= 19.01 ) | DailyRange = 1501.3 | 3minCandleRange = 79.0 (theoretical= 131.7 ) | ATMoptionMove = 35.6 | SL = 117 | Target = 117 | TrailTrigger = 36 | Spread = 400 | Buffer = 63
IV Params refreshed: {'vix': 19.63, 'bn_price': 53537.0, 'regime': 'HIGH', 'regime_thresholds': 'P25=17.8 P50=18.36 P75=19.01', 'daily_range': 1501.3, 'candle_range': 79.0, 'atm_option_move': 35.6, 'sl_point': 117, 'target_point': 117, 'sl_pct_of_premium': 0.1, 'trail_trigger': 36, 'spread_width': 400, 'support_resistance_buffer': 63}
IV_RANK_DATA: VIX_30d_High= 19.72  VIX_30d_Low= 16.45  Current= 19.46  IV_Rank= 0.92
NSE:NIFTYBANK-INDEX  strikecount= 8   fyers <fyers_apiv3.fyersModel.FyersModel object at 0x70928a81e390>
===
====after 3 min ochain==== 2026-05-18 20:48:00.983565
26MAY
                                    oipcr   choipcr
pcr1 =  NSE:BANKNIFTY26MAY54300PE   0.7   0.6 CALL unwind -26190   PUT unwind -15690
pcr2 =  NSE:BANKNIFTY26MAY54200PE   0.64   0.93 CALL unwind -24450   PUT unwind -22830
pcr3 =  NSE:BANKNIFTY26MAY54100PE   0.65   0.68 CALL unwind -22500   PUT unwind -15270
pcr4 =  NSE:BANKNIFTY26MAY54000PE   1.12   2.31 CALL unwind -74760   PUT unwind -172470
pcr5 =  NSE:BANKNIFTY26MAY53900PE   0.93   1.08 CALL unwind -30330   PUT unwind -32760
pcr6 =  NSE:BANKNIFTY26MAY53800PE   1.14    0.86 CALL unwind -29520   PUT unwind -25350
pcr7 =  NSE:BANKNIFTY26MAY53700PE   1.26   3.03 CALL unwind -6780   PUT unwind -20520
pcr8 =  NSE:BANKNIFTY26MAY53600PE   1.29   0.23 CALL added 22980   PUT added 5220
pcr9 =  NSE:BANKNIFTY26MAY53500PE   1.82   0.25 CALL added 118260   PUT added 29910
pcr10 =  NSE:BANKNIFTY26MAY53400PE   2.05   1.86 CALL added 23340   PUT added 43500
pcr11 =  NSE:BANKNIFTY26MAY53300PE   1.46   0.67 CALL added 27930   PUT added 18660
pcr12 =  NSE:BANKNIFTY26MAY53200PE   2.26   1.04 CALL added 30960   PUT added 32250
pcr13 =  NSE:BANKNIFTY26MAY53100PE   2.03   0.92 CALL added 42180   PUT added 38940
pcr14 =  NSE:BANKNIFTY26MAY53000PE   2.15   0.72 CALL added 261000   PUT added 187380
pcr15 =  NSE:BANKNIFTY26MAY52900PE   2.3   1.54 CALL added 32790   PUT added 50640
pcr16 =  NSE:BANKNIFTY26MAY52800PE   2.21   1.2 CALL added 35040   PUT added 41940
pcr17 =  NSE:BANKNIFTY26MAY52700PE   3.92   1.72 CALL added 9900   PUT added 17040
pcrSummation= 11.719999999999999  result =  ['NSE:BANKNIFTY26MAY54100PE', 'NSE:BANKNIFTY26MAY54000PE', 'NSE:BANKNIFTY26MAY53900PE', 'NSE:BANKNIFTY26MAY53800PE', 'NSE:BANKNIFTY26MAY53700PE', 'NSE:BANKNIFTY26MAY53600PE', 'NSE:BANKNIFTY26MAY53500PE', 'NSE:BANKNIFTY26MAY53400PE', 'NSE:BANKNIFTY26MAY53300PE']
PCRSUM== 27.93
pcrSummation== 11.72
VOLPCRSUM== 3.7300000000000004
spotLTP =  53537.0  ATM_STRIKE =  53500
IS_ATM_STRIKE_SHIFT = False  mapStrike = {53500: 53500}
avgOiPcrList2 = [np.float64(1.64)] atmStrikeNotShiftedCount= 1
False   1   1
SUPP_RES=== NOTRADEZONE  Buffer= 63
not found
 Either or both CE PE at suppRes unwinded i.e negative
================================================
IS_CHOI_DIFF_GT_25PERC== False
RSI_VAL1== 58.11
RSI_VAL2== 54.01
FUT_3m_OHLC O= 53698.0  H= 53698.0  L= 53658.2  C= 53670.0  Range= 39.8
CHART_PATTERN_DETECTED: INSIDE_BAR
  PATTERN_CONTEXT: Body= -28.0  Range= 39.8  ExpectedRange= 79.0  RangeRatio= 0.5  O= 53698.0  H= 53698.0  L= 53658.2  C= 53670.0
newSynthFut =  53700
ATMStrike =  53500
AVG_OIPCR= 1.3
avgoiPCROld=  1.64
SUPP_RES = NOTRADEZONE
FUT LTP = 53730.0
CEchoi  PechOi = 0    0
====================================
totalOIPCR = 0.79
AVG_VOLPCR= 0.41
atmPCR= 0.93  belowATM  1.14
atmVolPCR= 0.36  belowATM  0.38
False   53730.0   NOTRADEZONE   False   False   54.01
26MAY
curr Doji False
NSE:BANKNIFTY26MAY53600PE  curr candle vol pcr = 0.68  PE= 7950  CE= 11700      cpr =  1.47
NSE:BANKNIFTY26MAY53600PE  prev candle vol pcr = 0.9  PE= 11160  CE= 12450      cpr =  1.12
ATM_CE_premium= 810.0  ATM_PE_premium= 731.5
CE_PremChg= -12.0  PE_PremChg= 13.6
CandleBody= -28.0  PrevBody= 48.0  CandleRange= 39.8  Bearish
TotalVol= 19650  PrevTotalVol= 23610  VolSpike= 0.83 x 
SCALP_SCORE: NEUTRAL | BullScore= 1  BearScore= 1 | Confidence= LOW
DATAPOINT|20:48|FUT=53670.0|Body=-28.0|PrevBody=48.0|Range=39.8|RangeRatio=0.5|CurrVolPCR=0.68|PrevVolPCR=0.9|CurrCPR=1.47|PrevCPR=1.12|VolSpike=0.83|CE_PremChg=-12.0|PE_PremChg=13.6|BullScore=1|BearScore=1|Dir=NEUTRAL|Conf=LOW
CHART_PATTERN_DETECTED: INSIDE_BAR
  PATTERN_CONTEXT: Body= -28.0  Range= 39.8  ExpectedRange= 79.0  RangeRatio= 0.5  O= 53698.0  H= 53698.0  L= 53658.2  C= 53670.0
NSE:NIFTYBANK-INDEX  strikecount= 3   fyers <fyers_apiv3.fyersModel.FyersModel object at 0x70928a81e390>
======================================
oipcr1 =  NSE:BANKNIFTY26MAY53800PE   1.14
oipcr2 =  NSE:BANKNIFTY26MAY53700PE   1.26
oipcr3 =  NSE:BANKNIFTY26MAY53600PE   1.29
oipcrBull = BullTrade  bulcount= 3  bearcount= 0 oipcrBear= NoEntry
atmpcr5 pcr6= 1.82    2.05
No Entry Yet
End Of the Day
============================================================
DAILY_SUMMARY: Date= 2026-05-18  SpreadType= N/A  DTE= N/A  IVRank= N/A  PremRatio= N/A  SLCount= 0  TargetCount= 0
============================================================
