26APR
checkInstrument =  NSE:NIFTYBANK-INDEX
bnExpDate =  26APR
BNFut (auto) = NSE:BANKNIFTY26APRFUT
Waiting for first candle to form. Current Second ==  54    0
Waiting for first candle to form. Current Second ==  55    0
Waiting for first candle to form. Current Second ==  56    0
Waiting for first candle to form. Current Second ==  57    0
Waiting for first candle to form. Current Second ==  58    0
Waiting for first candle to form. Current Second ==  59    0
Waiting for first candle to form. Current Second ==  0    1
Waiting for first candle to form. Current Second ==  1    1
Waiting for first candle to form. Current Second ==  2    1
Waiting for first candle to form. Current Second ==  3    1
Waiting for first candle to form. Current Second ==  4    1
Waiting for first candle to form. Current Second ==  5    1
Waiting for first candle to form. Current Second ==  6    1
Waiting for first candle to form. Current Second ==  7    1
Waiting for first candle to form. Current Second ==  8    1
Waiting for first candle to form. Current Second ==  9    1
Waiting for first candle to form. Current Second ==  10    1
Waiting for first candle to form. Current Second ==  11    1
Waiting for first candle to form. Current Second ==  12    1
Waiting for first candle to form. Current Second ==  13    1
Waiting for first candle to form. Current Second ==  14    1
Waiting for first candle to form. Current Second ==  15    1
Waiting for first candle to form. Current Second ==  16    1
Waiting for first candle to form. Current Second ==  17    1
Waiting for first candle to form. Current Second ==  18    1
Waiting for first candle to form. Current Second ==  19    1
Waiting for first candle to form. Current Second ==  20    1
Waiting for first candle to form. Current Second ==  21    1
Waiting for first candle to form. Current Second ==  22    1
Waiting for first candle to form. Current Second ==  23    1
Waiting for first candle to form. Current Second ==  24    1
Waiting for first candle to form. Current Second ==  25    1
Waiting for first candle to form. Current Second ==  26    1
Waiting for first candle to form. Current Second ==  27    1
Waiting for first candle to form. Current Second ==  28    1
Waiting for first candle to form. Current Second ==  29    1
Waiting for first candle to form. Current Second ==  30    1
Waiting for first candle to form. Current Second ==  31    1
Waiting for first candle to form. Current Second ==  32    1
Waiting for first candle to form. Current Second ==  33    1
Waiting for first candle to form. Current Second ==  34    1
Waiting for first candle to form. Current Second ==  35    1
Waiting for first candle to form. Current Second ==  36    1
Waiting for first candle to form. Current Second ==  37    1
Waiting for first candle to form. Current Second ==  38    1
Waiting for first candle to form. Current Second ==  39    1
Waiting for first candle to form. Current Second ==  40    1
Waiting for first candle to form. Current Second ==  41    1
Waiting for first candle to form. Current Second ==  42    1
Waiting for first candle to form. Current Second ==  43    1
Waiting for first candle to form. Current Second ==  44    1
Waiting for first candle to form. Current Second ==  45    1
Waiting for first candle to form. Current Second ==  46    1
Waiting for first candle to form. Current Second ==  47    1
Waiting for first candle to form. Current Second ==  48    1
Waiting for first candle to form. Current Second ==  49    1
Waiting for first candle to form. Current Second ==  50    1
Waiting for first candle to form. Current Second ==  51    1
Waiting for first candle to form. Current Second ==  52    1
Waiting for first candle to form. Current Second ==  53    1
Waiting for first candle to form. Current Second ==  54    1
Waiting for first candle to form. Current Second ==  55    1
Waiting for first candle to form. Current Second ==  56    1
Waiting for first candle to form. Current Second ==  57    1
Waiting for first candle to form. Current Second ==  58    1
Waiting for first candle to form. Current Second ==  59    1
Waiting for first candle to form. Current Second ==  0    2
Waiting for first candle to form. Current Second ==  1    2
Waiting for first candle to form. Current Second ==  2    2
Waiting for first candle to form. Current Second ==  3    2
Waiting for first candle to form. Current Second ==  4    2
Waiting for first candle to form. Current Second ==  5    2
Waiting for first candle to form. Current Second ==  6    2
Waiting for first candle to form. Current Second ==  7    2
Waiting for first candle to form. Current Second ==  8    2
Waiting for first candle to form. Current Second ==  9    2
Waiting for first candle to form. Current Second ==  10    2
Waiting for first candle to form. Current Second ==  11    2
Waiting for first candle to form. Current Second ==  12    2
Waiting for first candle to form. Current Second ==  13    2
Waiting for first candle to form. Current Second ==  14    2
Waiting for first candle to form. Current Second ==  15    2
Waiting for first candle to form. Current Second ==  16    2
Waiting for first candle to form. Current Second ==  17    2
Waiting for first candle to form. Current Second ==  18    2
Waiting for first candle to form. Current Second ==  19    2
Waiting for first candle to form. Current Second ==  20    2
Waiting for first candle to form. Current Second ==  21    2
Waiting for first candle to form. Current Second ==  22    2
Waiting for first candle to form. Current Second ==  23    2
Waiting for first candle to form. Current Second ==  24    2
Waiting for first candle to form. Current Second ==  25    2
Waiting for first candle to form. Current Second ==  26    2
Waiting for first candle to form. Current Second ==  27    2
Waiting for first candle to form. Current Second ==  28    2
Waiting for first candle to form. Current Second ==  29    2
Waiting for first candle to form. Current Second ==  30    2
Waiting for first candle to form. Current Second ==  31    2
Waiting for first candle to form. Current Second ==  32    2
Waiting for first candle to form. Current Second ==  33    2
Waiting for first candle to form. Current Second ==  34    2
Waiting for first candle to form. Current Second ==  35    2
Waiting for first candle to form. Current Second ==  36    2
Waiting for first candle to form. Current Second ==  37    2
Waiting for first candle to form. Current Second ==  38    2
Waiting for first candle to form. Current Second ==  39    2
Waiting for first candle to form. Current Second ==  40    2
Waiting for first candle to form. Current Second ==  41    2
Waiting for first candle to form. Current Second ==  42    2
Waiting for first candle to form. Current Second ==  43    2
Waiting for first candle to form. Current Second ==  44    2
Waiting for first candle to form. Current Second ==  45    2
Waiting for first candle to form. Current Second ==  46    2
Waiting for first candle to form. Current Second ==  47    2
Waiting for first candle to form. Current Second ==  48    2
Waiting for first candle to form. Current Second ==  49    2
Waiting for first candle to form. Current Second ==  50    2
Waiting for first candle to form. Current Second ==  51    2
Waiting for first candle to form. Current Second ==  52    2
Waiting for first candle to form. Current Second ==  53    2
Waiting for first candle to form. Current Second ==  54    2
Waiting for first candle to form. Current Second ==  55    2
Waiting for first candle to form. Current Second ==  56    2
Waiting for first candle to form. Current Second ==  57    2
Waiting for first candle to form. Current Second ==  58    2
Waiting for first candle to form. Current Second ==  59    2
India VIX = 18.11  BN Price = 55519.7
IV Regime = ELEVATED | DailyRange = 1436.4 | 3minCandleRange = 126.0 | ATMoptionMove = 56.7 | SL = 125 | Target = 125 | TrailTrigger = 57 | Spread = 400 | HedgeDiv = 2.0
IV Params refreshed: {'vix': 18.11, 'bn_price': 55519.7, 'regime': 'ELEVATED', 'daily_range': 1436.4, 'candle_range': 126.0, 'atm_option_move': 56.7, 'sl_point': 125, 'target_point': 125, 'trail_trigger': 57, 'spread_width': 400, 'hedge_premium_divisor': 2.0, 'support_resistance_buffer': 50}
NSE:NIFTYBANK-INDEX  strikecount= 8   fyers <fyers_apiv3.fyersModel.FyersModel object at 0x727874695070>
===
====after 3 min ochain==== 2026-04-28 14:24:00.930675
26APR
                                    oipcr   choipcr
pcr1 =  NSE:BANKNIFTY26APR56300PE   0.21   -0.26 CALL added 440220   PUT unwind -115680
pcr2 =  NSE:BANKNIFTY26APR56200PE   0.11   -0.12 CALL added 1024920   PUT unwind -120030
pcr3 =  NSE:BANKNIFTY26APR56100PE   0.17   0.02 CALL added 1443300   PUT added 28710
pcr4 =  NSE:BANKNIFTY26APR56000CE   0.34   0.12 CALL added 2467500   PUT added 301500
pcr5 =  NSE:BANKNIFTY26APR55900PE   0.18   0.02 CALL added 1530540   PUT added 29130
pcr6 =  NSE:BANKNIFTY26APR55800PE   0.18    0.08 CALL added 2528730   PUT added 214770
pcr7 =  NSE:BANKNIFTY26APR55700PE   0.17   0.08 CALL added 2630070   PUT added 204270
pcr8 =  NSE:BANKNIFTY26APR55600CE   0.38   0.33 CALL added 2822970   PUT added 926130
pcr9 =  NSE:BANKNIFTY26APR55500PE   1.31   1.11 CALL added 1792500   PUT added 1981410
pcr10 =  NSE:BANKNIFTY26APR55400PE   5.31   5.15 CALL added 432870   PUT added 2230410
pcr11 =  NSE:BANKNIFTY26APR55300PE   10.39   9.57 CALL added 153420   PUT added 1467630
pcr12 =  NSE:BANKNIFTY26APR55200PE   7.43   6.54 CALL added 195930   PUT added 1281990
pcr13 =  NSE:BANKNIFTY26APR55100PE   19.56   31.12 CALL added 18840   PUT added 586290
pcr14 =  NSE:BANKNIFTY26APR55000PE   8.37   -55.22 CALL unwind -21480   PUT added 1186020
pcr15 =  NSE:BANKNIFTY26APR54900CE   23.41   -168.3 CALL unwind -1920   PUT added 323130
pcr16 =  NSE:BANKNIFTY26APR54800CE   21.1   -137.0 CALL unwind -1620   PUT added 221940
pcr17 =  NSE:BANKNIFTY26APR54700CE   18.24   -63.41 CALL unwind -3300   PUT added 209250
pcrSummation= 44.91  result =  ['NSE:BANKNIFTY26APR55900PE', 'NSE:BANKNIFTY26APR55800PE', 'NSE:BANKNIFTY26APR55700PE', 'NSE:BANKNIFTY26APR55600CE', 'NSE:BANKNIFTY26APR55500PE', 'NSE:BANKNIFTY26APR55400PE', 'NSE:BANKNIFTY26APR55300PE', 'NSE:BANKNIFTY26APR55200PE', 'NSE:BANKNIFTY26APR55100PE']
PCRSUM== 116.86
pcrSummation== 44.91
VOLPCRSUM== 9.6
spotLTP =  55523.55  ATM_STRIKE =  55500
IS_ATM_STRIKE_SHIFT = False  mapStrike = {55500: 55500}
avgOiPcrList2 = [np.float64(6.87)] atmStrikeNotShiftedCount= 1
False   1   1
SUPP_RES=== 55500  Buffer= 50
CEoich val =  1792500.0  PEoich val =  1981410.0
================================================
IS_CHOI_DIFF_GT_25PERC== False
RSI_VAL1== 41.0
RSI_VAL2== 41.0
FUT_3m_OHLC O= 55500.0  H= 55545.0  L= 55500.0  C= 55520.0  Range= 45.0
newSynthFut =  55500
ATMStrike =  55500
AVG_OIPCR= 4.99
avgoiPCROld=  6.87
SUPP_RES = 55500
FUT LTP = 55520.0
CEchoi  PechOi = 1792500.0    1981410.0
====================================
totalOIPCR = 0.71
AVG_VOLPCR= 1.07
atmPCR= 0.18  belowATM  0.18
atmVolPCR= 0.64  belowATM  0.66
False   55520.0   55500   False   False   41.0
26APR
curr Doji False
NSE:BANKNIFTY26APR55500PE  curr candle vol pcr = 1.07  PE= 1992930  CE= 1870890      cpr =  0.94
NSE:BANKNIFTY26APR55400PE  prev candle vol pcr = 5.62  PE= 3264570  CE= 581190      cpr =  0.18
ATM_CE_premium= 81.15  ATM_PE_premium= 60.95
CandleBody= 20.0  PrevBody= 25.8  CandleRange= 45.0  Bullish
TotalVol= 3863820  PrevTotalVol= 3845760  VolSpike= 1.0 x 
NSE:NIFTYBANK-INDEX  strikecount= 3   fyers <fyers_apiv3.fyersModel.FyersModel object at 0x727874695070>
======================================
oipcr1 =  NSE:BANKNIFTY26APR55800PE   0.18
oipcr2 =  NSE:BANKNIFTY26APR55700PE   0.17
oipcr3 =  NSE:BANKNIFTY26APR55600CE   0.38
oipcrBull = NoEntry  bulcount= 0  bearcount= 3 oipcrBear= BearTrade
atmpcr5 pcr6= 1.31    5.31
No Entry Yet
India VIX = 18.11  BN Price = 55489.25
IV Regime = ELEVATED | DailyRange = 1435.6 | 3minCandleRange = 125.9 | ATMoptionMove = 56.7 | SL = 125 | Target = 125 | TrailTrigger = 57 | Spread = 400 | HedgeDiv = 2.0
IV Params refreshed: {'vix': 18.11, 'bn_price': 55489.25, 'regime': 'ELEVATED', 'daily_range': 1435.6, 'candle_range': 125.9, 'atm_option_move': 56.7, 'sl_point': 125, 'target_point': 125, 'trail_trigger': 57, 'spread_width': 400, 'hedge_premium_divisor': 2.0, 'support_resistance_buffer': 50}
NSE:NIFTYBANK-INDEX  strikecount= 8   fyers <fyers_apiv3.fyersModel.FyersModel object at 0x727874695070>
===
====after 3 min ochain==== 2026-04-28 14:27:00.000005
26APR
                                    oipcr   choipcr
pcr1 =  NSE:BANKNIFTY26APR56300PE   0.21   -0.26 CALL added 438420   PUT unwind -115680
pcr2 =  NSE:BANKNIFTY26APR56200PE   0.11   -0.12 CALL added 1007970   PUT unwind -120540
pcr3 =  NSE:BANKNIFTY26APR56100PE   0.18   0.02 CALL added 1428180   PUT added 28470
pcr4 =  NSE:BANKNIFTY26APR56000CE   0.34   0.12 CALL added 2439210   PUT added 299430
pcr5 =  NSE:BANKNIFTY26APR55900PE   0.16   0.01 CALL added 1652040   PUT added 23340
pcr6 =  NSE:BANKNIFTY26APR55800PE   0.19    0.09 CALL added 2369580   PUT added 216150
pcr7 =  NSE:BANKNIFTY26APR55700PE   0.16   0.06 CALL added 2624400   PUT added 168420
pcr8 =  NSE:BANKNIFTY26APR55600CE   0.34   0.29 CALL added 2886930   PUT added 828990
pcr9 =  NSE:BANKNIFTY26APR55500PE   1.29   1.08 CALL added 1842120   PUT added 1995810
pcr10 =  NSE:BANKNIFTY26APR55400PE   5.57   5.43 CALL added 439080   PUT added 2382810
pcr11 =  NSE:BANKNIFTY26APR55300PE   10.2   9.37 CALL added 157740   PUT added 1478700
pcr12 =  NSE:BANKNIFTY26APR55200PE   7.57   6.69 CALL added 192540   PUT added 1287240
pcr13 =  NSE:BANKNIFTY26APR55100PE   20.31   33.11 CALL added 17970   PUT added 594960
pcr14 =  NSE:BANKNIFTY26APR55000PE   8.26   -59.39 CALL unwind -19770   PUT added 1174050
pcr15 =  NSE:BANKNIFTY26APR54900CE   22.66   -183.58 CALL unwind -1710   PUT added 313920
pcr16 =  NSE:BANKNIFTY26APR54800CE   22.55   -131.18 CALL unwind -1860   PUT added 243990
pcr17 =  NSE:BANKNIFTY26APR54700CE   18.04   -63.73 CALL unwind -3240   PUT added 206490
pcrSummation= 45.79  result =  ['NSE:BANKNIFTY26APR55900PE', 'NSE:BANKNIFTY26APR55800PE', 'NSE:BANKNIFTY26APR55700PE', 'NSE:BANKNIFTY26APR55600CE', 'NSE:BANKNIFTY26APR55500PE', 'NSE:BANKNIFTY26APR55400PE', 'NSE:BANKNIFTY26APR55300PE', 'NSE:BANKNIFTY26APR55200PE', 'NSE:BANKNIFTY26APR55100PE']
PCRSUM== 118.14
pcrSummation== 45.79
VOLPCRSUM== 9.26
spotLTP =  55491.45  ATM_STRIKE =  55500
check containskey22
IS_ATM_STRIKE_SHIFT = False  mapStrike = {55500: 55500}
avgOiPcrList2 = [np.float64(6.87), np.float64(6.95)] atmStrikeNotShiftedCount= 2
False   2   2
SUPP_RES=== 55500  Buffer= 50
CEoich val =  1842120.0  PEoich val =  1995810.0
================================================
IS_CHOI_DIFF_GT_25PERC== False
RSI_VAL1== 38.72
RSI_VAL2== 38.72
FUT_3m_OHLC O= 55530.0  H= 55555.0  L= 55499.0  C= 55499.0  Range= 56.0
newSynthFut =  55500
ATMStrike =  55500
AVG_OIPCR= 5.09
avgoiPCROld=  6.95
SUPP_RES = 55500
FUT LTP = 55499.0
CEchoi  PechOi = 1842120.0    1995810.0
====================================
totalOIPCR = 0.71
AVG_VOLPCR= 1.03
atmPCR= 0.16  belowATM  0.19
atmVolPCR= 0.63  belowATM  0.65
False   55499.0   55500   False   False   38.72
26APR
curr Doji False
NSE:BANKNIFTY26APR55500PE  curr candle vol pcr = 1.44  PE= 3103290  CE= 2148540      cpr =  0.69
NSE:BANKNIFTY26APR55500PE  prev candle vol pcr = 1.07  PE= 1992930  CE= 1870890      cpr =  0.94
ATM_CE_premium= 71.4  ATM_PE_premium= 68.9
CandleBody= -31.0  PrevBody= 20.0  CandleRange= 56.0  Bearish
TotalVol= 5251830  PrevTotalVol= 3863820  VolSpike= 1.36 x 
NSE:NIFTYBANK-INDEX  strikecount= 3   fyers <fyers_apiv3.fyersModel.FyersModel object at 0x727874695070>
======================================
oipcr1 =  NSE:BANKNIFTY26APR55800PE   0.19
oipcr2 =  NSE:BANKNIFTY26APR55700PE   0.16
oipcr3 =  NSE:BANKNIFTY26APR55600CE   0.34
oipcrBull = NoEntry  bulcount= 0  bearcount= 3 oipcrBear= BearTrade
atmpcr5 pcr6= 1.29    5.57
No Entry Yet
India VIX = 18.12  BN Price = 55473.35
IV Regime = ELEVATED | DailyRange = 1436.0 | 3minCandleRange = 125.9 | ATMoptionMove = 56.7 | SL = 125 | Target = 125 | TrailTrigger = 57 | Spread = 400 | HedgeDiv = 2.0
IV Params refreshed: {'vix': 18.12, 'bn_price': 55473.35, 'regime': 'ELEVATED', 'daily_range': 1436.0, 'candle_range': 125.9, 'atm_option_move': 56.7, 'sl_point': 125, 'target_point': 125, 'trail_trigger': 57, 'spread_width': 400, 'hedge_premium_divisor': 2.0, 'support_resistance_buffer': 50}
NSE:NIFTYBANK-INDEX  strikecount= 8   fyers <fyers_apiv3.fyersModel.FyersModel object at 0x727874695070>
===
====after 3 min ochain==== 2026-04-28 14:30:00.000005
26APR
                                    oipcr   choipcr
pcr1 =  NSE:BANKNIFTY26APR56300PE   0.21   -0.26 CALL added 438420   PUT unwind -115770
pcr2 =  NSE:BANKNIFTY26APR56200PE   0.11   -0.12 CALL added 1008000   PUT unwind -120960
pcr3 =  NSE:BANKNIFTY26APR56100PE   0.18   0.02 CALL added 1395150   PUT added 28140
pcr4 =  NSE:BANKNIFTY26APR56000CE   0.34   0.12 CALL added 2402310   PUT added 295530
pcr5 =  NSE:BANKNIFTY26APR55900PE   0.19   0.02 CALL added 1400670   PUT added 22980
pcr6 =  NSE:BANKNIFTY26APR55800PE   0.19    0.09 CALL added 2363160   PUT added 210270
pcr7 =  NSE:BANKNIFTY26APR55700PE   0.15   0.06 CALL added 2666700   PUT added 165750
pcr8 =  NSE:BANKNIFTY26APR55600CE   0.32   0.27 CALL added 2865330   PUT added 771660
pcr9 =  NSE:BANKNIFTY26APR55500PE   1.12   0.93 CALL added 2113560   PUT added 1968000
pcr10 =  NSE:BANKNIFTY26APR55400PE   4.73   4.58 CALL added 528930   PUT added 2424120
pcr11 =  NSE:BANKNIFTY26APR55300PE   9.14   8.34 CALL added 180240   PUT added 1504080
pcr12 =  NSE:BANKNIFTY26APR55200PE   6.99   6.1 CALL added 205500   PUT added 1253370
pcr13 =  NSE:BANKNIFTY26APR55100PE   20.18   32.86 CALL added 17970   PUT added 590430
pcr14 =  NSE:BANKNIFTY26APR55000PE   8.11   -72.73 CALL unwind -16050   PUT added 1167330
pcr15 =  NSE:BANKNIFTY26APR54900CE   22.91   -186.26 CALL unwind -1710   PUT added 318510
pcr16 =  NSE:BANKNIFTY26APR54800CE   22.04   -147.96 CALL unwind -1620   PUT added 239700
pcr17 =  NSE:BANKNIFTY26APR54700CE   17.99   -64.93 CALL unwind -3180   PUT added 206490
pcrSummation= 43.010000000000005  result =  ['NSE:BANKNIFTY26APR55900PE', 'NSE:BANKNIFTY26APR55800PE', 'NSE:BANKNIFTY26APR55700PE', 'NSE:BANKNIFTY26APR55600CE', 'NSE:BANKNIFTY26APR55500PE', 'NSE:BANKNIFTY26APR55400PE', 'NSE:BANKNIFTY26APR55300PE', 'NSE:BANKNIFTY26APR55200PE', 'NSE:BANKNIFTY26APR55100PE']
PCRSUM== 114.9
pcrSummation== 43.01
VOLPCRSUM== 8.99
spotLTP =  55476.7  ATM_STRIKE =  55500
check containskey22
IS_ATM_STRIKE_SHIFT = False  mapStrike = {55500: 55500}
avgOiPcrList2 = [np.float64(6.87), np.float64(6.95), np.float64(6.76)] atmStrikeNotShiftedCount= 3
False   3   3
SUPP_RES=== 55500  Buffer= 50
CEoich val =  2113560.0  PEoich val =  1968000.0
================================================
IS_CHOI_DIFF_GT_25PERC== False
RSI_VAL1== 37.65
RSI_VAL2== 37.65
FUT_3m_OHLC O= 55499.0  H= 55506.0  L= 55479.0  C= 55489.0  Range= 27.0
recent two = [np.float64(6.95), np.float64(6.76)]
newSynthFut =  55500
ATMStrike =  55500
AVG_OIPCR= 4.78
avgoiPCROld=  6.76
SUPP_RES = 55500
FUT LTP = 55489.0
CEchoi  PechOi = 2113560.0    1968000.0
====================================
totalOIPCR = 0.71
AVG_VOLPCR= 1.0
atmPCR= 0.19  belowATM  0.19
atmVolPCR= 0.62  belowATM  0.64
False   55489.0   55500   False   False   37.65
26APR
curr Doji False
NSE:BANKNIFTY26APR55400PE  curr candle vol pcr = 5.84  PE= 3086310  CE= 528240      cpr =  0.17
NSE:BANKNIFTY26APR55500PE  prev candle vol pcr = 1.44  PE= 3103290  CE= 2148540      cpr =  0.69
ATM_CE_premium= 118.75  ATM_PE_premium= 33.65
CandleBody= -10.0  PrevBody= -31.0  CandleRange= 27.0  Bearish
TotalVol= 3614550  PrevTotalVol= 5251830  VolSpike= 0.69 x 
NSE:NIFTYBANK-INDEX  strikecount= 3   fyers <fyers_apiv3.fyersModel.FyersModel object at 0x727874695070>
======================================
oipcr1 =  NSE:BANKNIFTY26APR55800PE   0.19
oipcr2 =  NSE:BANKNIFTY26APR55700PE   0.15
oipcr3 =  NSE:BANKNIFTY26APR55600CE   0.32
oipcrBull = NoEntry  bulcount= 0  bearcount= 3 oipcrBear= BearTrade
atmpcr5 pcr6= 1.12    4.73
No Entry Yet
India VIX = 17.98  BN Price = 55561.35
IV Regime = ELEVATED | DailyRange = 1427.1 | 3minCandleRange = 125.2 | ATMoptionMove = 56.3 | SL = 124 | Target = 124 | TrailTrigger = 56 | Spread = 400 | HedgeDiv = 2.0
IV Params refreshed: {'vix': 17.98, 'bn_price': 55561.35, 'regime': 'ELEVATED', 'daily_range': 1427.1, 'candle_range': 125.2, 'atm_option_move': 56.3, 'sl_point': 124, 'target_point': 124, 'trail_trigger': 56, 'spread_width': 400, 'hedge_premium_divisor': 2.0, 'support_resistance_buffer': 50}
NSE:NIFTYBANK-INDEX  strikecount= 8   fyers <fyers_apiv3.fyersModel.FyersModel object at 0x727874695070>
===
====after 3 min ochain==== 2026-04-28 14:33:00.000005
26APR
                                    oipcr   choipcr
pcr1 =  NSE:BANKNIFTY26APR56400PE   0.25   -0.21 CALL added 306780   PUT unwind -64860
pcr2 =  NSE:BANKNIFTY26APR56300PE   0.22   -0.28 CALL added 412860   PUT unwind -116310
pcr3 =  NSE:BANKNIFTY26APR56200PE   0.11   -0.12 CALL added 1008000   PUT unwind -120960
pcr4 =  NSE:BANKNIFTY26APR56100PE   0.18   0.02 CALL added 1407960   PUT added 28170
pcr5 =  NSE:BANKNIFTY26APR56000CE   0.31   0.1 CALL added 2546760   PUT added 256110
pcr6 =  NSE:BANKNIFTY26APR55900PE   0.19    0.02 CALL added 1400670   PUT added 22980
pcr7 =  NSE:BANKNIFTY26APR55800PE   0.19   0.09 CALL added 2363160   PUT added 210270
pcr8 =  NSE:BANKNIFTY26APR55700PE   0.19   0.1 CALL added 2614080   PUT added 258960
pcr9 =  NSE:BANKNIFTY26APR55600CE   0.48   0.42 CALL added 2680950   PUT added 1127130
pcr10 =  NSE:BANKNIFTY26APR55500PE   1.12   0.93 CALL added 2113560   PUT added 1968000
pcr11 =  NSE:BANKNIFTY26APR55400PE   4.73   4.58 CALL added 528930   PUT added 2424120
pcr12 =  NSE:BANKNIFTY26APR55300PE   11.32   10.5 CALL added 140430   PUT added 1474890
pcr13 =  NSE:BANKNIFTY26APR55200PE   5.57   4.47 CALL added 190620   PUT added 852090
pcr14 =  NSE:BANKNIFTY26APR55100PE   19.99   32.26 CALL added 18300   PUT added 590430
pcr15 =  NSE:BANKNIFTY26APR55000PE   8.45   -44.93 CALL unwind -25980   PUT added 1167330
pcr16 =  NSE:BANKNIFTY26APR54900CE   21.04   -153.34 CALL unwind -1830   PUT added 280620
pcr17 =  NSE:BANKNIFTY26APR54800CE   20.75   -132.89 CALL unwind -1620   PUT added 215280
pcrSummation= 24.1  result =  ['NSE:BANKNIFTY26APR56000CE', 'NSE:BANKNIFTY26APR55900PE', 'NSE:BANKNIFTY26APR55800PE', 'NSE:BANKNIFTY26APR55700PE', 'NSE:BANKNIFTY26APR55600CE', 'NSE:BANKNIFTY26APR55500PE', 'NSE:BANKNIFTY26APR55400PE', 'NSE:BANKNIFTY26APR55300PE', 'NSE:BANKNIFTY26APR55200PE']
PCRSUM== 95.09
pcrSummation== 24.1
VOLPCRSUM== 4.93
spotLTP =  55563.85  ATM_STRIKE =  55600
check containskey22
IS_ATM_STRIKE_SHIFT = True  mapStrike = {55600: 55600}
avgOiPcrList2 = [np.float64(5.59)] atmStrikeNotShiftedCount= 1
True   1   1
SUPP_RES=== 55500  Buffer= 50
CEoich val =  2113560.0  PEoich val =  1968000.0
================================================
IS_CHOI_DIFF_GT_25PERC== False
RSI_VAL1== 52.46
RSI_VAL2== 52.46
FUT_3m_OHLC O= 55509.4  H= 55599.0  L= 55497.4  C= 55593.4  Range= 101.6
newSynthFut =  55600
ATMStrike =  55600
AVG_OIPCR= 2.68
avgoiPCROld=  5.59
SUPP_RES = 55500
FUT LTP = 55593.4
CEchoi  PechOi = 2113560.0    1968000.0
====================================
totalOIPCR = 0.71
AVG_VOLPCR= 0.55
atmPCR= 0.31  belowATM  0.19
atmVolPCR= 0.53  belowATM  0.6
False   55593.4   55500   False   False   52.46
26APR
curr Doji False
NSE:BANKNIFTY26APR55500PE  curr candle vol pcr = 1.48  PE= 5065710  CE= 3432960      cpr =  0.68
NSE:BANKNIFTY26APR55400PE  prev candle vol pcr = 5.84  PE= 3086310  CE= 528240      cpr =  0.17
ATM_CE_premium= 107.4  ATM_PE_premium= 34.5
CandleBody= 84.0  PrevBody= -10.0  CandleRange= 101.6  Bullish
TotalVol= 8498670  PrevTotalVol= 3614550  VolSpike= 2.35 x  SPIKE!
NSE:NIFTYBANK-INDEX  strikecount= 3   fyers <fyers_apiv3.fyersModel.FyersModel object at 0x727874695070>
======================================
oipcr1 =  NSE:BANKNIFTY26APR55900PE   0.19
oipcr2 =  NSE:BANKNIFTY26APR55800PE   0.18
oipcr3 =  NSE:BANKNIFTY26APR55700PE   0.19
oipcrBull = NoEntry  bulcount= 0  bearcount= 3 oipcrBear= BearTrade
atmpcr5 pcr6= 0.48    1.8
No Entry Yet
India VIX = 17.97  BN Price = 55541.5
IV Regime = ELEVATED | DailyRange = 1425.8 | 3minCandleRange = 125.1 | ATMoptionMove = 56.3 | SL = 124 | Target = 124 | TrailTrigger = 56 | Spread = 400 | HedgeDiv = 2.0
IV Params refreshed: {'vix': 17.97, 'bn_price': 55541.5, 'regime': 'ELEVATED', 'daily_range': 1425.8, 'candle_range': 125.1, 'atm_option_move': 56.3, 'sl_point': 124, 'target_point': 124, 'trail_trigger': 56, 'spread_width': 400, 'hedge_premium_divisor': 2.0, 'support_resistance_buffer': 50}
NSE:NIFTYBANK-INDEX  strikecount= 8   fyers <fyers_apiv3.fyersModel.FyersModel object at 0x727874695070>
===
====after 3 min ochain==== 2026-04-28 14:36:00.000002
26APR
                                    oipcr   choipcr
pcr1 =  NSE:BANKNIFTY26APR56300PE   0.22   -0.28 CALL added 413610   PUT unwind -116700
pcr2 =  NSE:BANKNIFTY26APR56200PE   0.11   -0.12 CALL added 1004640   PUT unwind -120840
pcr3 =  NSE:BANKNIFTY26APR56100PE   0.18   0.02 CALL added 1407960   PUT added 28170
pcr4 =  NSE:BANKNIFTY26APR56000CE   0.31   0.1 CALL added 2538690   PUT added 256110
pcr5 =  NSE:BANKNIFTY26APR55900PE   0.19   0.02 CALL added 1478970   PUT added 26670
pcr6 =  NSE:BANKNIFTY26APR55800PE   0.18    0.09 CALL added 2452020   PUT added 212730
pcr7 =  NSE:BANKNIFTY26APR55700PE   0.19   0.1 CALL added 2614080   PUT added 258960
pcr8 =  NSE:BANKNIFTY26APR55600CE   0.43   0.37 CALL added 2797200   PUT added 1041060
pcr9 =  NSE:BANKNIFTY26APR55500PE   1.8   1.59 CALL added 1461360   PUT added 2318340
pcr10 =  NSE:BANKNIFTY26APR55400PE   7.05   6.96 CALL added 368310   PUT added 2564190
pcr11 =  NSE:BANKNIFTY26APR55300PE   11.32   10.5 CALL added 140430   PUT added 1474890
pcr12 =  NSE:BANKNIFTY26APR55200PE   5.32   4.17 CALL added 186600   PUT added 778200
pcr13 =  NSE:BANKNIFTY26APR55100PE   19.19   31.73 CALL added 16860   PUT added 535020
pcr14 =  NSE:BANKNIFTY26APR55000PE   8.06   -41.43 CALL unwind -25980   PUT added 1076250
pcr15 =  NSE:BANKNIFTY26APR54900CE   21.04   -153.34 CALL unwind -1830   PUT added 280620
pcr16 =  NSE:BANKNIFTY26APR54800CE   19.96   -111.51 CALL unwind -1770   PUT added 197370
pcr17 =  NSE:BANKNIFTY26APR54700CE   17.93   -60.15 CALL unwind -3360   PUT added 202110
pcrSummation= 26.79  result =  ['NSE:BANKNIFTY26APR56000CE', 'NSE:BANKNIFTY26APR55900PE', 'NSE:BANKNIFTY26APR55800PE', 'NSE:BANKNIFTY26APR55700PE', 'NSE:BANKNIFTY26APR55600CE', 'NSE:BANKNIFTY26APR55500PE', 'NSE:BANKNIFTY26APR55400PE', 'NSE:BANKNIFTY26APR55300PE', 'NSE:BANKNIFTY26APR55200PE']
PCRSUM== 113.48
pcrSummation== 26.79
VOLPCRSUM== 8.33
spotLTP =  55542.55  ATM_STRIKE =  55500
check containskey22
IS_ATM_STRIKE_SHIFT = True  mapStrike = {55500: 55500}
avgOiPcrList2 = [np.float64(6.68)] atmStrikeNotShiftedCount= 1
True   1   1
SUPP_RES=== 55500  Buffer= 50
CEoich val =  1461360.0  PEoich val =  2318340.0
================================================
IS_CHOI_DIFF_GT_25PERC== True
RSI_VAL1== 49.45
RSI_VAL2== 49.45
FUT_3m_OHLC O= 55590.0  H= 55590.0  L= 55528.0  C= 55568.6  Range= 62.0
newSynthFut =  55600
ATMStrike =  55500
AVG_OIPCR= 2.98
avgoiPCROld=  6.68
SUPP_RES = 55500
FUT LTP = 55568.6
CEchoi  PechOi = 1461360.0    2318340.0
====================================
totalOIPCR = 0.73
AVG_VOLPCR= 0.93
atmPCR= 0.19  belowATM  0.18
atmVolPCR= 0.59  belowATM  0.6
True   55568.6   55500   False   False   49.45
26APR
curr Doji False
NSE:BANKNIFTY26APR55500PE  curr candle vol pcr = 2.08  PE= 3999990  CE= 1926270      cpr =  0.48
NSE:BANKNIFTY26APR55500PE  prev candle vol pcr = 1.48  PE= 5065710  CE= 3432960      cpr =  0.68
ATM_CE_premium= 88.05  ATM_PE_premium= 38.0
CandleBody= -21.4  PrevBody= 84.0  CandleRange= 62.0  Bearish
TotalVol= 5926260  PrevTotalVol= 8498670  VolSpike= 0.7 x 
NSE:NIFTYBANK-INDEX  strikecount= 3   fyers <fyers_apiv3.fyersModel.FyersModel object at 0x727874695070>
======================================
oipcr1 =  NSE:BANKNIFTY26APR55800PE   0.18
oipcr2 =  NSE:BANKNIFTY26APR55700PE   0.16
oipcr3 =  NSE:BANKNIFTY26APR55600CE   0.43
oipcrBull = NoEntry  bulcount= 0  bearcount= 3 oipcrBear= BearTrade
atmpcr5 pcr6= 1.8    6.55
No Entry Yet
India VIX = 17.97  BN Price = 55541.8
IV Regime = ELEVATED | DailyRange = 1425.8 | 3minCandleRange = 125.1 | ATMoptionMove = 56.3 | SL = 124 | Target = 124 | TrailTrigger = 56 | Spread = 400 | HedgeDiv = 2.0
IV Params refreshed: {'vix': 17.97, 'bn_price': 55541.8, 'regime': 'ELEVATED', 'daily_range': 1425.8, 'candle_range': 125.1, 'atm_option_move': 56.3, 'sl_point': 124, 'target_point': 124, 'trail_trigger': 56, 'spread_width': 400, 'hedge_premium_divisor': 2.0, 'support_resistance_buffer': 50}
NSE:NIFTYBANK-INDEX  strikecount= 8   fyers <fyers_apiv3.fyersModel.FyersModel object at 0x727874695070>
===
====after 3 min ochain==== 2026-04-28 14:39:00.000003
26APR
                                    oipcr   choipcr
pcr1 =  NSE:BANKNIFTY26APR56300PE   0.22   -0.28 CALL added 410880   PUT unwind -117090
pcr2 =  NSE:BANKNIFTY26APR56200PE   0.12   -0.12 CALL added 986160   PUT unwind -120930
pcr3 =  NSE:BANKNIFTY26APR56100PE   0.18   0.02 CALL added 1390320   PUT added 28560
pcr4 =  NSE:BANKNIFTY26APR56000CE   0.32   0.1 CALL added 2538690   PUT added 260430
pcr5 =  NSE:BANKNIFTY26APR55900PE   0.18   0.02 CALL added 1529820   PUT added 24930
pcr6 =  NSE:BANKNIFTY26APR55800PE   0.18    0.08 CALL added 2470110   PUT added 201660
pcr7 =  NSE:BANKNIFTY26APR55700PE   0.16   0.07 CALL added 2576610   PUT added 184200
pcr8 =  NSE:BANKNIFTY26APR55600CE   0.43   0.37 CALL added 2797200   PUT added 1041060
pcr9 =  NSE:BANKNIFTY26APR55500PE   1.87   1.66 CALL added 1467690   PUT added 2440650
pcr10 =  NSE:BANKNIFTY26APR55400PE   6.55   6.44 CALL added 385320   PUT added 2482530
pcr11 =  NSE:BANKNIFTY26APR55300PE   12.05   11.3 CALL added 140160   PUT added 1583730
pcr12 =  NSE:BANKNIFTY26APR55200PE   5.32   4.17 CALL added 186600   PUT added 778200
pcr13 =  NSE:BANKNIFTY26APR55100PE   18.94   31.34 CALL added 16740   PUT added 524670
pcr14 =  NSE:BANKNIFTY26APR55000PE   7.78   -40.22 CALL unwind -25290   PUT added 1017060
pcr15 =  NSE:BANKNIFTY26APR54900CE   20.41   -144.16 CALL unwind -1860   PUT added 268140
pcr16 =  NSE:BANKNIFTY26APR54800CE   19.96   -111.51 CALL unwind -1770   PUT added 197370
pcr17 =  NSE:BANKNIFTY26APR54700CE   17.43   -53.42 CALL unwind -3540   PUT added 189120
pcrSummation= 45.68000000000001  result =  ['NSE:BANKNIFTY26APR55900PE', 'NSE:BANKNIFTY26APR55800PE', 'NSE:BANKNIFTY26APR55700PE', 'NSE:BANKNIFTY26APR55600CE', 'NSE:BANKNIFTY26APR55500PE', 'NSE:BANKNIFTY26APR55400PE', 'NSE:BANKNIFTY26APR55300PE', 'NSE:BANKNIFTY26APR55200PE', 'NSE:BANKNIFTY26APR55100PE']
PCRSUM== 112.1
pcrSummation== 45.68
VOLPCRSUM== 8.15
spotLTP =  55540.15  ATM_STRIKE =  55500
check containskey22
IS_ATM_STRIKE_SHIFT = False  mapStrike = {55500: 55500}
avgOiPcrList2 = [np.float64(6.68), np.float64(6.59)] atmStrikeNotShiftedCount= 2
False   2   2
SUPP_RES=== 55500  Buffer= 50
CEoich val =  1467690.0  PEoich val =  2440650.0
================================================
IS_CHOI_DIFF_GT_25PERC== True
RSI_VAL1== 46.38
RSI_VAL2== 46.38
FUT_3m_OHLC O= 55568.6  H= 55590.0  L= 55540.2  C= 55542.0  Range= 49.8
newSynthFut =  55500
ATMStrike =  55500
AVG_OIPCR= 5.08
avgoiPCROld=  6.59
SUPP_RES = 55500
FUT LTP = 55542.0
CEchoi  PechOi = 1467690.0    2440650.0
====================================
totalOIPCR = 0.73
AVG_VOLPCR= 0.91
atmPCR= 0.18  belowATM  0.18
atmVolPCR= 0.58  belowATM  0.59
True   55542.0   55500   False   False   46.38
26APR
curr Doji False
NSE:BANKNIFTY26APR55500PE  curr candle vol pcr = 1.9  PE= 2867430  CE= 1509270      cpr =  0.53
NSE:BANKNIFTY26APR55500PE  prev candle vol pcr = 2.08  PE= 3999990  CE= 1926270      cpr =  0.48
ATM_CE_premium= 84.5  ATM_PE_premium= 40.2
CandleBody= -26.6  PrevBody= -21.4  CandleRange= 49.8  Bearish
TotalVol= 4376700  PrevTotalVol= 5926260  VolSpike= 0.74 x 
NSE:NIFTYBANK-INDEX  strikecount= 3   fyers <fyers_apiv3.fyersModel.FyersModel object at 0x727874695070>
======================================
oipcr1 =  NSE:BANKNIFTY26APR55800PE   0.17
oipcr2 =  NSE:BANKNIFTY26APR55700PE   0.16
oipcr3 =  NSE:BANKNIFTY26APR55600CE   0.42
oipcrBull = NoEntry  bulcount= 0  bearcount= 3 oipcrBear= BearTrade
atmpcr5 pcr6= 1.87    7.0
No Entry Yet
India VIX = 17.96  BN Price = 55543.65
IV Regime = ELEVATED | DailyRange = 1425.1 | 3minCandleRange = 125.0 | ATMoptionMove = 56.2 | SL = 124 | Target = 124 | TrailTrigger = 56 | Spread = 400 | HedgeDiv = 2.0
IV Params refreshed: {'vix': 17.96, 'bn_price': 55543.65, 'regime': 'ELEVATED', 'daily_range': 1425.1, 'candle_range': 125.0, 'atm_option_move': 56.2, 'sl_point': 124, 'target_point': 124, 'trail_trigger': 56, 'spread_width': 400, 'hedge_premium_divisor': 2.0, 'support_resistance_buffer': 50}
NSE:NIFTYBANK-INDEX  strikecount= 8   fyers <fyers_apiv3.fyersModel.FyersModel object at 0x727874695070>
===
====after 3 min ochain==== 2026-04-28 14:42:00.000004
26APR
                                    oipcr   choipcr
pcr1 =  NSE:BANKNIFTY26APR56300PE   0.22   -0.3 CALL added 387570   PUT unwind -117510
pcr2 =  NSE:BANKNIFTY26APR56200PE   0.12   -0.12 CALL added 995430   PUT unwind -121230
pcr3 =  NSE:BANKNIFTY26APR56100PE   0.18   0.02 CALL added 1414470   PUT added 28440
pcr4 =  NSE:BANKNIFTY26APR56000CE   0.32   0.1 CALL added 2525640   PUT added 256530
pcr5 =  NSE:BANKNIFTY26APR55900PE   0.16   0.02 CALL added 1669230   PUT added 25110
pcr6 =  NSE:BANKNIFTY26APR55800PE   0.17    0.08 CALL added 2540730   PUT added 198120
pcr7 =  NSE:BANKNIFTY26APR55700PE   0.16   0.07 CALL added 2674410   PUT added 182100
pcr8 =  NSE:BANKNIFTY26APR55600CE   0.42   0.37 CALL added 2937330   PUT added 1087440
pcr9 =  NSE:BANKNIFTY26APR55500PE   2.04   1.84 CALL added 1459440   PUT added 2679270
pcr10 =  NSE:BANKNIFTY26APR55400PE   7.0   6.91 CALL added 370650   PUT added 2560020
pcr11 =  NSE:BANKNIFTY26APR55300PE   12.04   11.28 CALL added 140010   PUT added 1579620
pcr12 =  NSE:BANKNIFTY26APR55200PE   4.76   3.56 CALL added 187200   PUT added 665670
pcr13 =  NSE:BANKNIFTY26APR55100PE   17.66   28.54 CALL added 17160   PUT added 489720
pcr14 =  NSE:BANKNIFTY26APR55000PE   7.49   -37.49 CALL unwind -25290   PUT added 948180
pcr15 =  NSE:BANKNIFTY26APR54900CE   19.05   -152.46 CALL unwind -1620   PUT added 246990
pcr16 =  NSE:BANKNIFTY26APR54800CE   20.17   -97.76 CALL unwind -2010   PUT added 196500
pcr17 =  NSE:BANKNIFTY26APR54700CE   18.03   -49.81 CALL unwind -3900   PUT added 194250
pcrSummation= 44.41  result =  ['NSE:BANKNIFTY26APR55900PE', 'NSE:BANKNIFTY26APR55800PE', 'NSE:BANKNIFTY26APR55700PE', 'NSE:BANKNIFTY26APR55600CE', 'NSE:BANKNIFTY26APR55500PE', 'NSE:BANKNIFTY26APR55400PE', 'NSE:BANKNIFTY26APR55300PE', 'NSE:BANKNIFTY26APR55200PE', 'NSE:BANKNIFTY26APR55100PE']
PCRSUM== 109.99
pcrSummation== 44.41
VOLPCRSUM== 8.03
spotLTP =  55545.4  ATM_STRIKE =  55500
check containskey22
IS_ATM_STRIKE_SHIFT = False  mapStrike = {55500: 55500}
avgOiPcrList2 = [np.float64(6.68), np.float64(6.59), np.float64(6.47)] atmStrikeNotShiftedCount= 3
False   3   3
SUPP_RES=== 55500  Buffer= 50
CEoich val =  1459440.0  PEoich val =  2679270.0
================================================
IS_CHOI_DIFF_GT_25PERC== True
RSI_VAL1== 46.79
RSI_VAL2== 46.79
FUT_3m_OHLC O= 55571.0  H= 55572.8  L= 55541.2  C= 55545.0  Range= 31.6
isPcrDecr = True
newSynthFut =  55500
ATMStrike =  55500
AVG_OIPCR= 4.93
avgoiPCROld=  6.47
SUPP_RES = 55500
FUT LTP = 55545.0
CEchoi  PechOi = 1459440.0    2679270.0
====================================
totalOIPCR = 0.73
AVG_VOLPCR= 0.89
atmPCR= 0.16  belowATM  0.17
atmVolPCR= 0.57  belowATM  0.59
True   55545.0   55500   False   True   46.79
no trade yet = [np.float64(6.68), np.float64(6.59), np.float64(6.47)]
26APR
curr Doji False
NSE:BANKNIFTY26APR55500PE  curr candle vol pcr = 2.0  PE= 2934780  CE= 1466730      cpr =  0.5
NSE:BANKNIFTY26APR55500PE  prev candle vol pcr = 1.9  PE= 2867430  CE= 1509270      cpr =  0.53
ATM_CE_premium= 80.25  ATM_PE_premium= 43.5
CandleBody= -26.0  PrevBody= -26.6  CandleRange= 31.6  Bearish
TotalVol= 4401510  PrevTotalVol= 4376700  VolSpike= 1.01 x 
NSE:NIFTYBANK-INDEX  strikecount= 3   fyers <fyers_apiv3.fyersModel.FyersModel object at 0x727874695070>
======================================
oipcr1 =  NSE:BANKNIFTY26APR55800PE   0.17
oipcr2 =  NSE:BANKNIFTY26APR55700PE   0.14
oipcr3 =  NSE:BANKNIFTY26APR55600CE   0.4
oipcrBull = NoEntry  bulcount= 0  bearcount= 3 oipcrBear= BearTrade
atmpcr5 pcr6= 2.04    7.0
No Entry Yet
India VIX = 17.93  BN Price = 55563.0
IV Regime = ELEVATED | DailyRange = 1423.2 | 3minCandleRange = 124.8 | ATMoptionMove = 56.2 | SL = 124 | Target = 124 | TrailTrigger = 56 | Spread = 400 | HedgeDiv = 2.0
IV Params refreshed: {'vix': 17.93, 'bn_price': 55563.0, 'regime': 'ELEVATED', 'daily_range': 1423.2, 'candle_range': 124.8, 'atm_option_move': 56.2, 'sl_point': 124, 'target_point': 124, 'trail_trigger': 56, 'spread_width': 400, 'hedge_premium_divisor': 2.0, 'support_resistance_buffer': 50}
NSE:NIFTYBANK-INDEX  strikecount= 8   fyers <fyers_apiv3.fyersModel.FyersModel object at 0x727874695070>
===
====after 3 min ochain==== 2026-04-28 14:45:00.000003
26APR
                                    oipcr   choipcr
pcr1 =  NSE:BANKNIFTY26APR56400PE   0.24   -0.21 CALL added 310740   PUT unwind -65670
pcr2 =  NSE:BANKNIFTY26APR56300PE   0.23   -0.32 CALL added 373140   PUT unwind -118140
pcr3 =  NSE:BANKNIFTY26APR56200PE   0.12   -0.12 CALL added 983280   PUT unwind -121590
pcr4 =  NSE:BANKNIFTY26APR56100PE   0.18   0.02 CALL added 1379910   PUT added 28410
pcr5 =  NSE:BANKNIFTY26APR56000CE   0.32   0.1 CALL added 2476830   PUT added 258150
pcr6 =  NSE:BANKNIFTY26APR55900PE   0.17    0.02 CALL added 1635840   PUT added 26940
pcr7 =  NSE:BANKNIFTY26APR55800PE   0.17   0.08 CALL added 2515800   PUT added 194340
pcr8 =  NSE:BANKNIFTY26APR55700PE   0.14   0.06 CALL added 2690400   PUT added 148470
pcr9 =  NSE:BANKNIFTY26APR55600CE   0.4   0.35 CALL added 2892570   PUT added 1010820
pcr10 =  NSE:BANKNIFTY26APR55500PE   2.01   1.82 CALL added 1566480   PUT added 2845860
pcr11 =  NSE:BANKNIFTY26APR55400PE   6.62   6.51 CALL added 392130   PUT added 2552610
pcr12 =  NSE:BANKNIFTY26APR55300PE   12.14   11.41 CALL added 142980   PUT added 1631250
pcr13 =  NSE:BANKNIFTY26APR55200PE   4.97   3.77 CALL added 184830   PUT added 696990
pcr14 =  NSE:BANKNIFTY26APR55100PE   16.65   26.33 CALL added 17550   PUT added 462150
pcr15 =  NSE:BANKNIFTY26APR55000PE   6.9   -33.64 CALL unwind -24270   PUT added 816450
pcr16 =  NSE:BANKNIFTY26APR54900CE   17.91   -141.96 CALL unwind -1590   PUT added 225720
pcr17 =  NSE:BANKNIFTY26APR54800CE   19.24   -96.05 CALL unwind -1890   PUT added 181530
pcrSummation= 26.939999999999998  result =  ['NSE:BANKNIFTY26APR56000CE', 'NSE:BANKNIFTY26APR55900PE', 'NSE:BANKNIFTY26APR55800PE', 'NSE:BANKNIFTY26APR55700PE', 'NSE:BANKNIFTY26APR55600CE', 'NSE:BANKNIFTY26APR55500PE', 'NSE:BANKNIFTY26APR55400PE', 'NSE:BANKNIFTY26APR55300PE', 'NSE:BANKNIFTY26APR55200PE']
PCRSUM== 88.41
pcrSummation== 26.94
VOLPCRSUM== 4.5
spotLTP =  55564.5  ATM_STRIKE =  55600
check containskey22
IS_ATM_STRIKE_SHIFT = True  mapStrike = {55600: 55600}
avgOiPcrList2 = [np.float64(5.2)] atmStrikeNotShiftedCount= 1
True   1   1
SUPP_RES=== 55500  Buffer= 50
CEoich val =  1566480.0  PEoich val =  2845860.0
================================================
IS_CHOI_DIFF_GT_25PERC== True
RSI_VAL1== 52.52
RSI_VAL2== 52.52
FUT_3m_OHLC O= 55545.0  H= 55590.0  L= 55528.0  C= 55590.0  Range= 62.0
newSynthFut =  55600
ATMStrike =  55600
AVG_OIPCR= 2.99
avgoiPCROld=  5.2
SUPP_RES = 55500
FUT LTP = 55590.0
CEchoi  PechOi = 1566480.0    2845860.0
====================================
totalOIPCR = 0.73
AVG_VOLPCR= 0.5
atmPCR= 0.32  belowATM  0.17
atmVolPCR= 0.51  belowATM  0.56
True   55590.0   55500   False   False   52.52
26APR
curr Doji False
NSE:BANKNIFTY26APR55500PE  curr candle vol pcr = 2.41  PE= 4031340  CE= 1674120      cpr =  0.42
NSE:BANKNIFTY26APR55500PE  prev candle vol pcr = 2.0  PE= 2934780  CE= 1466730      cpr =  0.5
ATM_CE_premium= 105.45  ATM_PE_premium= 26.9
CandleBody= 45.0  PrevBody= -26.0  CandleRange= 62.0  Bullish
TotalVol= 5705460  PrevTotalVol= 4401510  VolSpike= 1.3 x 
NSE:NIFTYBANK-INDEX  strikecount= 3   fyers <fyers_apiv3.fyersModel.FyersModel object at 0x727874695070>
======================================
oipcr1 =  NSE:BANKNIFTY26APR55900PE   0.17
oipcr2 =  NSE:BANKNIFTY26APR55800PE   0.17
oipcr3 =  NSE:BANKNIFTY26APR55700PE   0.14
oipcrBull = NoEntry  bulcount= 0  bearcount= 3 oipcrBear= BearTrade
atmpcr5 pcr6= 0.4    2.01
No Entry Yet
India VIX = 17.92  BN Price = 55560.1
IV Regime = ELEVATED | DailyRange = 1422.3 | 3minCandleRange = 124.7 | ATMoptionMove = 56.1 | SL = 123 | Target = 123 | TrailTrigger = 56 | Spread = 400 | HedgeDiv = 2.0
IV Params refreshed: {'vix': 17.92, 'bn_price': 55560.1, 'regime': 'ELEVATED', 'daily_range': 1422.3, 'candle_range': 124.7, 'atm_option_move': 56.1, 'sl_point': 123, 'target_point': 123, 'trail_trigger': 56, 'spread_width': 400, 'hedge_premium_divisor': 2.0, 'support_resistance_buffer': 50}
NSE:NIFTYBANK-INDEX  strikecount= 8   fyers <fyers_apiv3.fyersModel.FyersModel object at 0x727874695070>
===
====after 3 min ochain==== 2026-04-28 14:48:00.000006
26APR
                                    oipcr   choipcr
pcr1 =  NSE:BANKNIFTY26APR56400PE   0.25   -0.22 CALL added 296130   PUT unwind -66150
pcr2 =  NSE:BANKNIFTY26APR56300PE   0.22   -0.32 CALL added 371670   PUT unwind -118890
pcr3 =  NSE:BANKNIFTY26APR56200PE   0.13   -0.14 CALL added 854430   PUT unwind -121140
pcr4 =  NSE:BANKNIFTY26APR56100PE   0.18   0.02 CALL added 1345530   PUT added 27690
pcr5 =  NSE:BANKNIFTY26APR56000CE   0.34   0.11 CALL added 2341860   PUT added 256260
pcr6 =  NSE:BANKNIFTY26APR55900PE   0.18    0.02 CALL added 1507920   PUT added 26370
pcr7 =  NSE:BANKNIFTY26APR55800PE   0.18   0.08 CALL added 2392080   PUT added 201450
pcr8 =  NSE:BANKNIFTY26APR55700PE   0.15   0.07 CALL added 2743860   PUT added 186030
pcr9 =  NSE:BANKNIFTY26APR55600CE   0.46   0.41 CALL added 2887290   PUT added 1176780
pcr10 =  NSE:BANKNIFTY26APR55500PE   2.14   1.95 CALL added 1498230   PUT added 2921040
pcr11 =  NSE:BANKNIFTY26APR55400PE   7.01   6.92 CALL added 368760   PUT added 2552040
pcr12 =  NSE:BANKNIFTY26APR55300PE   11.67   10.92 CALL added 146640   PUT added 1600980
pcr13 =  NSE:BANKNIFTY26APR55200PE   5.12   3.92 CALL added 181500   PUT added 712020
pcr14 =  NSE:BANKNIFTY26APR55100PE   16.86   27.42 CALL added 16410   PUT added 450030
pcr15 =  NSE:BANKNIFTY26APR55000PE   6.91   -30.97 CALL unwind -26070   PUT added 807360
pcr16 =  NSE:BANKNIFTY26APR54900CE   17.71   -126.05 CALL unwind -1740   PUT added 219330
pcr17 =  NSE:BANKNIFTY26APR54800CE   21.54   -123.31 CALL unwind -1830   PUT added 225660
pcrSummation= 27.250000000000004  result =  ['NSE:BANKNIFTY26APR56000CE', 'NSE:BANKNIFTY26APR55900PE', 'NSE:BANKNIFTY26APR55800PE', 'NSE:BANKNIFTY26APR55700PE', 'NSE:BANKNIFTY26APR55600CE', 'NSE:BANKNIFTY26APR55500PE', 'NSE:BANKNIFTY26APR55400PE', 'NSE:BANKNIFTY26APR55300PE', 'NSE:BANKNIFTY26APR55200PE']
PCRSUM== 91.05
pcrSummation== 27.25
VOLPCRSUM== 4.44
spotLTP =  55562.1  ATM_STRIKE =  55600
check containskey22
IS_ATM_STRIKE_SHIFT = False  mapStrike = {55600: 55600}
avgOiPcrList2 = [np.float64(5.2), np.float64(5.36)] atmStrikeNotShiftedCount= 2
False   2   2
SUPP_RES=== 55500  Buffer= 50
CEoich val =  1498230.0  PEoich val =  2921040.0
================================================
IS_CHOI_DIFF_GT_25PERC== True
RSI_VAL1== 50.07
RSI_VAL2== 50.07
FUT_3m_OHLC O= 55585.0  H= 55590.0  L= 55560.2  C= 55571.0  Range= 29.8
newSynthFut =  55600
ATMStrike =  55600
AVG_OIPCR= 3.03
avgoiPCROld=  5.36
SUPP_RES = 55500
FUT LTP = 55571.0
CEchoi  PechOi = 1498230.0    2921040.0
====================================
totalOIPCR = 0.75
AVG_VOLPCR= 0.49
atmPCR= 0.34  belowATM  0.18
atmVolPCR= 0.51  belowATM  0.56
True   55571.0   55500   False   False   50.07
26APR
curr Doji False
NSE:BANKNIFTY26APR55500PE  curr candle vol pcr = 2.29  PE= 3211380  CE= 1405080      cpr =  0.44
NSE:BANKNIFTY26APR55500PE  prev candle vol pcr = 2.41  PE= 4031340  CE= 1674120      cpr =  0.42
ATM_CE_premium= 100.1  ATM_PE_premium= 28.9
CandleBody= -14.0  PrevBody= 45.0  CandleRange= 29.8  Bearish
TotalVol= 4616460  PrevTotalVol= 5705460  VolSpike= 0.81 x 
NSE:NIFTYBANK-INDEX  strikecount= 3   fyers <fyers_apiv3.fyersModel.FyersModel object at 0x727874695070>
======================================
oipcr1 =  NSE:BANKNIFTY26APR55900PE   0.18
oipcr2 =  NSE:BANKNIFTY26APR55800PE   0.18
oipcr3 =  NSE:BANKNIFTY26APR55700PE   0.15
oipcrBull = NoEntry  bulcount= 0  bearcount= 3 oipcrBear= BearTrade
atmpcr5 pcr6= 0.46    2.14
No Entry Yet
India VIX = 17.94  BN Price = 55555.85
IV Regime = ELEVATED | DailyRange = 1423.8 | 3minCandleRange = 124.9 | ATMoptionMove = 56.2 | SL = 124 | Target = 124 | TrailTrigger = 56 | Spread = 400 | HedgeDiv = 2.0
IV Params refreshed: {'vix': 17.94, 'bn_price': 55555.85, 'regime': 'ELEVATED', 'daily_range': 1423.8, 'candle_range': 124.9, 'atm_option_move': 56.2, 'sl_point': 124, 'target_point': 124, 'trail_trigger': 56, 'spread_width': 400, 'hedge_premium_divisor': 2.0, 'support_resistance_buffer': 50}
NSE:NIFTYBANK-INDEX  strikecount= 8   fyers <fyers_apiv3.fyersModel.FyersModel object at 0x727874695070>
===
====after 3 min ochain==== 2026-04-28 14:51:00.000002
26APR
                                    oipcr   choipcr
pcr1 =  NSE:BANKNIFTY26APR56400PE   0.25   -0.23 CALL added 284910   PUT unwind -66480
pcr2 =  NSE:BANKNIFTY26APR56300PE   0.22   -0.32 CALL added 376530   PUT unwind -119130
pcr3 =  NSE:BANKNIFTY26APR56200PE   0.13   -0.14 CALL added 865170   PUT unwind -121350
pcr4 =  NSE:BANKNIFTY26APR56100PE   0.18   0.02 CALL added 1348590   PUT added 28320
pcr5 =  NSE:BANKNIFTY26APR56000CE   0.36   0.12 CALL added 2204100   PUT added 259200
pcr6 =  NSE:BANKNIFTY26APR55900PE   0.17    0.02 CALL added 1599570   PUT added 24780
pcr7 =  NSE:BANKNIFTY26APR55800PE   0.18   0.08 CALL added 2442330   PUT added 206730
pcr8 =  NSE:BANKNIFTY26APR55700PE   0.17   0.08 CALL added 2813220   PUT added 227340
pcr9 =  NSE:BANKNIFTY26APR55600CE   0.52   0.47 CALL added 2897310   PUT added 1349550
pcr10 =  NSE:BANKNIFTY26APR55500PE   2.45   2.27 CALL added 1408080   PUT added 3197430
pcr11 =  NSE:BANKNIFTY26APR55400PE   6.95   6.86 CALL added 368640   PUT added 2527290
pcr12 =  NSE:BANKNIFTY26APR55300PE   13.68   13.03 CALL added 131160   PUT added 1708710
pcr13 =  NSE:BANKNIFTY26APR55200PE   5.28   4.09 CALL added 180810   PUT added 739620
pcr14 =  NSE:BANKNIFTY26APR55100PE   16.94   27.45 CALL added 16620   PUT added 456210
pcr15 =  NSE:BANKNIFTY26APR55000PE   7.45   -32.83 CALL unwind -27990   PUT added 919020
pcr16 =  NSE:BANKNIFTY26APR54900CE   17.72   -131.32 CALL unwind -1680   PUT added 220620
pcr17 =  NSE:BANKNIFTY26APR54800CE   21.83   -119.31 CALL unwind -1920   PUT added 229080
pcrSummation= 29.76  result =  ['NSE:BANKNIFTY26APR56000CE', 'NSE:BANKNIFTY26APR55900PE', 'NSE:BANKNIFTY26APR55800PE', 'NSE:BANKNIFTY26APR55700PE', 'NSE:BANKNIFTY26APR55600CE', 'NSE:BANKNIFTY26APR55500PE', 'NSE:BANKNIFTY26APR55400PE', 'NSE:BANKNIFTY26APR55300PE', 'NSE:BANKNIFTY26APR55200PE']
PCRSUM== 94.48
pcrSummation== 29.76
VOLPCRSUM== 4.300000000000001
spotLTP =  55556.7  ATM_STRIKE =  55600
check containskey22
IS_ATM_STRIKE_SHIFT = False  mapStrike = {55600: 55600}
avgOiPcrList2 = [np.float64(5.2), np.float64(5.36), np.float64(5.56)] atmStrikeNotShiftedCount= 3
False   3   3
SUPP_RES=== 55500  Buffer= 50
CEoich val =  1408080.0  PEoich val =  3197430.0
================================================
IS_CHOI_DIFF_GT_25PERC== True
RSI_VAL1== 49.65
RSI_VAL2== 49.34
FUT_3m_OHLC O= 55590.0  H= 55629.0  L= 55546.4  C= 55565.4  Range= 82.6
isPcrInc = True
newSynthFut =  55600
ATMStrike =  55600
AVG_OIPCR= 3.31
avgoiPCROld=  5.56
SUPP_RES = 55500
FUT LTP = 55567.6
CEchoi  PechOi = 1408080.0    3197430.0
====================================
totalOIPCR = 0.77
AVG_VOLPCR= 0.48
atmPCR= 0.36  belowATM  0.17
atmVolPCR= 0.5  belowATM  0.55
True   55567.6   55500   True   False   49.34
no trade yet = [np.float64(5.2), np.float64(5.36), np.float64(5.56)]
26APR
curr Doji False
NSE:BANKNIFTY26APR55500PE  curr candle vol pcr = 2.85  PE= 6817380  CE= 2390160      cpr =  0.35
NSE:BANKNIFTY26APR55500PE  prev candle vol pcr = 2.29  PE= 3211380  CE= 1405080      cpr =  0.44
ATM_CE_premium= 94.1  ATM_PE_premium= 21.8
CandleBody= -24.6  PrevBody= -14.0  CandleRange= 82.6  Bearish
TotalVol= 9207540  PrevTotalVol= 4616460  VolSpike= 1.99 x 
NSE:NIFTYBANK-INDEX  strikecount= 3   fyers <fyers_apiv3.fyersModel.FyersModel object at 0x727874695070>
======================================
oipcr1 =  NSE:BANKNIFTY26APR55900PE   0.17
oipcr2 =  NSE:BANKNIFTY26APR55800PE   0.18
oipcr3 =  NSE:BANKNIFTY26APR55700PE   0.17
oipcrBull = NoEntry  bulcount= 0  bearcount= 3 oipcrBear= BearTrade
atmpcr5 pcr6= 0.52    2.45
No Entry Yet
India VIX = 17.92  BN Price = 55552.75
IV Regime = ELEVATED | DailyRange = 1422.2 | 3minCandleRange = 124.7 | ATMoptionMove = 56.1 | SL = 123 | Target = 123 | TrailTrigger = 56 | Spread = 400 | HedgeDiv = 2.0
IV Params refreshed: {'vix': 17.92, 'bn_price': 55552.75, 'regime': 'ELEVATED', 'daily_range': 1422.2, 'candle_range': 124.7, 'atm_option_move': 56.1, 'sl_point': 123, 'target_point': 123, 'trail_trigger': 56, 'spread_width': 400, 'hedge_premium_divisor': 2.0, 'support_resistance_buffer': 50}
NSE:NIFTYBANK-INDEX  strikecount= 8   fyers <fyers_apiv3.fyersModel.FyersModel object at 0x727874695070>
===
====after 3 min ochain==== 2026-04-28 14:54:00.000003
26APR
                                    oipcr   choipcr
pcr1 =  NSE:BANKNIFTY26APR56400PE   0.25   -0.25 CALL added 276420   PUT unwind -70320
pcr2 =  NSE:BANKNIFTY26APR56300PE   0.22   -0.34 CALL added 365100   PUT unwind -122400
pcr3 =  NSE:BANKNIFTY26APR56200PE   0.13   -0.14 CALL added 847530   PUT unwind -122610
pcr4 =  NSE:BANKNIFTY26APR56100PE   0.19   0.02 CALL added 1317150   PUT added 26580
pcr5 =  NSE:BANKNIFTY26APR56000CE   0.35   0.11 CALL added 2224560   PUT added 248100
pcr6 =  NSE:BANKNIFTY26APR55900PE   0.19    0.01 CALL added 1421100   PUT added 20340
pcr7 =  NSE:BANKNIFTY26APR55800PE   0.17   0.08 CALL added 2525220   PUT added 195570
pcr8 =  NSE:BANKNIFTY26APR55700PE   0.15   0.07 CALL added 2910690   PUT added 203220
pcr9 =  NSE:BANKNIFTY26APR55600CE   0.52   0.47 CALL added 3029670   PUT added 1437150
pcr10 =  NSE:BANKNIFTY26APR55500PE   2.4   2.22 CALL added 1426530   PUT added 3166800
pcr11 =  NSE:BANKNIFTY26APR55400PE   5.99   5.86 CALL added 400230   PUT added 2344320
pcr12 =  NSE:BANKNIFTY26APR55300PE   11.64   10.73 CALL added 122010   PUT added 1308660
pcr13 =  NSE:BANKNIFTY26APR55200PE   6.04   4.81 CALL added 162450   PUT added 781410
pcr14 =  NSE:BANKNIFTY26APR55100PE   17.56   30.28 CALL added 14550   PUT added 440520
pcr15 =  NSE:BANKNIFTY26APR55000PE   7.28   -27.1 CALL unwind -31530   PUT added 854490
pcr16 =  NSE:BANKNIFTY26APR54900CE   16.97   -136.47 CALL unwind -1530   PUT added 208800
pcr17 =  NSE:BANKNIFTY26APR54800CE   21.24   -109.52 CALL unwind -1980   PUT added 216840
pcrSummation= 27.45  result =  ['NSE:BANKNIFTY26APR56000CE', 'NSE:BANKNIFTY26APR55900PE', 'NSE:BANKNIFTY26APR55800PE', 'NSE:BANKNIFTY26APR55700PE', 'NSE:BANKNIFTY26APR55600CE', 'NSE:BANKNIFTY26APR55500PE', 'NSE:BANKNIFTY26APR55400PE', 'NSE:BANKNIFTY26APR55300PE', 'NSE:BANKNIFTY26APR55200PE']
PCRSUM== 91.29
pcrSummation== 27.45
VOLPCRSUM== 4.22
spotLTP =  55556.5  ATM_STRIKE =  55600
check containskey22
IS_ATM_STRIKE_SHIFT = False  mapStrike = {55600: 55600}
avgOiPcrList2 = [np.float64(5.36), np.float64(5.56), np.float64(5.37)] atmStrikeNotShiftedCount= 4
False   4   3
SUPP_RES=== 55500  Buffer= 50
CEoich val =  1426530.0  PEoich val =  3166800.0
================================================
IS_CHOI_DIFF_GT_25PERC== True
RSI_VAL1== 48.66
RSI_VAL2== 48.36
FUT_3m_OHLC O= 55567.6  H= 55595.0  L= 55546.0  C= 55558.2  Range= 49.0
recent two = [np.float64(5.56), np.float64(5.37)]
newSynthFut =  55600
ATMStrike =  55600
AVG_OIPCR= 3.05
avgoiPCROld=  5.37
SUPP_RES = 55500
FUT LTP = 55560.2
CEchoi  PechOi = 1426530.0    3166800.0
====================================
totalOIPCR = 0.74
AVG_VOLPCR= 0.47
atmPCR= 0.35  belowATM  0.19
atmVolPCR= 0.5  belowATM  0.54
True   55560.2   55500   False   False   48.36
26APR
curr Doji False
NSE:BANKNIFTY26APR55500PE  curr candle vol pcr = 2.65  PE= 4393830  CE= 1660530      cpr =  0.38
NSE:BANKNIFTY26APR55500PE  prev candle vol pcr = 2.85  PE= 6817380  CE= 2390160      cpr =  0.35
ATM_CE_premium= 85.8  ATM_PE_premium= 21.4
CandleBody= -9.4  PrevBody= -24.6  CandleRange= 49.0  Bearish
TotalVol= 6054360  PrevTotalVol= 9207540  VolSpike= 0.66 x 
NSE:NIFTYBANK-INDEX  strikecount= 3   fyers <fyers_apiv3.fyersModel.FyersModel object at 0x727874695070>
======================================
oipcr1 =  NSE:BANKNIFTY26APR55900PE   0.19
oipcr2 =  NSE:BANKNIFTY26APR55800PE   0.17
oipcr3 =  NSE:BANKNIFTY26APR55700PE   0.15
oipcrBull = NoEntry  bulcount= 0  bearcount= 3 oipcrBear= BearTrade
atmpcr5 pcr6= 0.52    2.4
No Entry Yet
India VIX = 17.88  BN Price = 55557.2
IV Regime = ELEVATED | DailyRange = 1419.1 | 3minCandleRange = 124.5 | ATMoptionMove = 56.0 | SL = 123 | Target = 123 | TrailTrigger = 56 | Spread = 400 | HedgeDiv = 2.0
IV Params refreshed: {'vix': 17.88, 'bn_price': 55557.2, 'regime': 'ELEVATED', 'daily_range': 1419.1, 'candle_range': 124.5, 'atm_option_move': 56.0, 'sl_point': 123, 'target_point': 123, 'trail_trigger': 56, 'spread_width': 400, 'hedge_premium_divisor': 2.0, 'support_resistance_buffer': 50}
NSE:NIFTYBANK-INDEX  strikecount= 8   fyers <fyers_apiv3.fyersModel.FyersModel object at 0x727874695070>
===
====after 3 min ochain==== 2026-04-28 14:57:00.000006
26APR
                                    oipcr   choipcr
pcr1 =  NSE:BANKNIFTY26APR56400PE   0.25   -0.26 CALL added 276900   PUT unwind -71880
pcr2 =  NSE:BANKNIFTY26APR56300PE   0.22   -0.34 CALL added 361980   PUT unwind -122070
pcr3 =  NSE:BANKNIFTY26APR56200PE   0.13   -0.15 CALL added 848610   PUT unwind -123270
pcr4 =  NSE:BANKNIFTY26APR56100PE   0.19   0.02 CALL added 1316460   PUT added 26160
pcr5 =  NSE:BANKNIFTY26APR56000CE   0.35   0.11 CALL added 2168190   PUT added 240420
pcr6 =  NSE:BANKNIFTY26APR55900PE   0.2    0.01 CALL added 1353690   PUT added 18990
pcr7 =  NSE:BANKNIFTY26APR55800PE   0.17   0.08 CALL added 2518470   PUT added 193050
pcr8 =  NSE:BANKNIFTY26APR55700PE   0.15   0.07 CALL added 2952720   PUT added 211800
pcr9 =  NSE:BANKNIFTY26APR55600CE   0.52   0.47 CALL added 2996010   PUT added 1395420
pcr10 =  NSE:BANKNIFTY26APR55500PE   2.49   2.33 CALL added 1488360   PUT added 3473130
pcr11 =  NSE:BANKNIFTY26APR55400PE   6.04   5.91 CALL added 410040   PUT added 2424810
pcr12 =  NSE:BANKNIFTY26APR55300PE   10.94   10.01 CALL added 128010   PUT added 1280790
pcr13 =  NSE:BANKNIFTY26APR55200PE   5.94   4.69 CALL added 162150   PUT added 760500
pcr14 =  NSE:BANKNIFTY26APR55100PE   16.58   28.21 CALL added 14520   PUT added 409650
pcr15 =  NSE:BANKNIFTY26APR55000PE   6.94   -26.28 CALL unwind -29970   PUT added 787530
pcr16 =  NSE:BANKNIFTY26APR54900CE   16.69   -132.94 CALL unwind -1530   PUT added 203400
pcr17 =  NSE:BANKNIFTY26APR54800CE   21.45   -111.47 CALL unwind -1980   PUT added 220710
pcrSummation= 26.8  result =  ['NSE:BANKNIFTY26APR56000CE', 'NSE:BANKNIFTY26APR55900PE', 'NSE:BANKNIFTY26APR55800PE', 'NSE:BANKNIFTY26APR55700PE', 'NSE:BANKNIFTY26APR55600CE', 'NSE:BANKNIFTY26APR55500PE', 'NSE:BANKNIFTY26APR55400PE', 'NSE:BANKNIFTY26APR55300PE', 'NSE:BANKNIFTY26APR55200PE']
PCRSUM== 89.25
pcrSummation== 26.8
VOLPCRSUM== 4.13
spotLTP =  55559.3  ATM_STRIKE =  55600
check containskey22
IS_ATM_STRIKE_SHIFT = False  mapStrike = {55600: 55600}
avgOiPcrList2 = [np.float64(5.56), np.float64(5.37), np.float64(5.25)] atmStrikeNotShiftedCount= 5
False   5   3
SUPP_RES=== 55500  Buffer= 50
CEoich val =  1488360.0  PEoich val =  3473130.0
================================================
IS_CHOI_DIFF_GT_25PERC== True
RSI_VAL1== 52.81
RSI_VAL2== 52.81
FUT_3m_OHLC O= 55560.2  H= 55604.6  L= 55552.8  C= 55590.0  Range= 51.8
isPcrDecr = True
newSynthFut =  55600
ATMStrike =  55600
AVG_OIPCR= 2.98
avgoiPCROld=  5.25
SUPP_RES = 55500
FUT LTP = 55590.0
CEchoi  PechOi = 1488360.0    3473130.0
====================================
totalOIPCR = 0.75
AVG_VOLPCR= 0.46
atmPCR= 0.35  belowATM  0.2
atmVolPCR= 0.5  belowATM  0.54
True   55590.0   55500   False   True   52.81
no trade yet = [np.float64(5.56), np.float64(5.37), np.float64(5.25)]
26APR
curr Doji False
NSE:BANKNIFTY26APR55500PE  curr candle vol pcr = 3.36  PE= 5765790  CE= 1714410      cpr =  0.3
NSE:BANKNIFTY26APR55500PE  prev candle vol pcr = 2.65  PE= 4393830  CE= 1660530      cpr =  0.38
ATM_CE_premium= 83.45  ATM_PE_premium= 19.85
CandleBody= 29.8  PrevBody= -9.4  CandleRange= 51.8  Bullish
TotalVol= 7480200  PrevTotalVol= 6054360  VolSpike= 1.24 x 
NSE:NIFTYBANK-INDEX  strikecount= 3   fyers <fyers_apiv3.fyersModel.FyersModel object at 0x727874695070>
======================================
oipcr1 =  NSE:BANKNIFTY26APR55900PE   0.2
oipcr2 =  NSE:BANKNIFTY26APR55800PE   0.17
oipcr3 =  NSE:BANKNIFTY26APR55700PE   0.15
oipcrBull = NoEntry  bulcount= 0  bearcount= 3 oipcrBear= BearTrade
atmpcr5 pcr6= 0.52    2.49
No Entry Yet
India VIX = 17.83  BN Price = 55564.7
IV Regime = ELEVATED | DailyRange = 1415.3 | 3minCandleRange = 124.1 | ATMoptionMove = 55.9 | SL = 123 | Target = 123 | TrailTrigger = 56 | Spread = 400 | HedgeDiv = 2.0
IV Params refreshed: {'vix': 17.83, 'bn_price': 55564.7, 'regime': 'ELEVATED', 'daily_range': 1415.3, 'candle_range': 124.1, 'atm_option_move': 55.9, 'sl_point': 123, 'target_point': 123, 'trail_trigger': 56, 'spread_width': 400, 'hedge_premium_divisor': 2.0, 'support_resistance_buffer': 50}
NSE:NIFTYBANK-INDEX  strikecount= 8   fyers <fyers_apiv3.fyersModel.FyersModel object at 0x727874695070>
===
====after 3 min ochain==== 2026-04-28 15:00:00.000004
26APR
                                    oipcr   choipcr
pcr1 =  NSE:BANKNIFTY26APR56400PE   0.25   -0.27 CALL added 264270   PUT unwind -72240
pcr2 =  NSE:BANKNIFTY26APR56300PE   0.22   -0.33 CALL added 371100   PUT unwind -122250
pcr3 =  NSE:BANKNIFTY26APR56200PE   0.13   -0.15 CALL added 837720   PUT unwind -123720
pcr4 =  NSE:BANKNIFTY26APR56100PE   0.19   0.02 CALL added 1314180   PUT added 25410
pcr5 =  NSE:BANKNIFTY26APR56000CE   0.36   0.11 CALL added 2128260   PUT added 238710
pcr6 =  NSE:BANKNIFTY26APR55900PE   0.2    0.01 CALL added 1296330   PUT added 18450
pcr7 =  NSE:BANKNIFTY26APR55800PE   0.16   0.07 CALL added 2645490   PUT added 189210
pcr8 =  NSE:BANKNIFTY26APR55700PE   0.16   0.08 CALL added 2993850   PUT added 229050
pcr9 =  NSE:BANKNIFTY26APR55600CE   0.52   0.47 CALL added 3135150   PUT added 1468800
pcr10 =  NSE:BANKNIFTY26APR55500PE   2.75   2.6 CALL added 1435290   PUT added 3733020
pcr11 =  NSE:BANKNIFTY26APR55400PE   5.95   5.82 CALL added 399060   PUT added 2320680
pcr12 =  NSE:BANKNIFTY26APR55300PE   11.35   10.3 CALL added 108930   PUT added 1122030
pcr13 =  NSE:BANKNIFTY26APR55200PE   5.73   4.44 CALL added 160470   PUT added 712470
pcr14 =  NSE:BANKNIFTY26APR55100PE   16.5   28.13 CALL added 14400   PUT added 405090
pcr15 =  NSE:BANKNIFTY26APR55000PE   6.27   -19.87 CALL unwind -31410   PUT added 624270
pcr16 =  NSE:BANKNIFTY26APR54900CE   16.28   -117.4 CALL unwind -1650   PUT added 193710
pcr17 =  NSE:BANKNIFTY26APR54800CE   22.02   -121.19 CALL unwind -1920   PUT added 232680
pcrSummation= 27.180000000000003  result =  ['NSE:BANKNIFTY26APR56000CE', 'NSE:BANKNIFTY26APR55900PE', 'NSE:BANKNIFTY26APR55800PE', 'NSE:BANKNIFTY26APR55700PE', 'NSE:BANKNIFTY26APR55600CE', 'NSE:BANKNIFTY26APR55500PE', 'NSE:BANKNIFTY26APR55400PE', 'NSE:BANKNIFTY26APR55300PE', 'NSE:BANKNIFTY26APR55200PE']
PCRSUM== 89.04
pcrSummation== 27.18
VOLPCRSUM== 3.99
spotLTP =  55564.7  ATM_STRIKE =  55600
check containskey22
IS_ATM_STRIKE_SHIFT = False  mapStrike = {55600: 55600}
avgOiPcrList2 = [np.float64(5.37), np.float64(5.25), np.float64(5.24)] atmStrikeNotShiftedCount= 6
False   6   3
SUPP_RES=== 55500  Buffer= 50
CEoich val =  1435290.0  PEoich val =  3733020.0
================================================
IS_CHOI_DIFF_GT_25PERC== True
RSI_VAL1== 53.49
RSI_VAL2== 53.49
FUT_3m_OHLC O= 55556.4  H= 55595.0  L= 55531.6  C= 55595.0  Range= 63.4
isPcrDecr = True
newSynthFut =  55600
ATMStrike =  55600
AVG_OIPCR= 3.02
avgoiPCROld=  5.24
SUPP_RES = 55500
FUT LTP = 55595.0
CEchoi  PechOi = 1435290.0    3733020.0
====================================
totalOIPCR = 0.74
AVG_VOLPCR= 0.44
atmPCR= 0.36  belowATM  0.2
atmVolPCR= 0.49  belowATM  0.53
True   55595.0   55500   False   True   53.49
no trade yet = [np.float64(5.37), np.float64(5.25), np.float64(5.24)]
26APR
curr Doji False
NSE:BANKNIFTY26APR55500PE  curr candle vol pcr = 2.78  PE= 8070240  CE= 2908080      cpr =  0.36
NSE:BANKNIFTY26APR55500PE  prev candle vol pcr = 3.36  PE= 5765790  CE= 1714410      cpr =  0.3
ATM_CE_premium= 84.8  ATM_PE_premium= 9.3
CandleBody= 38.6  PrevBody= 29.8  CandleRange= 63.4  Bullish
TotalVol= 10978320  PrevTotalVol= 7480200  VolSpike= 1.47 x 
NSE:NIFTYBANK-INDEX  strikecount= 3   fyers <fyers_apiv3.fyersModel.FyersModel object at 0x727874695070>
======================================
oipcr1 =  NSE:BANKNIFTY26APR55900PE   0.2
oipcr2 =  NSE:BANKNIFTY26APR55800PE   0.16
oipcr3 =  NSE:BANKNIFTY26APR55700PE   0.16
oipcrBull = NoEntry  bulcount= 0  bearcount= 3 oipcrBear= BearTrade
atmpcr5 pcr6= 0.52    2.75
No Entry Yet
India VIX = 18.05  BN Price = 55490.0
IV Regime = ELEVATED | DailyRange = 1430.8 | 3minCandleRange = 125.5 | ATMoptionMove = 56.5 | SL = 124 | Target = 124 | TrailTrigger = 56 | Spread = 400 | HedgeDiv = 2.0
IV Params refreshed: {'vix': 18.05, 'bn_price': 55490.0, 'regime': 'ELEVATED', 'daily_range': 1430.8, 'candle_range': 125.5, 'atm_option_move': 56.5, 'sl_point': 124, 'target_point': 124, 'trail_trigger': 56, 'spread_width': 400, 'hedge_premium_divisor': 2.0, 'support_resistance_buffer': 50}
NSE:NIFTYBANK-INDEX  strikecount= 8   fyers <fyers_apiv3.fyersModel.FyersModel object at 0x727874695070>
===
====after 3 min ochain==== 2026-04-28 15:03:00.000003
26APR
                                    oipcr   choipcr
pcr1 =  NSE:BANKNIFTY26APR56300PE   0.22   -0.34 CALL added 365100   PUT unwind -123870
pcr2 =  NSE:BANKNIFTY26APR56200PE   0.13   -0.15 CALL added 832260   PUT unwind -124020
pcr3 =  NSE:BANKNIFTY26APR56100PE   0.19   0.02 CALL added 1274520   PUT added 24690
pcr4 =  NSE:BANKNIFTY26APR56000CE   0.36   0.11 CALL added 2094330   PUT added 232920
pcr5 =  NSE:BANKNIFTY26APR55900PE   0.22   0.02 CALL added 1233540   PUT added 19590
pcr6 =  NSE:BANKNIFTY26APR55800PE   0.17    0.08 CALL added 2481540   PUT added 189360
pcr7 =  NSE:BANKNIFTY26APR55700PE   0.15   0.07 CALL added 2939430   PUT added 207540
pcr8 =  NSE:BANKNIFTY26APR55600CE   0.54   0.5 CALL added 3323400   PUT added 1646280
pcr9 =  NSE:BANKNIFTY26APR55500PE   2.81   2.67 CALL added 1404600   PUT added 3744810
pcr10 =  NSE:BANKNIFTY26APR55400PE   5.63   5.48 CALL added 397620   PUT added 2177070
pcr11 =  NSE:BANKNIFTY26APR55300PE   11.85   10.82 CALL added 104700   PUT added 1132620
pcr12 =  NSE:BANKNIFTY26APR55200PE   8.54   7.15 CALL added 110700   PUT added 792030
pcr13 =  NSE:BANKNIFTY26APR55100PE   16.14   26.42 CALL added 15720   PUT added 415380
pcr14 =  NSE:BANKNIFTY26APR55000PE   5.7   -15.82 CALL unwind -31260   PUT added 494520
pcr15 =  NSE:BANKNIFTY26APR54900CE   15.94   -115.81 CALL unwind -1620   PUT added 187620
pcr16 =  NSE:BANKNIFTY26APR54800CE   22.17   -122.67 CALL unwind -1920   PUT added 235530
pcr17 =  NSE:BANKNIFTY26APR54700CE   17.36   -41.96 CALL unwind -4200   PUT added 176220
pcrSummation= 46.05  result =  ['NSE:BANKNIFTY26APR55900PE', 'NSE:BANKNIFTY26APR55800PE', 'NSE:BANKNIFTY26APR55700PE', 'NSE:BANKNIFTY26APR55600CE', 'NSE:BANKNIFTY26APR55500PE', 'NSE:BANKNIFTY26APR55400PE', 'NSE:BANKNIFTY26APR55300PE', 'NSE:BANKNIFTY26APR55200PE', 'NSE:BANKNIFTY26APR55100PE']
PCRSUM== 108.12
pcrSummation== 46.05
VOLPCRSUM== 6.92
spotLTP =  55487.15  ATM_STRIKE =  55500
check containskey22
IS_ATM_STRIKE_SHIFT = True  mapStrike = {55500: 55500}
avgOiPcrList2 = [np.float64(6.36)] atmStrikeNotShiftedCount= 1
True   1   1
SUPP_RES=== 55500  Buffer= 50
CEoich val =  1404600.0  PEoich val =  3744810.0
================================================
IS_CHOI_DIFF_GT_25PERC== True
RSI_VAL1== 41.32
RSI_VAL2== 41.32
FUT_3m_OHLC O= 55595.0  H= 55596.0  L= 55500.0  C= 55500.0  Range= 96.0
newSynthFut =  55500
ATMStrike =  55500
AVG_OIPCR= 5.12
avgoiPCROld=  6.36
SUPP_RES = 55500
FUT LTP = 55500.0
CEchoi  PechOi = 1404600.0    3744810.0
====================================
totalOIPCR = 0.75
AVG_VOLPCR= 0.77
atmPCR= 0.22  belowATM  0.17
atmVolPCR= 0.52  belowATM  0.5
True   55500.0   55500   False   False   41.32
26APR
curr Doji False
NSE:BANKNIFTY26APR55500PE  curr candle vol pcr = 2.07  PE= 13852620  CE= 6681990      cpr =  0.48
NSE:BANKNIFTY26APR55500PE  prev candle vol pcr = 2.78  PE= 8070240  CE= 2908080      cpr =  0.36
ATM_CE_premium= 23.1  ATM_PE_premium= 33.4
CandleBody= -95.0  PrevBody= 38.6  CandleRange= 96.0  Bearish
TotalVol= 20534610  PrevTotalVol= 10978320  VolSpike= 1.87 x 
NSE:NIFTYBANK-INDEX  strikecount= 3   fyers <fyers_apiv3.fyersModel.FyersModel object at 0x727874695070>
======================================
oipcr1 =  NSE:BANKNIFTY26APR55800PE   0.17
oipcr2 =  NSE:BANKNIFTY26APR55700PE   0.15
oipcr3 =  NSE:BANKNIFTY26APR55600CE   0.54
oipcrBull = NoEntry  bulcount= 0  bearcount= 3 oipcrBear= BearTrade
atmpcr5 pcr6= 2.81    5.63
No Entry Yet
India VIX = 17.97  BN Price = 55488.25
IV Regime = ELEVATED | DailyRange = 1424.5 | 3minCandleRange = 124.9 | ATMoptionMove = 56.2 | SL = 124 | Target = 124 | TrailTrigger = 56 | Spread = 400 | HedgeDiv = 2.0
IV Params refreshed: {'vix': 17.97, 'bn_price': 55488.25, 'regime': 'ELEVATED', 'daily_range': 1424.5, 'candle_range': 124.9, 'atm_option_move': 56.2, 'sl_point': 124, 'target_point': 124, 'trail_trigger': 56, 'spread_width': 400, 'hedge_premium_divisor': 2.0, 'support_resistance_buffer': 50}
NSE:NIFTYBANK-INDEX  strikecount= 8   fyers <fyers_apiv3.fyersModel.FyersModel object at 0x727874695070>
===
====after 3 min ochain==== 2026-04-28 15:06:00.000006
26APR
                                    oipcr   choipcr
pcr1 =  NSE:BANKNIFTY26APR56300PE   0.23   -0.4 CALL added 320880   PUT unwind -127080
pcr2 =  NSE:BANKNIFTY26APR56200PE   0.13   -0.15 CALL added 848250   PUT unwind -126120
pcr3 =  NSE:BANKNIFTY26APR56100PE   0.2   0.02 CALL added 1247610   PUT added 24840
pcr4 =  NSE:BANKNIFTY26APR56000CE   0.39   0.12 CALL added 1898040   PUT added 220590
pcr5 =  NSE:BANKNIFTY26APR55900PE   0.24   0.02 CALL added 1073400   PUT added 18450
pcr6 =  NSE:BANKNIFTY26APR55800PE   0.2    0.09 CALL added 2116830   PUT added 184830
pcr7 =  NSE:BANKNIFTY26APR55700PE   0.19   0.08 CALL added 2009250   PUT added 150780
pcr8 =  NSE:BANKNIFTY26APR55600CE   0.31   0.27 CALL added 3815550   PUT added 1041120
pcr9 =  NSE:BANKNIFTY26APR55500PE   1.46   1.32 CALL added 2592450   PUT added 3419340
pcr10 =  NSE:BANKNIFTY26APR55400PE   4.82   4.69 CALL added 585000   PUT added 2742810
pcr11 =  NSE:BANKNIFTY26APR55300PE   8.48   7.38 CALL added 137550   PUT added 1015500
pcr12 =  NSE:BANKNIFTY26APR55200PE   6.9   5.41 CALL added 123480   PUT added 668190
pcr13 =  NSE:BANKNIFTY26APR55100PE   14.78   22.77 CALL added 17460   PUT added 397560
pcr14 =  NSE:BANKNIFTY26APR55000PE   6.19   -19.72 CALL unwind -30840   PUT added 608130
pcr15 =  NSE:BANKNIFTY26APR54900CE   16.65   -116.77 CALL unwind -1710   PUT added 199680
pcr16 =  NSE:BANKNIFTY26APR54800CE   23.19   -140.23 CALL unwind -1830   PUT added 256620
pcr17 =  NSE:BANKNIFTY26APR54700CE   16.77   -40.55 CALL unwind -4110   PUT added 166650
pcrSummation= 37.38  result =  ['NSE:BANKNIFTY26APR55900PE', 'NSE:BANKNIFTY26APR55800PE', 'NSE:BANKNIFTY26APR55700PE', 'NSE:BANKNIFTY26APR55600CE', 'NSE:BANKNIFTY26APR55500PE', 'NSE:BANKNIFTY26APR55400PE', 'NSE:BANKNIFTY26APR55300PE', 'NSE:BANKNIFTY26APR55200PE', 'NSE:BANKNIFTY26APR55100PE']
PCRSUM== 101.13
pcrSummation== 37.38
VOLPCRSUM== 6.540000000000001
spotLTP =  55491.05  ATM_STRIKE =  55500
check containskey22
IS_ATM_STRIKE_SHIFT = False  mapStrike = {55500: 55500}
avgOiPcrList2 = [np.float64(6.36), np.float64(5.95)] atmStrikeNotShiftedCount= 2
False   2   2
SUPP_RES=== 55500  Buffer= 50
CEoich val =  2592450.0  PEoich val =  3419340.0
================================================
IS_CHOI_DIFF_GT_25PERC== False
RSI_VAL1== 41.95
RSI_VAL2== 41.95
FUT_3m_OHLC O= 55500.0  H= 55519.8  L= 55467.0  C= 55504.2  Range= 52.8
newSynthFut =  55500
ATMStrike =  55500
AVG_OIPCR= 4.15
avgoiPCROld=  5.95
SUPP_RES = 55500
FUT LTP = 55504.2
CEchoi  PechOi = 2592450.0    3419340.0
====================================
totalOIPCR = 0.73
AVG_VOLPCR= 0.73
atmPCR= 0.24  belowATM  0.2
atmVolPCR= 0.51  belowATM  0.5
False   55504.2   55500   False   False   41.95
26APR
curr Doji False
NSE:BANKNIFTY26APR55500PE  curr candle vol pcr = 1.26  PE= 14733840  CE= 11650980      cpr =  0.79
NSE:BANKNIFTY26APR55500PE  prev candle vol pcr = 2.07  PE= 13852620  CE= 6681990      cpr =  0.48
ATM_CE_premium= 12.2  ATM_PE_premium= 31.0
CandleBody= 4.2  PrevBody= -95.0  CandleRange= 52.8  Bullish
TotalVol= 26384820  PrevTotalVol= 20534610  VolSpike= 1.28 x 
NSE:NIFTYBANK-INDEX  strikecount= 3   fyers <fyers_apiv3.fyersModel.FyersModel object at 0x727874695070>
======================================
oipcr1 =  NSE:BANKNIFTY26APR55800PE   0.2
oipcr2 =  NSE:BANKNIFTY26APR55700PE   0.19
oipcr3 =  NSE:BANKNIFTY26APR55600CE   0.31
oipcrBull = NoEntry  bulcount= 0  bearcount= 3 oipcrBear= BearTrade
atmpcr5 pcr6= 1.46    4.82
No Entry Yet
India VIX = 18.05  BN Price = 55427.95
IV Regime = ELEVATED | DailyRange = 1429.2 | 3minCandleRange = 125.4 | ATMoptionMove = 56.4 | SL = 124 | Target = 124 | TrailTrigger = 56 | Spread = 400 | HedgeDiv = 2.0
IV Params refreshed: {'vix': 18.05, 'bn_price': 55427.95, 'regime': 'ELEVATED', 'daily_range': 1429.2, 'candle_range': 125.4, 'atm_option_move': 56.4, 'sl_point': 124, 'target_point': 124, 'trail_trigger': 56, 'spread_width': 400, 'hedge_premium_divisor': 2.0, 'support_resistance_buffer': 50}
NSE:NIFTYBANK-INDEX  strikecount= 8   fyers <fyers_apiv3.fyersModel.FyersModel object at 0x727874695070>
===
====after 3 min ochain==== 2026-04-28 15:09:00.000003
26APR
                                    oipcr   choipcr
pcr1 =  NSE:BANKNIFTY26APR56200PE   0.13   -0.16 CALL added 808980   PUT unwind -127890
pcr2 =  NSE:BANKNIFTY26APR56100PE   0.2   0.02 CALL added 1189170   PUT added 22890
pcr3 =  NSE:BANKNIFTY26APR56000CE   0.41   0.1 CALL added 1648770   PUT added 171150
pcr4 =  NSE:BANKNIFTY26APR55900PE   0.27   0.01 CALL added 947520   PUT added 13380
pcr5 =  NSE:BANKNIFTY26APR55800PE   0.21   0.1 CALL added 1968870   PUT added 187140
pcr6 =  NSE:BANKNIFTY26APR55700PE   0.21    0.07 CALL added 1753230   PUT added 123660
pcr7 =  NSE:BANKNIFTY26APR55600CE   0.32   0.27 CALL added 3061800   PUT added 838080
pcr8 =  NSE:BANKNIFTY26APR55500PE   1.2   1.09 CALL added 3357510   PUT added 3649770
pcr9 =  NSE:BANKNIFTY26APR55400PE   4.12   4.01 CALL added 833400   PUT added 3342750
pcr10 =  NSE:BANKNIFTY26APR55300PE   6.57   5.61 CALL added 182280   PUT added 1022310
pcr11 =  NSE:BANKNIFTY26APR55200PE   7.08   5.66 CALL added 127050   PUT added 719670
pcr12 =  NSE:BANKNIFTY26APR55100PE   15.62   24.6 CALL added 17040   PUT added 419220
pcr13 =  NSE:BANKNIFTY26APR55000PE   6.41   -23.5 CALL unwind -28650   PUT added 673200
pcr14 =  NSE:BANKNIFTY26APR54900CE   15.81   -109.62 CALL unwind -1680   PUT added 184170
pcr15 =  NSE:BANKNIFTY26APR54800CE   23.04   -136.02 CALL unwind -1860   PUT added 252990
pcr16 =  NSE:BANKNIFTY26APR54700CE   20.98   -59.98 CALL unwind -4110   PUT added 246510
pcr17 =  NSE:BANKNIFTY26APR54600CE   17.14   -458.88 CALL unwind -480   PUT added 220260
pcrSummation= 41.739999999999995  result =  ['NSE:BANKNIFTY26APR55800PE', 'NSE:BANKNIFTY26APR55700PE', 'NSE:BANKNIFTY26APR55600CE', 'NSE:BANKNIFTY26APR55500PE', 'NSE:BANKNIFTY26APR55400PE', 'NSE:BANKNIFTY26APR55300PE', 'NSE:BANKNIFTY26APR55200PE', 'NSE:BANKNIFTY26APR55100PE', 'NSE:BANKNIFTY26APR55000PE']
PCRSUM== 119.72
pcrSummation== 41.74
VOLPCRSUM== 13.96
spotLTP =  55423.7  ATM_STRIKE =  55400
check containskey22
IS_ATM_STRIKE_SHIFT = True  mapStrike = {55400: 55400}
avgOiPcrList2 = [np.float64(7.04)] atmStrikeNotShiftedCount= 1
True   1   1
SUPP_RES=== 55500  Buffer= 50
CEoich val =  3357510.0  PEoich val =  3649770.0
================================================
IS_CHOI_DIFF_GT_25PERC== False
RSI_VAL1== 36.06
RSI_VAL2== 36.41
FUT_3m_OHLC O= 55476.8  H= 55488.0  L= 55432.0  C= 55448.8  Range= 56.0
newSynthFut =  55400
ATMStrike =  55400
AVG_OIPCR= 4.64
avgoiPCROld=  7.04
SUPP_RES = 55500
FUT LTP = 55448.8
CEchoi  PechOi = 3357510.0    3649770.0
====================================
totalOIPCR = 0.76
AVG_VOLPCR= 1.55
atmPCR= 0.21  belowATM  0.21
atmVolPCR= 0.49  belowATM  0.6
False   55448.8   55500   False   False   36.41
26APR
curr Doji False
NSE:BANKNIFTY26APR55400PE  curr candle vol pcr = 3.37  PE= 14111910  CE= 4187070      cpr =  0.3
NSE:BANKNIFTY26APR55500PE  prev candle vol pcr = 1.26  PE= 14733840  CE= 11650980      cpr =  0.79
ATM_CE_premium= 53.25  ATM_PE_premium= 1.9
CandleBody= -28.0  PrevBody= 4.2  CandleRange= 56.0  Bearish
TotalVol= 18298980  PrevTotalVol= 26384820  VolSpike= 0.69 x 
NSE:NIFTYBANK-INDEX  strikecount= 3   fyers <fyers_apiv3.fyersModel.FyersModel object at 0x727874695070>
======================================
oipcr1 =  NSE:BANKNIFTY26APR55700PE   0.21
oipcr2 =  NSE:BANKNIFTY26APR55600CE   0.32
oipcr3 =  NSE:BANKNIFTY26APR55500PE   1.2
oipcrBull = NoEntry  bulcount= 1  bearcount= 2 oipcrBear= BearTrade
atmpcr5 pcr6= 4.12    6.57
No Entry Yet
India VIX = 18.03  BN Price = 55397.85
IV Regime = ELEVATED | DailyRange = 1426.9 | 3minCandleRange = 125.1 | ATMoptionMove = 56.3 | SL = 124 | Target = 124 | TrailTrigger = 56 | Spread = 400 | HedgeDiv = 2.0
IV Params refreshed: {'vix': 18.03, 'bn_price': 55397.85, 'regime': 'ELEVATED', 'daily_range': 1426.9, 'candle_range': 125.1, 'atm_option_move': 56.3, 'sl_point': 124, 'target_point': 124, 'trail_trigger': 56, 'spread_width': 400, 'hedge_premium_divisor': 2.0, 'support_resistance_buffer': 50}
NSE:NIFTYBANK-INDEX  strikecount= 8   fyers <fyers_apiv3.fyersModel.FyersModel object at 0x727874695070>
===
====after 3 min ochain==== 2026-04-28 15:12:00.000006
26APR
                                    oipcr   choipcr
pcr1 =  NSE:BANKNIFTY26APR56200PE   0.15   -0.19 CALL added 683070   PUT unwind -130650
pcr2 =  NSE:BANKNIFTY26APR56100PE   0.23   0.02 CALL added 1045740   PUT added 21780
pcr3 =  NSE:BANKNIFTY26APR56000CE   0.42   0.11 CALL added 1552680   PUT added 163290
pcr4 =  NSE:BANKNIFTY26APR55900PE   0.27   0.01 CALL added 928320   PUT added 12690
pcr5 =  NSE:BANKNIFTY26APR55800PE   0.2   0.09 CALL added 2118240   PUT added 192780
pcr6 =  NSE:BANKNIFTY26APR55700PE   0.21    0.06 CALL added 1561440   PUT added 87900
pcr7 =  NSE:BANKNIFTY26APR55600CE   0.4   0.33 CALL added 2131950   PUT added 704820
pcr8 =  NSE:BANKNIFTY26APR55500PE   0.72   0.61 CALL added 4100070   PUT added 2496810
pcr9 =  NSE:BANKNIFTY26APR55400PE   3.62   3.54 CALL added 1298310   PUT added 4599450
pcr10 =  NSE:BANKNIFTY26APR55300PE   5.58   4.77 CALL added 234540   PUT added 1119900
pcr11 =  NSE:BANKNIFTY26APR55200PE   5.2   3.96 CALL added 174030   PUT added 689640
pcr12 =  NSE:BANKNIFTY26APR55100PE   14.44   21.28 CALL added 19560   PUT added 416250
pcr13 =  NSE:BANKNIFTY26APR55000PE   6.15   -25.07 CALL unwind -25320   PUT added 634650
pcr14 =  NSE:BANKNIFTY26APR54900CE   15.29   -103.79 CALL unwind -1680   PUT added 174360
pcr15 =  NSE:BANKNIFTY26APR54800CE   22.68   -149.11 CALL unwind -1680   PUT added 250500
pcr16 =  NSE:BANKNIFTY26APR54700CE   21.53   -51.82 CALL unwind -4710   PUT added 244080
pcr17 =  NSE:BANKNIFTY26APR54600CE   16.89   -184.54 CALL unwind -1110   PUT added 204840
pcrSummation= 36.519999999999996  result =  ['NSE:BANKNIFTY26APR55800PE', 'NSE:BANKNIFTY26APR55700PE', 'NSE:BANKNIFTY26APR55600CE', 'NSE:BANKNIFTY26APR55500PE', 'NSE:BANKNIFTY26APR55400PE', 'NSE:BANKNIFTY26APR55300PE', 'NSE:BANKNIFTY26APR55200PE', 'NSE:BANKNIFTY26APR55100PE', 'NSE:BANKNIFTY26APR55000PE']
PCRSUM== 113.98
pcrSummation== 36.52
VOLPCRSUM== 13.04
spotLTP =  55399.75  ATM_STRIKE =  55400
check containskey22
IS_ATM_STRIKE_SHIFT = False  mapStrike = {55400: 55400}
avgOiPcrList2 = [np.float64(7.04), np.float64(6.7)] atmStrikeNotShiftedCount= 2
False   2   2
SUPP_RES=== 55500  Buffer= 50
CEoich val =  4100070.0  PEoich val =  2496810.0
================================================
IS_CHOI_DIFF_GT_25PERC== True
RSI_VAL1== 34.99
RSI_VAL2== 34.72
FUT_3m_OHLC O= 55445.0  H= 55469.8  L= 55426.8  C= 55429.8  Range= 43.0
newSynthFut =  55400
ATMStrike =  55400
AVG_OIPCR= 4.06
avgoiPCROld=  6.7
SUPP_RES = 55500
FUT LTP = 55431.4
CEchoi  PechOi = 4100070.0    2496810.0
====================================
totalOIPCR = 0.77
AVG_VOLPCR= 1.45
atmPCR= 0.2  belowATM  0.21
atmVolPCR= 0.49  belowATM  0.6
True   55431.4   55500   False   False   34.72
26APR
curr Doji False
NSE:BANKNIFTY26APR55400PE  curr candle vol pcr = 3.26  PE= 13651470  CE= 4182420      cpr =  0.31
NSE:BANKNIFTY26APR55400PE  prev candle vol pcr = 3.37  PE= 14111910  CE= 4187070      cpr =  0.3
ATM_CE_premium= 38.25  ATM_PE_premium= 2.9
CandleBody= -15.2  PrevBody= -28.0  CandleRange= 43.0  Bearish
TotalVol= 17833890  PrevTotalVol= 18298980  VolSpike= 0.97 x 
NSE:NIFTYBANK-INDEX  strikecount= 3   fyers <fyers_apiv3.fyersModel.FyersModel object at 0x727874695070>
======================================
oipcr1 =  NSE:BANKNIFTY26APR55700PE   0.21
oipcr2 =  NSE:BANKNIFTY26APR55600CE   0.4
oipcr3 =  NSE:BANKNIFTY26APR55500PE   0.72
oipcrBull = NoEntry  bulcount= 0  bearcount= 3 oipcrBear= BearTrade
atmpcr5 pcr6= 3.62    5.58
No Entry Yet
India VIX = 18.09  BN Price = 55385.6
IV Regime = ELEVATED | DailyRange = 1431.3 | 3minCandleRange = 125.5 | ATMoptionMove = 56.5 | SL = 124 | Target = 124 | TrailTrigger = 56 | Spread = 400 | HedgeDiv = 2.0
IV Params refreshed: {'vix': 18.09, 'bn_price': 55385.6, 'regime': 'ELEVATED', 'daily_range': 1431.3, 'candle_range': 125.5, 'atm_option_move': 56.5, 'sl_point': 124, 'target_point': 124, 'trail_trigger': 56, 'spread_width': 400, 'hedge_premium_divisor': 2.0, 'support_resistance_buffer': 50}
NSE:NIFTYBANK-INDEX  strikecount= 8   fyers <fyers_apiv3.fyersModel.FyersModel object at 0x727874695070>
===
====after 3 min ochain==== 2026-04-28 15:15:00.000003
26APR
                                    oipcr   choipcr
pcr1 =  NSE:BANKNIFTY26APR56200PE   0.15   -0.23 CALL added 616350   PUT unwind -138960
pcr2 =  NSE:BANKNIFTY26APR56100PE   0.24   0.02 CALL added 959670   PUT added 21360
pcr3 =  NSE:BANKNIFTY26APR56000CE   0.46   0.11 CALL added 1405290   PUT added 157140
pcr4 =  NSE:BANKNIFTY26APR55900PE   0.3   0.01 CALL added 835860   PUT added 10950
pcr5 =  NSE:BANKNIFTY26APR55800PE   0.21   0.09 CALL added 2029890   PUT added 187950
pcr6 =  NSE:BANKNIFTY26APR55700PE   0.17    0.01 CALL added 1519140   PUT added 14520
pcr7 =  NSE:BANKNIFTY26APR55600CE   0.41   0.33 CALL added 1937880   PUT added 636660
pcr8 =  NSE:BANKNIFTY26APR55500PE   0.75   0.62 CALL added 3421620   PUT added 2126550
pcr9 =  NSE:BANKNIFTY26APR55400PE   3.13   3.06 CALL added 1692060   PUT added 5178450
pcr10 =  NSE:BANKNIFTY26APR55300PE   5.17   4.45 CALL added 269610   PUT added 1198800
pcr11 =  NSE:BANKNIFTY26APR55200PE   5.35   4.03 CALL added 161700   PUT added 652110
pcr12 =  NSE:BANKNIFTY26APR55100PE   13.98   19.87 CALL added 21450   PUT added 426210
pcr13 =  NSE:BANKNIFTY26APR55000PE   6.14   -27.48 CALL unwind -23430   PUT added 643800
pcr14 =  NSE:BANKNIFTY26APR54900CE   16.23   -109.93 CALL unwind -1740   PUT added 191280
pcr15 =  NSE:BANKNIFTY26APR54800CE   22.76   -149.95 CALL unwind -1680   PUT added 251910
pcr16 =  NSE:BANKNIFTY26APR54700CE   21.97   -54.01 CALL unwind -4680   PUT added 252750
pcr17 =  NSE:BANKNIFTY26APR54600CE   16.93   -185.11 CALL unwind -1110   PUT added 205470
pcrSummation= 35.31  result =  ['NSE:BANKNIFTY26APR55800PE', 'NSE:BANKNIFTY26APR55700PE', 'NSE:BANKNIFTY26APR55600CE', 'NSE:BANKNIFTY26APR55500PE', 'NSE:BANKNIFTY26APR55400PE', 'NSE:BANKNIFTY26APR55300PE', 'NSE:BANKNIFTY26APR55200PE', 'NSE:BANKNIFTY26APR55100PE', 'NSE:BANKNIFTY26APR55000PE']
PCRSUM== 114.35
pcrSummation== 35.31
VOLPCRSUM== 11.79
spotLTP =  55386.65  ATM_STRIKE =  55400
check containskey22
IS_ATM_STRIKE_SHIFT = False  mapStrike = {55400: 55400}
avgOiPcrList2 = [np.float64(7.04), np.float64(6.7), np.float64(6.73)] atmStrikeNotShiftedCount= 3
False   3   3
SUPP_RES=== 55500  Buffer= 50
CEoich val =  3421620.0  PEoich val =  2126550.0
================================================
IS_CHOI_DIFF_GT_25PERC== True
RSI_VAL1== 33.9
RSI_VAL2== 33.4
FUT_3m_OHLC O= 55431.4  H= 55440.0  L= 55400.0  C= 55414.8  Range= 40.0
recent two = [np.float64(6.7), np.float64(6.73)]
newSynthFut =  55400
ATMStrike =  55400
AVG_OIPCR= 3.92
avgoiPCROld=  6.73
SUPP_RES = 55500
FUT LTP = 55414.8
CEchoi  PechOi = 3421620.0    2126550.0
====================================
totalOIPCR = 0.8
AVG_VOLPCR= 1.31
atmPCR= 0.21  belowATM  0.17
atmVolPCR= 0.49  belowATM  0.6
True   55414.8   55500   False   False   33.4
26APR
curr Doji False
NSE:BANKNIFTY26APR55400PE  curr candle vol pcr = 2.49  PE= 21248940  CE= 8550210      cpr =  0.4
NSE:BANKNIFTY26APR55400PE  prev candle vol pcr = 3.26  PE= 13651470  CE= 4182420      cpr =  0.31
ATM_CE_premium= 23.75  ATM_PE_premium= 3.9
CandleBody= -16.6  PrevBody= -15.2  CandleRange= 40.0  Bearish
TotalVol= 29799150  PrevTotalVol= 17833890  VolSpike= 1.67 x 
NSE:NIFTYBANK-INDEX  strikecount= 3   fyers <fyers_apiv3.fyersModel.FyersModel object at 0x727874695070>
======================================
oipcr1 =  NSE:BANKNIFTY26APR55700PE   0.17
oipcr2 =  NSE:BANKNIFTY26APR55600CE   0.41
oipcr3 =  NSE:BANKNIFTY26APR55500PE   0.75
oipcrBull = NoEntry  bulcount= 0  bearcount= 3 oipcrBear= BearTrade
atmpcr5 pcr6= 3.13    5.17
No Entry Yet
End Of the Day
