26JUN
checkInstrument =  NSE:NIFTYBANK-INDEX
bnExpDate =  26JUN
BNFut (auto) = NSE:BANKNIFTY26JUNFUT
 -- not entered waiting for time--- 9 : 10
 -- not entered waiting for time--- 9 : 10
 -- not entered waiting for time--- 9 : 10
 -- not entered waiting for time--- 9 : 10
 -- not entered waiting for time--- 9 : 10
 -- not entered waiting for time--- 9 : 10
26JUN
checkInstrument =  NSE:NIFTYBANK-INDEX
bnExpDate =  26JUN
BNFut (auto) = NSE:BANKNIFTY26JUNFUT
 -- not entered waiting for time--- 9 : 16
 -- not entered waiting for time--- 9 : 16
 -- not entered waiting for time--- 9 : 16
 -- not entered waiting for time--- 9 : 16
 -- not entered waiting for time--- 9 : 16
 -- not entered waiting for time--- 9 : 16
 -- not entered waiting for time--- 9 : 16
 -- not entered waiting for time--- 9 : 16
 -- not entered waiting for time--- 9 : 16
 -- not entered waiting for time--- 9 : 16
 -- not entered waiting for time--- 9 : 16
 -- not entered waiting for time--- 9 : 16
 -- not entered waiting for time--- 9 : 16
 -- not entered waiting for time--- 9 : 16
 -- not entered waiting for time--- 9 : 16
 -- not entered waiting for time--- 9 : 16
 -- not entered waiting for time--- 9 : 16
 -- not entered waiting for time--- 9 : 16
 -- not entered waiting for time--- 9 : 16
 -- not entered waiting for time--- 9 : 16
 -- not entered waiting for time--- 9 : 16
 -- not entered waiting for time--- 9 : 16
 -- not entered waiting for time--- 9 : 16
 -- not entered waiting for time--- 9 : 16
 -- not entered waiting for time--- 9 : 16
 -- not entered waiting for time--- 9 : 16
 -- not entered waiting for time--- 9 : 16
 -- not entered waiting for time--- 9 : 16
 -- not entered waiting for time--- 9 : 16
 -- not entered waiting for time--- 9 : 16
 -- not entered waiting for time--- 9 : 16
 -- not entered waiting for time--- 9 : 16
 -- not entered waiting for time--- 9 : 16
 -- not entered waiting for time--- 9 : 16
 -- not entered waiting for time--- 9 : 16
 -- not entered waiting for time--- 9 : 16
 -- not entered waiting for time--- 9 : 16
 -- not entered waiting for time--- 9 : 16
 -- not entered waiting for time--- 9 : 16
 -- not entered waiting for time--- 9 : 16
 -- not entered waiting for time--- 9 : 16
Waiting for first candle to form. Current Second ==  0    2
Waiting for first candle to form. Current Second ==  1    2
Waiting for first candle to form. Current Second ==  2    2
Waiting for first candle to form. Current Second ==  3    2
Waiting for first candle to form. Current Second ==  4    2
Waiting for first candle to form. Current Second ==  5    2
Waiting for first candle to form. Current Second ==  6    2
Waiting for first candle to form. Current Second ==  7    2
Waiting for first candle to form. Current Second ==  8    2
Waiting for first candle to form. Current Second ==  9    2
Waiting for first candle to form. Current Second ==  10    2
Waiting for first candle to form. Current Second ==  11    2
Waiting for first candle to form. Current Second ==  12    2
Waiting for first candle to form. Current Second ==  13    2
Waiting for first candle to form. Current Second ==  14    2
Waiting for first candle to form. Current Second ==  15    2
Waiting for first candle to form. Current Second ==  16    2
Waiting for first candle to form. Current Second ==  17    2
Waiting for first candle to form. Current Second ==  18    2
Waiting for first candle to form. Current Second ==  19    2
Waiting for first candle to form. Current Second ==  20    2
Waiting for first candle to form. Current Second ==  21    2
Waiting for first candle to form. Current Second ==  22    2
Waiting for first candle to form. Current Second ==  23    2
Waiting for first candle to form. Current Second ==  24    2
Waiting for first candle to form. Current Second ==  25    2
Waiting for first candle to form. Current Second ==  26    2
Waiting for first candle to form. Current Second ==  27    2
Waiting for first candle to form. Current Second ==  28    2
Waiting for first candle to form. Current Second ==  29    2
Waiting for first candle to form. Current Second ==  30    2
Waiting for first candle to form. Current Second ==  31    2
Waiting for first candle to form. Current Second ==  32    2
Waiting for first candle to form. Current Second ==  33    2
Waiting for first candle to form. Current Second ==  34    2
Waiting for first candle to form. Current Second ==  35    2
Waiting for first candle to form. Current Second ==  36    2
Waiting for first candle to form. Current Second ==  37    2
Waiting for first candle to form. Current Second ==  38    2
Waiting for first candle to form. Current Second ==  39    2
Waiting for first candle to form. Current Second ==  40    2
Waiting for first candle to form. Current Second ==  41    2
Waiting for first candle to form. Current Second ==  42    2
Waiting for first candle to form. Current Second ==  43    2
Waiting for first candle to form. Current Second ==  44    2
Waiting for first candle to form. Current Second ==  45    2
Waiting for first candle to form. Current Second ==  46    2
Waiting for first candle to form. Current Second ==  47    2
Waiting for first candle to form. Current Second ==  48    2
Waiting for first candle to form. Current Second ==  49    2
Waiting for first candle to form. Current Second ==  50    2
Waiting for first candle to form. Current Second ==  51    2
Waiting for first candle to form. Current Second ==  52    2
Waiting for first candle to form. Current Second ==  53    2
Waiting for first candle to form. Current Second ==  54    2
Waiting for first candle to form. Current Second ==  55    2
Waiting for first candle to form. Current Second ==  56    2
Waiting for first candle to form. Current Second ==  57    2
Waiting for first candle to form. Current Second ==  58    2
Waiting for first candle to form. Current Second ==  59    2
India VIX = 16.24  BN Price = 53188.15
VIX_PERCENTILES_FETCHED: P25= 16.49  P50= 17.81  P75= 18.57  Min= 15.24  Max= 19.46
IV Regime = LOW (ADAPTIVE: P25= 16.49  P50= 17.81  P75= 18.57 ) | DailyRange = 1234.0 | 3minCandleRange = 64.9 (theoretical= 108.2 ) | ATMoptionMove = 29.2 | SL = 88 | Target = 88 | TrailTrigger = 29 | Spread = 300 | Buffer = 26
IV Params refreshed: {'vix': 16.24, 'bn_price': 53188.15, 'regime': 'LOW', 'regime_thresholds': 'P25=16.49 P50=17.81 P75=18.57', 'daily_range': 1234.0, 'candle_range': 64.9, 'atm_option_move': 29.2, 'sl_point': 88, 'target_point': 88, 'sl_pct_of_premium': 0.1, 'trail_trigger': 29, 'spread_width': 300, 'support_resistance_buffer': 26}
IV_RANK_DATA: VIX_30d_High= 19.46  VIX_30d_Low= 15.24  Current= 16.22  IV_Rank= 0.23
NSE:NIFTYBANK-INDEX  strikecount= 8   fyers <fyers_apiv3.fyersModel.FyersModel object at 0x7bf6cb3180e0>
===
====after 3 min ochain==== 2026-06-02 09:18:00.465443
26JUN
/home/ubuntu/trading-bot/Strategy_May_2026.py:700: RuntimeWarning: divide by zero encountered in scalar divide
  option_type[index1] == 'PE' else round(oich[index2] / oich[index1], 2)
                                    oipcr   choipcr
pcr1 =  NSE:BANKNIFTY26JUN54000PE   1.11   1.74 CALL unwind -7920   PUT unwind -13800
pcr2 =  NSE:BANKNIFTY26JUN53900PE   1.03   0.51 CALL unwind -2940   PUT unwind -1500
pcr3 =  NSE:BANKNIFTY26JUN53800CE   1.13   0.8 CALL unwind -1470   PUT unwind -1170
pcr4 =  NSE:BANKNIFTY26JUN53700CE   0.98   10.12 CALL unwind -480   PUT unwind -4860
pcr5 =  NSE:BANKNIFTY26JUN53600PE   0.88   -0.09 CALL added 4140   PUT unwind -390
pcr6 =  NSE:BANKNIFTY26JUN53500PE   1.55    -0.18 CALL added 16200   PUT unwind -2910
pcr7 =  NSE:BANKNIFTY26JUN53400PE   1.53   -0.25 CALL added 11700   PUT unwind -2970
pcr8 =  NSE:BANKNIFTY26JUN53300CE   1.59   0.18 CALL added 12660   PUT added 2280
pcr9 =  NSE:BANKNIFTY26JUN53200CE   2.1   0.51 CALL added 11700   PUT added 5910
pcr10 =  NSE:BANKNIFTY26JUN53100PE   2.63   1.01 CALL added 7200   PUT added 7260
pcr11 =  NSE:BANKNIFTY26JUN53000PE   4.3   1.34 CALL added 5760   PUT added 7740
pcr12 =  NSE:BANKNIFTY26JUN52900CE   4.23   16.4 CALL added 150   PUT added 2460
pcr13 =  NSE:BANKNIFTY26JUN52800CE   9.19   2.75 CALL added 120   PUT added 330
pcr14 =  NSE:BANKNIFTY26JUN52700PE   10.99   -inf CALL unwind 0   PUT unwind -1050
pcr15 =  NSE:BANKNIFTY26JUN52600PE   11.35   inf CALL unwind 0   PUT added 360
pcr16 =  NSE:BANKNIFTY26JUN52500CE   11.04   -8.83 CALL added 180   PUT unwind -1590
pcr17 =  NSE:BANKNIFTY26JUN52400PE   43.96   41.0 CALL added 30   PUT added 1230
pcrSummation= 13.420000000000002  result =  ['NSE:BANKNIFTY26JUN53900PE', 'NSE:BANKNIFTY26JUN53800CE', 'NSE:BANKNIFTY26JUN53700CE', 'NSE:BANKNIFTY26JUN53600PE', 'NSE:BANKNIFTY26JUN53500PE', 'NSE:BANKNIFTY26JUN53400PE', 'NSE:BANKNIFTY26JUN53300CE', 'NSE:BANKNIFTY26JUN53200CE', 'NSE:BANKNIFTY26JUN53100PE']
PCRSUM== 109.59
pcrSummation== 13.42
VOLPCRSUM== 8.74
spotLTP =  53189.7  ATM_STRIKE =  53200
IS_ATM_STRIKE_SHIFT = False  mapStrike = {53200: 53200}
avgOiPcrList2 = [np.float64(6.45)] atmStrikeNotShiftedCount= 1
False   1   1
SUPP_RES=== 53500  Buffer= 26
CEoich val =  16200.0  PEoich val =  -2910.0
 Either or both CE PE at suppRes unwinded i.e negative
================================================
IS_CHOI_DIFF_GT_25PERC== False
RSI_VAL1== 23.92
RSI_VAL2== 23.98
FUT_3m_OHLC O= 53500.0  H= 53572.4  L= 53401.0  C= 53489.6  Range= 171.4
CHART_PATTERN_DETECTED: DOUBLE_TOP_FORMING
  PATTERN_CONTEXT: Body= -10.4  Range= 171.4  ExpectedRange= 64.9  RangeRatio= 2.64  O= 53500.0  H= 53572.4  L= 53401.0  C= 53489.6
newSynthFut =  53500
ATMStrike =  53200
AVG_OIPCR= 1.49
avgoiPCROld=  6.45
SUPP_RES = 53500
FUT LTP = 53465.0
CEchoi  PechOi = 16200.0    -2910.0
====================================
totalOIPCR = 0.85
AVG_VOLPCR= 0.97
atmPCR= 0.88  belowATM  1.55
atmVolPCR= 0.83  belowATM  1.01
False   53465.0   53500   False   False   23.98
26JUN
curr Doji False
NSE:BANKNIFTY26JUN53500PE  curr candle vol pcr = 1.01  PE= 64950  CE= 64530      cpr =  0.99
NSE:BANKNIFTY26JUN53900PE  prev candle vol pcr = 0.62  PE= 4920  CE= 7890      cpr =  1.6
ATM_CE_premium= 1119.95  ATM_PE_premium= 1154.65
CE_PremChg= -251.9  PE_PremChg= 219.65
CandleBody= -10.4  PrevBody= -2.2  CandleRange= 171.4  Bearish
TotalVol= 129480  PrevTotalVol= 12810  VolSpike= 10.11 x  SPIKE!
SCALP_SCORE: BEAR | BullScore= 1  BearScore= 3 | Confidence= MEDIUM
  SCALP_BEAR_REASONS: 2ConsecBearCandles + VolSpike(10.11x)_bear + BreakoutCandle(2.6x)
DATAPOINT|09:18|FUT=53489.6|Body=-10.4|PrevBody=-2.2|Range=171.4|RangeRatio=2.64|CurrVolPCR=1.01|PrevVolPCR=0.62|CurrCPR=0.99|PrevCPR=1.6|VolSpike=10.11|CE_PremChg=-251.9|PE_PremChg=219.65|BullScore=1|BearScore=3|Dir=BEAR|Conf=MEDIUM
CHART_PATTERN_DETECTED: DOUBLE_TOP_FORMING
  PATTERN_CONTEXT: Body= -10.4  Range= 171.4  ExpectedRange= 64.9  RangeRatio= 2.64  O= 53500.0  H= 53572.4  L= 53401.0  C= 53489.6
NSE:NIFTYBANK-INDEX  strikecount= 3   fyers <fyers_apiv3.fyersModel.FyersModel object at 0x7bf6cb3180e0>
======================================
oipcr1 =  NSE:BANKNIFTY26JUN53500PE   1.55
oipcr2 =  NSE:BANKNIFTY26JUN53400PE   1.53
oipcr3 =  NSE:BANKNIFTY26JUN53300CE   1.59
oipcrBull = BullTrade  bulcount= 3  bearcount= 0 oipcrBear= NoEntry
atmpcr5 pcr6= 2.1    2.63
No Entry Yet
India VIX = 16.14  BN Price = 53280.95
IV Regime = LOW (ADAPTIVE: P25= 16.49  P50= 17.81  P75= 18.57 ) | DailyRange = 1228.5 | 3minCandleRange = 64.6 (theoretical= 107.7 ) | ATMoptionMove = 29.1 | SL = 87 | Target = 87 | TrailTrigger = 29 | Spread = 300 | Buffer = 26
IV Params refreshed: {'vix': 16.14, 'bn_price': 53280.95, 'regime': 'LOW', 'regime_thresholds': 'P25=16.49 P50=17.81 P75=18.57', 'daily_range': 1228.5, 'candle_range': 64.6, 'atm_option_move': 29.1, 'sl_point': 87, 'target_point': 87, 'sl_pct_of_premium': 0.1, 'trail_trigger': 29, 'spread_width': 300, 'support_resistance_buffer': 26}
NSE:NIFTYBANK-INDEX  strikecount= 8   fyers <fyers_apiv3.fyersModel.FyersModel object at 0x7bf6cb3180e0>
===
====after 3 min ochain==== 2026-06-02 09:21:00.000002
26JUN
/home/ubuntu/trading-bot/Strategy_May_2026.py:700: RuntimeWarning: divide by zero encountered in scalar divide
  option_type[index1] == 'PE' else round(oich[index2] / oich[index1], 2)
                                    oipcr   choipcr
pcr1 =  NSE:BANKNIFTY26JUN54100PE   0.67   -1.11 CALL added 1590   PUT unwind -1770
pcr2 =  NSE:BANKNIFTY26JUN54000PE   1.1   4.11 CALL unwind -4440   PUT unwind -18240
pcr3 =  NSE:BANKNIFTY26JUN53900PE   1.0   0.98 CALL unwind -3600   PUT unwind -3540
pcr4 =  NSE:BANKNIFTY26JUN53800CE   1.1   1.59 CALL unwind -1770   PUT unwind -2820
pcr5 =  NSE:BANKNIFTY26JUN53700CE   0.93   -17.25 CALL added 360   PUT unwind -6210
pcr6 =  NSE:BANKNIFTY26JUN53600PE   0.95    0.73 CALL unwind -2760   PUT unwind -2010
pcr7 =  NSE:BANKNIFTY26JUN53500PE   1.52   0.15 CALL added 26430   PUT added 3840
pcr8 =  NSE:BANKNIFTY26JUN53400PE   1.13   -0.07 CALL added 20310   PUT unwind -1410
pcr9 =  NSE:BANKNIFTY26JUN53300CE   1.36   0.33 CALL added 18450   PUT added 6060
pcr10 =  NSE:BANKNIFTY26JUN53200CE   1.6   0.68 CALL added 23310   PUT added 15930
pcr11 =  NSE:BANKNIFTY26JUN53100PE   3.0   1.96 CALL added 9780   PUT added 19140
pcr12 =  NSE:BANKNIFTY26JUN53000PE   4.22   1.24 CALL added 9510   PUT added 11760
pcr13 =  NSE:BANKNIFTY26JUN52900CE   4.06   10.75 CALL added 120   PUT added 1290
pcr14 =  NSE:BANKNIFTY26JUN52800CE   8.56   1.92 CALL added 390   PUT added 750
pcr15 =  NSE:BANKNIFTY26JUN52700PE   10.42   -27.5 CALL added 60   PUT unwind -1650
pcr16 =  NSE:BANKNIFTY26JUN52600PE   11.21   inf CALL unwind 0   PUT added 150
pcr17 =  NSE:BANKNIFTY26JUN52500CE   10.25   -0.74 CALL added 1710   PUT unwind -1260
pcrSummation= 10.69  result =  ['NSE:BANKNIFTY26JUN54000PE', 'NSE:BANKNIFTY26JUN53900PE', 'NSE:BANKNIFTY26JUN53800CE', 'NSE:BANKNIFTY26JUN53700CE', 'NSE:BANKNIFTY26JUN53600PE', 'NSE:BANKNIFTY26JUN53500PE', 'NSE:BANKNIFTY26JUN53400PE', 'NSE:BANKNIFTY26JUN53300CE', 'NSE:BANKNIFTY26JUN53200CE']
PCRSUM== 63.08
pcrSummation== 10.69
VOLPCRSUM== 6.84
spotLTP =  53290.3  ATM_STRIKE =  53300
IS_ATM_STRIKE_SHIFT = True  mapStrike = {53300: 53300}
avgOiPcrList2 = [np.float64(3.71)] atmStrikeNotShiftedCount= 1
True   1   1
SUPP_RES=== 53500  Buffer= 26
CEoich val =  26430.0  PEoich val =  3840.0
================================================
IS_CHOI_DIFF_GT_25PERC== True
RSI_VAL1== 33.73
RSI_VAL2== 33.39
FUT_3m_OHLC O= 53448.0  H= 53610.0  L= 53431.4  C= 53605.4  Range= 178.6
CHART_PATTERN_DETECTED: BULLISH_ENGULFING | STRONG_MOMENTUM_BULL
  PATTERN_CONTEXT: Body= 157.4  Range= 178.6  ExpectedRange= 64.6  RangeRatio= 2.76  O= 53448.0  H= 53610.0  L= 53431.4  C= 53605.4
newSynthFut =  53600
ATMStrike =  53300
AVG_OIPCR= 1.19
avgoiPCROld=  3.71
SUPP_RES = 53500
FUT LTP = 53610.0
CEchoi  PechOi = 26430.0    3840.0
====================================
totalOIPCR = 0.86
AVG_VOLPCR= 0.76
atmPCR= 0.93  belowATM  0.95
atmVolPCR= 0.98  belowATM  0.6
True   53610.0   53500   False   False   33.39
26JUN
curr Doji False
NSE:BANKNIFTY26JUN53400PE  curr candle vol pcr = 0.48  PE= 13170  CE= 27330      cpr =  2.08
NSE:BANKNIFTY26JUN53500PE  prev candle vol pcr = 1.01  PE= 64950  CE= 64530      cpr =  0.99
VOL_PRESSURE_WATCH: SINGLE_CANDLE_CALL_PRESSURE | currCPR= 2.08  prevCPR= 0.99
ATM_CE_premium= 1228.4  ATM_PE_premium= 1043.5
CE_PremChg= 85.75  PE_PremChg= -59.35
CandleBody= 157.4  PrevBody= -10.4  CandleRange= 178.6  Bullish
TotalVol= 40500  PrevTotalVol= 129480  VolSpike= 0.31 x 
SCALP_SCORE: NEUTRAL | BullScore= 2  BearScore= 2 | Confidence= LOW
DATAPOINT|09:21|FUT=53605.4|Body=157.4|PrevBody=-10.4|Range=178.6|RangeRatio=2.76|CurrVolPCR=0.48|PrevVolPCR=1.01|CurrCPR=2.08|PrevCPR=0.99|VolSpike=0.31|CE_PremChg=85.75|PE_PremChg=-59.35|BullScore=2|BearScore=2|Dir=NEUTRAL|Conf=LOW
CHART_PATTERN_DETECTED: BULLISH_ENGULFING | STRONG_MOMENTUM_BULL
  PATTERN_CONTEXT: Body= 157.4  Range= 178.6  ExpectedRange= 64.6  RangeRatio= 2.76  O= 53448.0  H= 53610.0  L= 53431.4  C= 53605.4
NSE:NIFTYBANK-INDEX  strikecount= 3   fyers <fyers_apiv3.fyersModel.FyersModel object at 0x7bf6cb3180e0>
======================================
oipcr1 =  NSE:BANKNIFTY26JUN53600PE   0.95
oipcr2 =  NSE:BANKNIFTY26JUN53500PE   1.52
oipcr3 =  NSE:BANKNIFTY26JUN53400PE   1.13
oipcrBull = BullTrade  bulcount= 2  bearcount= 1 oipcrBear= NoEntry
atmpcr5 pcr6= 1.36    1.6
No Entry Yet
India VIX = 16.16  BN Price = 53353.65
IV Regime = LOW (ADAPTIVE: P25= 16.49  P50= 17.81  P75= 18.57 ) | DailyRange = 1231.7 | 3minCandleRange = 64.8 (theoretical= 108.0 ) | ATMoptionMove = 29.2 | SL = 88 | Target = 88 | TrailTrigger = 29 | Spread = 300 | Buffer = 26
IV Params refreshed: {'vix': 16.16, 'bn_price': 53353.65, 'regime': 'LOW', 'regime_thresholds': 'P25=16.49 P50=17.81 P75=18.57', 'daily_range': 1231.7, 'candle_range': 64.8, 'atm_option_move': 29.2, 'sl_point': 88, 'target_point': 88, 'sl_pct_of_premium': 0.1, 'trail_trigger': 29, 'spread_width': 300, 'support_resistance_buffer': 26}
NSE:NIFTYBANK-INDEX  strikecount= 8   fyers <fyers_apiv3.fyersModel.FyersModel object at 0x7bf6cb3180e0>
===
====after 3 min ochain==== 2026-06-02 09:24:00.000002
26JUN
/home/ubuntu/trading-bot/Strategy_May_2026.py:700: RuntimeWarning: divide by zero encountered in scalar divide
  option_type[index1] == 'PE' else round(oich[index2] / oich[index1], 2)
                                    oipcr   choipcr
pcr1 =  NSE:BANKNIFTY26JUN54200PE   0.66   -0.77 CALL added 3450   PUT unwind -2670
pcr2 =  NSE:BANKNIFTY26JUN54100PE   0.65   -0.79 CALL added 2850   PUT unwind -2250
pcr3 =  NSE:BANKNIFTY26JUN54000PE   1.1   42.85 CALL unwind -390   PUT unwind -16710
pcr4 =  NSE:BANKNIFTY26JUN53900PE   0.97   1.65 CALL unwind -2730   PUT unwind -4500
pcr5 =  NSE:BANKNIFTY26JUN53800CE   1.01   -1.98 CALL added 1650   PUT unwind -3270
pcr6 =  NSE:BANKNIFTY26JUN53700CE   0.9    -6.49 CALL added 1050   PUT unwind -6810
pcr7 =  NSE:BANKNIFTY26JUN53600PE   0.94   0.2 CALL unwind -300   PUT unwind -60
pcr8 =  NSE:BANKNIFTY26JUN53500PE   1.53   0.38 CALL added 27420   PUT added 10320
pcr9 =  NSE:BANKNIFTY26JUN53400PE   1.14   -0.06 CALL added 20130   PUT unwind -1290
pcr10 =  NSE:BANKNIFTY26JUN53300CE   1.37   0.53 CALL added 22830   PUT added 12180
pcr11 =  NSE:BANKNIFTY26JUN53200CE   1.71   0.93 CALL added 26730   PUT added 24780
pcr12 =  NSE:BANKNIFTY26JUN53100PE   3.23   2.22 CALL added 9060   PUT added 20100
pcr13 =  NSE:BANKNIFTY26JUN53000PE   4.24   1.51 CALL added 9480   PUT added 14280
pcr14 =  NSE:BANKNIFTY26JUN52900CE   4.12   9.71 CALL added 210   PUT added 2040
pcr15 =  NSE:BANKNIFTY26JUN52800CE   8.39   2.0 CALL added 480   PUT added 960
pcr16 =  NSE:BANKNIFTY26JUN52700PE   8.07   -3.05 CALL added 660   PUT unwind -2010
pcr17 =  NSE:BANKNIFTY26JUN52600PE   11.5   inf CALL unwind 0   PUT added 600
pcrSummation= 9.61  result =  ['NSE:BANKNIFTY26JUN54100PE', 'NSE:BANKNIFTY26JUN54000PE', 'NSE:BANKNIFTY26JUN53900PE', 'NSE:BANKNIFTY26JUN53800CE', 'NSE:BANKNIFTY26JUN53700CE', 'NSE:BANKNIFTY26JUN53600PE', 'NSE:BANKNIFTY26JUN53500PE', 'NSE:BANKNIFTY26JUN53400PE', 'NSE:BANKNIFTY26JUN53300CE']
PCRSUM== 51.53
pcrSummation== 9.61
VOLPCRSUM== 5.809999999999999
spotLTP =  53357.85  ATM_STRIKE =  53400
IS_ATM_STRIKE_SHIFT = True  mapStrike = {53400: 53400}
avgOiPcrList2 = [np.float64(3.03)] atmStrikeNotShiftedCount= 1
True   1   1
SUPP_RES=== 53500  Buffer= 26
CEoich val =  27420.0  PEoich val =  10320.0
================================================
IS_CHOI_DIFF_GT_25PERC== True
RSI_VAL1== 39.52
RSI_VAL2== 38.66
FUT_3m_OHLC O= 53616.4  H= 53692.6  L= 53569.4  C= 53680.0  Range= 123.2
CHART_PATTERN: None
newSynthFut =  53700
ATMStrike =  53400
AVG_OIPCR= 1.07
avgoiPCROld=  3.03
SUPP_RES = 53500
FUT LTP = 53692.4
CEchoi  PechOi = 27420.0    10320.0
====================================
totalOIPCR = 0.86
AVG_VOLPCR= 0.65
atmPCR= 1.01  belowATM  0.9
atmVolPCR= 0.76  belowATM  0.94
True   53692.4   53500   False   False   38.66
26JUN
curr Doji False
NSE:BANKNIFTY26JUN53600PE  curr candle vol pcr = 1.38  PE= 8760  CE= 6360      cpr =  0.73
NSE:BANKNIFTY26JUN53400PE  prev candle vol pcr = 0.48  PE= 13170  CE= 27330      cpr =  2.08
VOL_PRESSURE_WATCH: SINGLE_CANDLE_CALL_PRESSURE | currCPR= 0.73  prevCPR= 2.08
ATM_CE_premium= 1157.3  ATM_PE_premium= 1093.65
CE_PremChg= 40.25  PE_PremChg= -40.35
CandleBody= 63.6  PrevBody= 157.4  CandleRange= 123.2  Bullish
TotalVol= 15120  PrevTotalVol= 40500  VolSpike= 0.37 x 
SCALP_SCORE: BULL | BullScore= 2  BearScore= 1 | Confidence= LOW
DATAPOINT|09:24|FUT=53680.0|Body=63.6|PrevBody=157.4|Range=123.2|RangeRatio=1.9|CurrVolPCR=1.38|PrevVolPCR=0.48|CurrCPR=0.73|PrevCPR=2.08|VolSpike=0.37|CE_PremChg=40.25|PE_PremChg=-40.35|BullScore=2|BearScore=1|Dir=BULL|Conf=LOW
CHART_PATTERN: None
NSE:NIFTYBANK-INDEX  strikecount= 3   fyers <fyers_apiv3.fyersModel.FyersModel object at 0x7bf6cb3180e0>
======================================
oipcr1 =  NSE:BANKNIFTY26JUN53700CE   0.9
oipcr2 =  NSE:BANKNIFTY26JUN53600PE   0.94
oipcr3 =  NSE:BANKNIFTY26JUN53500PE   1.53
oipcrBull = NoEntry  bulcount= 1  bearcount= 2 oipcrBear= BearTrade
atmpcr5 pcr6= 1.14    1.37
No Entry Yet
India VIX = 16.11  BN Price = 53312.45
IV Regime = LOW (ADAPTIVE: P25= 16.49  P50= 17.81  P75= 18.57 ) | DailyRange = 1226.9 | 3minCandleRange = 64.6 (theoretical= 107.6 ) | ATMoptionMove = 29.1 | SL = 87 | Target = 87 | TrailTrigger = 29 | Spread = 300 | Buffer = 26
IV Params refreshed: {'vix': 16.11, 'bn_price': 53312.45, 'regime': 'LOW', 'regime_thresholds': 'P25=16.49 P50=17.81 P75=18.57', 'daily_range': 1226.9, 'candle_range': 64.6, 'atm_option_move': 29.1, 'sl_point': 87, 'target_point': 87, 'sl_pct_of_premium': 0.1, 'trail_trigger': 29, 'spread_width': 300, 'support_resistance_buffer': 26}
NSE:NIFTYBANK-INDEX  strikecount= 8   fyers <fyers_apiv3.fyersModel.FyersModel object at 0x7bf6cb3180e0>
===
====after 3 min ochain==== 2026-06-02 09:27:00.000002
26JUN
/home/ubuntu/trading-bot/Strategy_May_2026.py:700: RuntimeWarning: divide by zero encountered in scalar divide
  option_type[index1] == 'PE' else round(oich[index2] / oich[index1], 2)
                                    oipcr   choipcr
pcr1 =  NSE:BANKNIFTY26JUN54100PE   0.64   -0.61 CALL added 3660   PUT unwind -2220
pcr2 =  NSE:BANKNIFTY26JUN54000PE   1.09   -2.72 CALL added 6240   PUT unwind -16950
pcr3 =  NSE:BANKNIFTY26JUN53900PE   0.92   5.09 CALL unwind -1050   PUT unwind -5340
pcr4 =  NSE:BANKNIFTY26JUN53800CE   0.98   -0.69 CALL added 3960   PUT unwind -2730
pcr5 =  NSE:BANKNIFTY26JUN53700CE   0.91   -11.5 CALL added 600   PUT unwind -6900
pcr6 =  NSE:BANKNIFTY26JUN53600PE   0.94    1.53 CALL added 510   PUT added 780
pcr7 =  NSE:BANKNIFTY26JUN53500PE   1.55   0.58 CALL added 29970   PUT added 17280
pcr8 =  NSE:BANKNIFTY26JUN53400PE   1.14   0.05 CALL added 22230   PUT added 1170
pcr9 =  NSE:BANKNIFTY26JUN53300CE   1.51   0.8 CALL added 25830   PUT added 20610
pcr10 =  NSE:BANKNIFTY26JUN53200CE   1.84   1.06 CALL added 25830   PUT added 27480
pcr11 =  NSE:BANKNIFTY26JUN53100PE   3.43   2.43 CALL added 8340   PUT added 20250
pcr12 =  NSE:BANKNIFTY26JUN53000PE   4.29   2.03 CALL added 8100   PUT added 16440
pcr13 =  NSE:BANKNIFTY26JUN52900CE   4.06   5.75 CALL added 480   PUT added 2760
pcr14 =  NSE:BANKNIFTY26JUN52800CE   8.83   3.36 CALL added 330   PUT added 1110
pcr15 =  NSE:BANKNIFTY26JUN52700PE   8.16   -2.68 CALL added 660   PUT unwind -1770
pcr16 =  NSE:BANKNIFTY26JUN52600PE   11.75   inf CALL unwind 0   PUT added 990
pcr17 =  NSE:BANKNIFTY26JUN52500CE   9.94   -0.06 CALL added 2490   PUT unwind -150
pcrSummation= 9.68  result =  ['NSE:BANKNIFTY26JUN54100PE', 'NSE:BANKNIFTY26JUN54000PE', 'NSE:BANKNIFTY26JUN53900PE', 'NSE:BANKNIFTY26JUN53800CE', 'NSE:BANKNIFTY26JUN53700CE', 'NSE:BANKNIFTY26JUN53600PE', 'NSE:BANKNIFTY26JUN53500PE', 'NSE:BANKNIFTY26JUN53400PE', 'NSE:BANKNIFTY26JUN53300CE']
PCRSUM== 61.98
pcrSummation== 9.68
VOLPCRSUM== 6.760000000000001
spotLTP =  53317.0  ATM_STRIKE =  53300
IS_ATM_STRIKE_SHIFT = True  mapStrike = {53300: 53300}
avgOiPcrList2 = [np.float64(3.65)] atmStrikeNotShiftedCount= 1
True   1   1
SUPP_RES=== 53500  Buffer= 26
CEoich val =  29970.0  PEoich val =  17280.0
================================================
IS_CHOI_DIFF_GT_25PERC== True
RSI_VAL1== 37.8
RSI_VAL2== 37.8
FUT_3m_OHLC O= 53692.4  H= 53697.2  L= 53600.0  C= 53660.0  Range= 97.2
CHART_PATTERN: None
newSynthFut =  53700
ATMStrike =  53300
AVG_OIPCR= 1.08
avgoiPCROld=  3.65
SUPP_RES = 53500
FUT LTP = 53660.0
CEchoi  PechOi = 29970.0    17280.0
====================================
totalOIPCR = 0.86
AVG_VOLPCR= 0.75
atmPCR= 0.91  belowATM  0.94
atmVolPCR= 0.96  belowATM  0.75
True   53660.0   53500   False   False   37.8
26JUN
curr Doji False
NSE:BANKNIFTY26JUN53600PE  curr candle vol pcr = 1.22  PE= 7230  CE= 5910      cpr =  0.82
NSE:BANKNIFTY26JUN53600PE  prev candle vol pcr = 1.38  PE= 8760  CE= 6360      cpr =  0.73
ATM_CE_premium= 1125.2  ATM_PE_premium= 1108.45
CE_PremChg= -32.1  PE_PremChg= 14.8
CandleBody= -32.4  PrevBody= 63.6  CandleRange= 97.2  Bearish
TotalVol= 13140  PrevTotalVol= 15120  VolSpike= 0.87 x 
SCALP_SCORE: NEUTRAL | BullScore= 1  BearScore= 1 | Confidence= LOW
DATAPOINT|09:27|FUT=53660.0|Body=-32.4|PrevBody=63.6|Range=97.2|RangeRatio=1.5|CurrVolPCR=1.22|PrevVolPCR=1.38|CurrCPR=0.82|PrevCPR=0.73|VolSpike=0.87|CE_PremChg=-32.1|PE_PremChg=14.8|BullScore=1|BearScore=1|Dir=NEUTRAL|Conf=LOW
CHART_PATTERN: None
NSE:NIFTYBANK-INDEX  strikecount= 3   fyers <fyers_apiv3.fyersModel.FyersModel object at 0x7bf6cb3180e0>
======================================
oipcr1 =  NSE:BANKNIFTY26JUN53600PE   0.94
oipcr2 =  NSE:BANKNIFTY26JUN53500PE   1.55
oipcr3 =  NSE:BANKNIFTY26JUN53400PE   1.14
oipcrBull = BullTrade  bulcount= 2  bearcount= 1 oipcrBear= NoEntry
atmpcr5 pcr6= 1.51    1.84
No Entry Yet
India VIX = 16.09  BN Price = 53302.55
IV Regime = LOW (ADAPTIVE: P25= 16.49  P50= 17.81  P75= 18.57 ) | DailyRange = 1225.2 | 3minCandleRange = 64.5 (theoretical= 107.5 ) | ATMoptionMove = 29.0 | SL = 87 | Target = 87 | TrailTrigger = 29 | Spread = 300 | Buffer = 26
IV Params refreshed: {'vix': 16.09, 'bn_price': 53302.55, 'regime': 'LOW', 'regime_thresholds': 'P25=16.49 P50=17.81 P75=18.57', 'daily_range': 1225.2, 'candle_range': 64.5, 'atm_option_move': 29.0, 'sl_point': 87, 'target_point': 87, 'sl_pct_of_premium': 0.1, 'trail_trigger': 29, 'spread_width': 300, 'support_resistance_buffer': 26}
NSE:NIFTYBANK-INDEX  strikecount= 8   fyers <fyers_apiv3.fyersModel.FyersModel object at 0x7bf6cb3180e0>
===
====after 3 min ochain==== 2026-06-02 09:30:00.000005
26JUN
/home/ubuntu/trading-bot/Strategy_May_2026.py:700: RuntimeWarning: divide by zero encountered in scalar divide
  option_type[index1] == 'PE' else round(oich[index2] / oich[index1], 2)
                                    oipcr   choipcr
pcr1 =  NSE:BANKNIFTY26JUN54100PE   0.63   -1.08 CALL added 2790   PUT unwind -3000
pcr2 =  NSE:BANKNIFTY26JUN54000PE   1.08   -2.95 CALL added 6810   PUT unwind -20100
pcr3 =  NSE:BANKNIFTY26JUN53900PE   0.91   7.0 CALL unwind -810   PUT unwind -5670
pcr4 =  NSE:BANKNIFTY26JUN53800CE   0.98   -0.79 CALL added 3720   PUT unwind -2940
pcr5 =  NSE:BANKNIFTY26JUN53700CE   0.9   -10.43 CALL added 690   PUT unwind -7200
pcr6 =  NSE:BANKNIFTY26JUN53600PE   0.92    -6.5 CALL added 120   PUT unwind -780
pcr7 =  NSE:BANKNIFTY26JUN53500PE   1.52   0.55 CALL added 35940   PUT added 19680
pcr8 =  NSE:BANKNIFTY26JUN53400PE   1.17   0.11 CALL added 22710   PUT added 2460
pcr9 =  NSE:BANKNIFTY26JUN53300CE   1.53   0.9 CALL added 28950   PUT added 26100
pcr10 =  NSE:BANKNIFTY26JUN53200CE   1.98   1.22 CALL added 25590   PUT added 31230
pcr11 =  NSE:BANKNIFTY26JUN53100PE   3.34   2.34 CALL added 8730   PUT added 20460
pcr12 =  NSE:BANKNIFTY26JUN53000PE   4.36   3.07 CALL added 6750   PUT added 20700
pcr13 =  NSE:BANKNIFTY26JUN52900CE   4.13   6.93 CALL added 450   PUT added 3120
pcr14 =  NSE:BANKNIFTY26JUN52800CE   8.79   3.85 CALL added 390   PUT added 1500
pcr15 =  NSE:BANKNIFTY26JUN52700PE   8.19   -2.55 CALL added 660   PUT unwind -1680
pcr16 =  NSE:BANKNIFTY26JUN52600PE   11.69   inf CALL unwind 0   PUT added 900
pcr17 =  NSE:BANKNIFTY26JUN52500CE   10.07   0.8 CALL added 2400   PUT added 1920
pcrSummation= 10.99  result =  ['NSE:BANKNIFTY26JUN54000PE', 'NSE:BANKNIFTY26JUN53900PE', 'NSE:BANKNIFTY26JUN53800CE', 'NSE:BANKNIFTY26JUN53700CE', 'NSE:BANKNIFTY26JUN53600PE', 'NSE:BANKNIFTY26JUN53500PE', 'NSE:BANKNIFTY26JUN53400PE', 'NSE:BANKNIFTY26JUN53300CE', 'NSE:BANKNIFTY26JUN53200CE']
PCRSUM== 62.19
pcrSummation== 10.99
VOLPCRSUM== 6.72
spotLTP =  53304.65  ATM_STRIKE =  53300
IS_ATM_STRIKE_SHIFT = False  mapStrike = {53300: 53300}
avgOiPcrList2 = [np.float64(3.65), np.float64(3.66)] atmStrikeNotShiftedCount= 2
False   2   2
SUPP_RES=== 53500  Buffer= 26
CEoich val =  35940.0  PEoich val =  19680.0
================================================
IS_CHOI_DIFF_GT_25PERC== True
RSI_VAL1== 36.19
RSI_VAL2== 36.23
FUT_3m_OHLC O= 53660.0  H= 53690.0  L= 53600.8  C= 53624.0  Range= 89.2
CHART_PATTERN_DETECTED: INSIDE_BAR | DOUBLE_TOP_FORMING
  PATTERN_CONTEXT: Body= -36.0  Range= 89.2  ExpectedRange= 64.5  RangeRatio= 1.38  O= 53660.0  H= 53690.0  L= 53600.8  C= 53624.0
newSynthFut =  53600
ATMStrike =  53300
AVG_OIPCR= 1.22
avgoiPCROld=  3.66
SUPP_RES = 53500
FUT LTP = 53623.2
CEchoi  PechOi = 35940.0    19680.0
====================================
totalOIPCR = 0.86
AVG_VOLPCR= 0.75
atmPCR= 0.9  belowATM  0.92
atmVolPCR= 0.91  belowATM  0.76
True   53623.2   53500   False   False   36.23
26JUN
curr Doji False
NSE:BANKNIFTY26JUN53600PE  curr candle vol pcr = 0.97  PE= 3480  CE= 3570      cpr =  1.03
NSE:BANKNIFTY26JUN53600PE  prev candle vol pcr = 1.22  PE= 7230  CE= 5910      cpr =  0.82
ATM_CE_premium= 1138.0  ATM_PE_premium= 1112.4
CE_PremChg= 12.8  PE_PremChg= 3.95
CandleBody= -36.0  PrevBody= -32.4  CandleRange= 89.2  Bearish
TotalVol= 7050  PrevTotalVol= 13140  VolSpike= 0.54 x 
SCALP_SCORE: BEAR | BullScore= 0  BearScore= 2 | Confidence= LOW
DATAPOINT|09:30|FUT=53624.0|Body=-36.0|PrevBody=-32.4|Range=89.2|RangeRatio=1.38|CurrVolPCR=0.97|PrevVolPCR=1.22|CurrCPR=1.03|PrevCPR=0.82|VolSpike=0.54|CE_PremChg=12.8|PE_PremChg=3.95|BullScore=0|BearScore=2|Dir=BEAR|Conf=LOW
CHART_PATTERN_DETECTED: INSIDE_BAR | DOUBLE_TOP_FORMING
  PATTERN_CONTEXT: Body= -36.0  Range= 89.2  ExpectedRange= 64.5  RangeRatio= 1.38  O= 53660.0  H= 53690.0  L= 53600.8  C= 53624.0
NSE:NIFTYBANK-INDEX  strikecount= 3   fyers <fyers_apiv3.fyersModel.FyersModel object at 0x7bf6cb3180e0>
======================================
oipcr1 =  NSE:BANKNIFTY26JUN53600PE   0.92
oipcr2 =  NSE:BANKNIFTY26JUN53500PE   1.52
oipcr3 =  NSE:BANKNIFTY26JUN53400PE   1.17
oipcrBull = BullTrade  bulcount= 2  bearcount= 1 oipcrBear= NoEntry
atmpcr5 pcr6= 1.53    1.98
No Entry Yet
India VIX = 16.06  BN Price = 53249.0
IV Regime = LOW (ADAPTIVE: P25= 16.49  P50= 17.81  P75= 18.57 ) | DailyRange = 1221.7 | 3minCandleRange = 64.3 (theoretical= 107.1 ) | ATMoptionMove = 28.9 | SL = 87 | Target = 87 | TrailTrigger = 29 | Spread = 300 | Buffer = 26
IV Params refreshed: {'vix': 16.06, 'bn_price': 53249.0, 'regime': 'LOW', 'regime_thresholds': 'P25=16.49 P50=17.81 P75=18.57', 'daily_range': 1221.7, 'candle_range': 64.3, 'atm_option_move': 28.9, 'sl_point': 87, 'target_point': 87, 'sl_pct_of_premium': 0.1, 'trail_trigger': 29, 'spread_width': 300, 'support_resistance_buffer': 26}
NSE:NIFTYBANK-INDEX  strikecount= 8   fyers <fyers_apiv3.fyersModel.FyersModel object at 0x7bf6cb3180e0>
===
====after 3 min ochain==== 2026-06-02 09:33:00.000003
26JUN
/home/ubuntu/trading-bot/Strategy_May_2026.py:700: RuntimeWarning: divide by zero encountered in scalar divide
  option_type[index1] == 'PE' else round(oich[index2] / oich[index1], 2)
                                    oipcr   choipcr
pcr1 =  NSE:BANKNIFTY26JUN54000PE   1.07   -1.6 CALL added 13530   PUT unwind -21630
pcr2 =  NSE:BANKNIFTY26JUN53900PE   0.9   7.52 CALL unwind -810   PUT unwind -6090
pcr3 =  NSE:BANKNIFTY26JUN53800CE   0.96   -0.78 CALL added 4260   PUT unwind -3330
pcr4 =  NSE:BANKNIFTY26JUN53700CE   0.92   -9.81 CALL added 630   PUT unwind -6180
pcr5 =  NSE:BANKNIFTY26JUN53600PE   0.92   -0.95 CALL added 630   PUT unwind -600
pcr6 =  NSE:BANKNIFTY26JUN53500PE   1.5    0.57 CALL added 42930   PUT added 24300
pcr7 =  NSE:BANKNIFTY26JUN53400PE   1.15   0.15 CALL added 24360   PUT added 3690
pcr8 =  NSE:BANKNIFTY26JUN53300CE   1.55   1.0 CALL added 33270   PUT added 33270
pcr9 =  NSE:BANKNIFTY26JUN53200CE   1.87   1.16 CALL added 28110   PUT added 32520
pcr10 =  NSE:BANKNIFTY26JUN53100PE   3.56   2.63 CALL added 8400   PUT added 22080
pcr11 =  NSE:BANKNIFTY26JUN53000PE   4.34   2.85 CALL added 7800   PUT added 22200
pcr12 =  NSE:BANKNIFTY26JUN52900CE   4.15   7.13 CALL added 450   PUT added 3210
pcr13 =  NSE:BANKNIFTY26JUN52800CE   8.74   3.79 CALL added 420   PUT added 1590
pcr14 =  NSE:BANKNIFTY26JUN52700PE   8.21   -2.45 CALL added 660   PUT unwind -1620
pcr15 =  NSE:BANKNIFTY26JUN52600PE   11.6   inf CALL unwind 0   PUT added 750
pcr16 =  NSE:BANKNIFTY26JUN52500CE   9.96   0.73 CALL added 2640   PUT added 1920
pcr17 =  NSE:BANKNIFTY26JUN52400PE   44.71   inf CALL unwind 0   PUT added 450
pcrSummation= 10.84  result =  ['NSE:BANKNIFTY26JUN54000PE', 'NSE:BANKNIFTY26JUN53900PE', 'NSE:BANKNIFTY26JUN53800CE', 'NSE:BANKNIFTY26JUN53700CE', 'NSE:BANKNIFTY26JUN53600PE', 'NSE:BANKNIFTY26JUN53500PE', 'NSE:BANKNIFTY26JUN53400PE', 'NSE:BANKNIFTY26JUN53300CE', 'NSE:BANKNIFTY26JUN53200CE']
PCRSUM== 106.11
pcrSummation== 10.84
VOLPCRSUM== 7.780000000000001
spotLTP =  53250.45  ATM_STRIKE =  53300
IS_ATM_STRIKE_SHIFT = False  mapStrike = {53300: 53300}
avgOiPcrList2 = [np.float64(3.65), np.float64(3.66), np.float64(6.24)] atmStrikeNotShiftedCount= 3
False   3   3
SUPP_RES=== 53500  Buffer= 26
CEoich val =  42930.0  PEoich val =  24300.0
================================================
IS_CHOI_DIFF_GT_25PERC== True
RSI_VAL1== 35.41
RSI_VAL2== 33.87
FUT_3m_OHLC O= 53639.6  H= 53660.4  L= 53566.0  C= 53568.0  Range= 94.4
CHART_PATTERN_DETECTED: THREE_BLACK_CROWS | DOUBLE_TOP_FORMING | DOUBLE_BOTTOM_FORMING | STRONG_MOMENTUM_BEAR
  PATTERN_CONTEXT: Body= -71.6  Range= 94.4  ExpectedRange= 64.3  RangeRatio= 1.47  O= 53639.6  H= 53660.4  L= 53566.0  C= 53568.0
isPcrInc = True
newSynthFut =  53600
ATMStrike =  53300
AVG_OIPCR= 1.2
avgoiPCROld=  6.24
SUPP_RES = 53500
FUT LTP = 53587.0
CEchoi  PechOi = 42930.0    24300.0
====================================
totalOIPCR = 0.86
AVG_VOLPCR= 0.86
atmPCR= 0.92  belowATM  1.5
atmVolPCR= 0.78  belowATM  0.94
True   53587.0   53500   True   False   33.87
In Bull trade, slCount =  0
26JUN
SPREAD_CALC_AT_ENTRY: ATM_PE= 963.7  ATM_CE= 1318.95  AvgATM= 1141.33
==================================================
SPREAD_SELECTION: Type= DEBIT | Score= -1 | DTE= 28 | PremRatio= 2.08 | IVRank= 0.23
SPREAD_REASONS: DTE=28(>7:DEBIT) | PremRatio=2.08(≥2.0:CREDIT) | IVRank=0.23(<0.30:DEBIT)
==================================================
SPREAD_DECISION_AT_ENTRY: {'type': 'DEBIT', 'score': -1, 'dte': 28, 'premium_ratio': 2.08, 'iv_rank': 0.23, 'vix_30d_high': 19.46, 'vix_30d_low': 15.24, 'reasons': ['DTE=28(>7:DEBIT)', 'PremRatio=2.08(≥2.0:CREDIT)', 'IVRank=0.23(<0.30:DEBIT)']}
ENTRY_ROUTING: spread_type= DEBIT  isBullish= True  isBearish= False
DEBIT_ENTRY: qty= 150
IV-Dynamic: SL= 87  Target= 87  Spread= 300
26JUN
closest_Strike =  53200
syntheticATMStrike =  53597.95
  Checking hedge NSE:BANKNIFTY26JUN54000CE: premium=911.2 (max=662.34)
  Checking hedge NSE:BANKNIFTY26JUN54500CE: premium=704.0 (max=662.34)
  Checking hedge NSE:BANKNIFTY26JUN55000CE: premium=537.45 (max=662.34)
=atmCE= NSE:BANKNIFTY26JUN53600CE
=otmCE== NSE:BANKNIFTY26JUN55000CE  entryPrice= 1103.9  maxHedgePremium= 662.34
hedge_entry_price = 537.45
DEBIT_NET_DEBIT= 566.45
9 : 33 : 5  =>  BUY   BANKNIFTY26JUN53600CE   150   MARKET
9 : 33 : 5  =>  BANKNIFTY26JUN53600CE {'code': 1101, 'message': 'Successfully placed order', 's': 'ok', 'id_fyers': '948ebb89-5aa8-4d8d-9050-92ce931584b1', 'id': '26060200052552'}
9 : 33 : 5  =>  SELL   BANKNIFTY26JUN55000CE   150   MARKET
9 : 33 : 5  =>  BANKNIFTY26JUN55000CE {'code': 1101, 'message': 'Successfully placed order', 's': 'ok', 'id_fyers': '7cb90fa7-98b3-44e9-9761-3b5feb84e76f', 'id': '26060200052578'}
Exit OID:  {'code': 1101, 'message': 'Successfully placed order', 's': 'ok', 'id_fyers': '948ebb89-5aa8-4d8d-9050-92ce931584b1', 'id': '26060200052552'}   {'code': 1101, 'message': 'Successfully placed order', 's': 'ok', 'id_fyers': '7cb90fa7-98b3-44e9-9761-3b5feb84e76f', 'id': '26060200052578'}
after entry tradeATMOption = NSE:BANKNIFTY26JUN53600CE
ENTRY_SL_TGT: spread= DEBIT  SL= 941.55  Target= 1259.55  EntryPrem= 1100.55  TrailTrigger= 105  SL_Source= OPTION_RANGE(median=52.9,×3)  (iv_pts= 87  effective_sl= 159 )
26JUN
curr Doji False
NSE:BANKNIFTY26JUN53600PE  curr candle vol pcr = 0.92  PE= 6600  CE= 7200      cpr =  1.09
NSE:BANKNIFTY26JUN53600PE  prev candle vol pcr = 0.97  PE= 3480  CE= 3570      cpr =  1.03
ATM_CE_premium= 1110.35  ATM_PE_premium= 1143.75
CE_PremChg= -27.65  PE_PremChg= 31.35
CandleBody= -71.6  PrevBody= -36.0  CandleRange= 94.4  Bearish
TotalVol= 13800  PrevTotalVol= 7050  VolSpike= 1.96 x 
SCALP_SCORE: BEAR | BullScore= 1  BearScore= 4 | Confidence= MEDIUM
  SCALP_BEAR_REASONS: StrongBearCandle(76%) + 2ConsecBearCandles + VolRise(1.96x)_bear + BreakoutCandle(1.5x)
DATAPOINT|09:33|FUT=53568.0|Body=-71.6|PrevBody=-36.0|Range=94.4|RangeRatio=1.47|CurrVolPCR=0.92|PrevVolPCR=0.97|CurrCPR=1.09|PrevCPR=1.03|VolSpike=1.96|CE_PremChg=-27.65|PE_PremChg=31.35|BullScore=1|BearScore=4|Dir=BEAR|Conf=MEDIUM
CHART_PATTERN_DETECTED: THREE_BLACK_CROWS | DOUBLE_TOP_FORMING | DOUBLE_BOTTOM_FORMING | STRONG_MOMENTUM_BEAR
  PATTERN_CONTEXT: Body= -71.6  Range= 94.4  ExpectedRange= 64.3  RangeRatio= 1.47  O= 53639.6  H= 53660.4  L= 53566.0  C= 53568.0
NSE:NIFTYBANK-INDEX  strikecount= 3   fyers <fyers_apiv3.fyersModel.FyersModel object at 0x7bf6cb3180e0>
======================================
oipcr1 =  NSE:BANKNIFTY26JUN53500PE   1.5
oipcr2 =  NSE:BANKNIFTY26JUN53400PE   1.15
oipcr3 =  NSE:BANKNIFTY26JUN53300CE   1.55
oipcrBull = BullTrade  bulcount= 3  bearcount= 0 oipcrBear= NoEntry
atmpcr5 pcr6= 1.87    3.56
No Entry Yet
Waiting for first 1min candle to form. Current Second ==  7    0
Waiting for first 1min candle to form. Current Second ==  8    0
Waiting for first 1min candle to form. Current Second ==  9    0
Waiting for first 1min candle to form. Current Second ==  10    0
Waiting for first 1min candle to form. Current Second ==  11    0
Waiting for first 1min candle to form. Current Second ==  12    0
Waiting for first 1min candle to form. Current Second ==  13    0
Waiting for first 1min candle to form. Current Second ==  14    0
Waiting for first 1min candle to form. Current Second ==  15    0
Waiting for first 1min candle to form. Current Second ==  16    0
Waiting for first 1min candle to form. Current Second ==  17    0
Waiting for first 1min candle to form. Current Second ==  18    0
Waiting for first 1min candle to form. Current Second ==  19    0
Waiting for first 1min candle to form. Current Second ==  20    0
Waiting for first 1min candle to form. Current Second ==  21    0
Waiting for first 1min candle to form. Current Second ==  22    0
Waiting for first 1min candle to form. Current Second ==  23    0
Waiting for first 1min candle to form. Current Second ==  24    0
Waiting for first 1min candle to form. Current Second ==  25    0
Waiting for first 1min candle to form. Current Second ==  26    0
Waiting for first 1min candle to form. Current Second ==  27    0
Waiting for first 1min candle to form. Current Second ==  28    0
Waiting for first 1min candle to form. Current Second ==  29    0
Waiting for first 1min candle to form. Current Second ==  30    0
Waiting for first 1min candle to form. Current Second ==  31    0
Waiting for first 1min candle to form. Current Second ==  32    0
Waiting for first 1min candle to form. Current Second ==  33    0
Waiting for first 1min candle to form. Current Second ==  34    0
Waiting for first 1min candle to form. Current Second ==  35    0
Waiting for first 1min candle to form. Current Second ==  36    0
Waiting for first 1min candle to form. Current Second ==  37    0
Waiting for first 1min candle to form. Current Second ==  38    0
Waiting for first 1min candle to form. Current Second ==  39    0
Waiting for first 1min candle to form. Current Second ==  40    0
Waiting for first 1min candle to form. Current Second ==  41    0
Waiting for first 1min candle to form. Current Second ==  42    0
Waiting for first 1min candle to form. Current Second ==  43    0
Waiting for first 1min candle to form. Current Second ==  44    0
Waiting for first 1min candle to form. Current Second ==  45    0
Waiting for first 1min candle to form. Current Second ==  46    0
Waiting for first 1min candle to form. Current Second ==  47    0
Waiting for first 1min candle to form. Current Second ==  48    0
Waiting for first 1min candle to form. Current Second ==  49    0
Waiting for first 1min candle to form. Current Second ==  50    0
Waiting for first 1min candle to form. Current Second ==  51    0
Waiting for first 1min candle to form. Current Second ==  52    0
Waiting for first 1min candle to form. Current Second ==  53    0
Waiting for first 1min candle to form. Current Second ==  54    0
Waiting for first 1min candle to form. Current Second ==  55    0
Waiting for first 1min candle to form. Current Second ==  56    0
Waiting for first 1min candle to form. Current Second ==  57    0
Waiting for first 1min candle to form. Current Second ==  58    0
Waiting for first 1min candle to form. Current Second ==  59    0
In Trade (DEBIT). No Exit. close= 1101.85  SL= 941.55  target= 1259.55
In Trade (DEBIT). No Exit. close= 1101.85  SL= 941.55  target= 1259.55
In Trade (DEBIT). No Exit. close= 1140.7  SL= 941.55  target= 1259.55
In Trade (DEBIT). No Exit. close= 1155.2  SL= 941.55  target= 1259.55
India VIX = 15.97  BN Price = 53326.7
IV Regime = LOW (ADAPTIVE: P25= 16.49  P50= 17.81  P75= 18.57 ) | DailyRange = 1216.6 | 3minCandleRange = 64.0 (theoretical= 106.7 ) | ATMoptionMove = 28.8 | SL = 86 | Target = 86 | TrailTrigger = 29 | Spread = 300 | Buffer = 26
IV Params refreshed: {'vix': 15.97, 'bn_price': 53326.7, 'regime': 'LOW', 'regime_thresholds': 'P25=16.49 P50=17.81 P75=18.57', 'daily_range': 1216.6, 'candle_range': 64.0, 'atm_option_move': 28.8, 'sl_point': 86, 'target_point': 86, 'sl_pct_of_premium': 0.1, 'trail_trigger': 29, 'spread_width': 300, 'support_resistance_buffer': 26}
NSE:NIFTYBANK-INDEX  strikecount= 8   fyers <fyers_apiv3.fyersModel.FyersModel object at 0x7bf6cb3180e0>
===
====after 3 min ochain==== 2026-06-02 09:36:01.226476
26JUN
/home/ubuntu/trading-bot/Strategy_May_2026.py:700: RuntimeWarning: divide by zero encountered in scalar divide
  option_type[index1] == 'PE' else round(oich[index2] / oich[index1], 2)
                                    oipcr   choipcr
pcr1 =  NSE:BANKNIFTY26JUN54100PE   0.58   -0.88 CALL added 4860   PUT unwind -4290
pcr2 =  NSE:BANKNIFTY26JUN54000PE   1.07   -1.41 CALL added 15840   PUT unwind -22380
pcr3 =  NSE:BANKNIFTY26JUN53900PE   0.88   -17.83 CALL added 360   PUT unwind -6420
pcr4 =  NSE:BANKNIFTY26JUN53800CE   0.94   -0.74 CALL added 5040   PUT unwind -3720
pcr5 =  NSE:BANKNIFTY26JUN53700CE   0.91   -29.5 CALL added 240   PUT unwind -7080
pcr6 =  NSE:BANKNIFTY26JUN53600PE   0.93    -1.73 CALL added 330   PUT unwind -570
pcr7 =  NSE:BANKNIFTY26JUN53500PE   1.49   0.61 CALL added 46890   PUT added 28740
pcr8 =  NSE:BANKNIFTY26JUN53400PE   1.08   0.05 CALL added 23940   PUT added 1170
pcr9 =  NSE:BANKNIFTY26JUN53300CE   1.4   0.9 CALL added 38340   PUT added 34680
pcr10 =  NSE:BANKNIFTY26JUN53200CE   1.77   1.13 CALL added 32250   PUT added 36480
pcr11 =  NSE:BANKNIFTY26JUN53100PE   3.55   2.63 CALL added 8550   PUT added 22470
pcr12 =  NSE:BANKNIFTY26JUN53000PE   4.29   2.44 CALL added 9720   PUT added 23670
pcr13 =  NSE:BANKNIFTY26JUN52900CE   3.98   4.58 CALL added 570   PUT added 2610
pcr14 =  NSE:BANKNIFTY26JUN52800CE   8.41   2.47 CALL added 510   PUT added 1260
pcr15 =  NSE:BANKNIFTY26JUN52700PE   8.17   -2.64 CALL added 660   PUT unwind -1740
pcr16 =  NSE:BANKNIFTY26JUN52600PE   11.77   inf CALL unwind 0   PUT added 1020
pcr17 =  NSE:BANKNIFTY26JUN52500CE   9.96   0.64 CALL added 2610   PUT added 1680
pcrSummation= 9.28  result =  ['NSE:BANKNIFTY26JUN54100PE', 'NSE:BANKNIFTY26JUN54000PE', 'NSE:BANKNIFTY26JUN53900PE', 'NSE:BANKNIFTY26JUN53800CE', 'NSE:BANKNIFTY26JUN53700CE', 'NSE:BANKNIFTY26JUN53600PE', 'NSE:BANKNIFTY26JUN53500PE', 'NSE:BANKNIFTY26JUN53400PE', 'NSE:BANKNIFTY26JUN53300CE']
PCRSUM== 61.18
pcrSummation== 9.28
VOLPCRSUM== 6.98
spotLTP =  53327.4  ATM_STRIKE =  53300
IS_ATM_STRIKE_SHIFT = False  mapStrike = {53300: 53300}
avgOiPcrList2 = [np.float64(3.6)] atmStrikeNotShiftedCount= 1
False   1   1
SUPP_RES=== 53500  Buffer= 26
CEoich val =  46890.0  PEoich val =  28740.0
================================================
IS_CHOI_DIFF_GT_25PERC== True
RSI_VAL1== 41.34
RSI_VAL2== 41.8
FUT_3m_OHLC O= 53587.0  H= 53685.0  L= 53525.2  C= 53677.0  Range= 159.8
CHART_PATTERN_DETECTED: OUTSIDE_BAR | DOUBLE_TOP_FORMING
  PATTERN_CONTEXT: Body= 90.0  Range= 159.8  ExpectedRange= 64.0  RangeRatio= 2.5  O= 53587.0  H= 53685.0  L= 53525.2  C= 53677.0
newSynthFut =  53700
ATMStrike =  53300
AVG_OIPCR= 1.03
avgoiPCROld=  3.6
SUPP_RES = 53500
FUT LTP = 53667.6
CEchoi  PechOi = 46890.0    28740.0
====================================
totalOIPCR = 0.86
AVG_VOLPCR= 0.78
atmPCR= 0.91  belowATM  0.93
atmVolPCR= 0.92  belowATM  0.87
True   53667.6   53500   False   False   41.8
26JUN
curr Doji False
NSE:BANKNIFTY26JUN53500PE  curr candle vol pcr = 1.05  PE= 23490  CE= 22410      cpr =  0.95
NSE:BANKNIFTY26JUN53600PE  prev candle vol pcr = 0.92  PE= 6600  CE= 7200      cpr =  1.09
ATM_CE_premium= 1197.8  ATM_PE_premium= 1050.1
CE_PremChg= 44.55  PE_PremChg= -48.3
CandleBody= 90.0  PrevBody= -71.6  CandleRange= 159.8  Bullish
TotalVol= 45900  PrevTotalVol= 13800  VolSpike= 3.33 x  SPIKE!
SCALP_SCORE: BULL | BullScore= 2  BearScore= 1 | Confidence= LOW
DATAPOINT|09:36|FUT=53677.0|Body=90.0|PrevBody=-71.6|Range=159.8|RangeRatio=2.5|CurrVolPCR=1.05|PrevVolPCR=0.92|CurrCPR=0.95|PrevCPR=1.09|VolSpike=3.33|CE_PremChg=44.55|PE_PremChg=-48.3|BullScore=2|BearScore=1|Dir=BULL|Conf=LOW
CHART_PATTERN_DETECTED: OUTSIDE_BAR | DOUBLE_TOP_FORMING
  PATTERN_CONTEXT: Body= 90.0  Range= 159.8  ExpectedRange= 64.0  RangeRatio= 2.5  O= 53587.0  H= 53685.0  L= 53525.2  C= 53677.0
NSE:NIFTYBANK-INDEX  strikecount= 3   fyers <fyers_apiv3.fyersModel.FyersModel object at 0x7bf6cb3180e0>
======================================
oipcr1 =  NSE:BANKNIFTY26JUN53600PE   0.93
oipcr2 =  NSE:BANKNIFTY26JUN53500PE   1.49
oipcr3 =  NSE:BANKNIFTY26JUN53400PE   1.08
oipcrBull = BullTrade  bulcount= 2  bearcount= 1 oipcrBear= NoEntry
atmpcr5 pcr6= 1.4    1.77
No Entry Yet
In Trade (DEBIT). No Exit. close= 1166.9  SL= 941.55  target= 1259.55
In Trade (DEBIT). No Exit. close= 1166.4  SL= 941.55  target= 1259.55
In Trade (DEBIT). No Exit. close= 1188.3  SL= 941.55  target= 1259.55
In Trade (DEBIT). No Exit. close= 1173.0  SL= 941.55  target= 1259.55
India VIX = 16.32  BN Price = 53384.35
IV Regime = LOW (ADAPTIVE: P25= 16.49  P50= 17.81  P75= 18.57 ) | DailyRange = 1244.6 | 3minCandleRange = 65.5 (theoretical= 109.2 ) | ATMoptionMove = 29.5 | SL = 88 | Target = 88 | TrailTrigger = 29 | Spread = 300 | Buffer = 26
IV Params refreshed: {'vix': 16.32, 'bn_price': 53384.35, 'regime': 'LOW', 'regime_thresholds': 'P25=16.49 P50=17.81 P75=18.57', 'daily_range': 1244.6, 'candle_range': 65.5, 'atm_option_move': 29.5, 'sl_point': 88, 'target_point': 88, 'sl_pct_of_premium': 0.1, 'trail_trigger': 29, 'spread_width': 300, 'support_resistance_buffer': 26}
NSE:NIFTYBANK-INDEX  strikecount= 8   fyers <fyers_apiv3.fyersModel.FyersModel object at 0x7bf6cb3180e0>
===
====after 3 min ochain==== 2026-06-02 09:39:01.178023
26JUN
/home/ubuntu/trading-bot/Strategy_May_2026.py:700: RuntimeWarning: divide by zero encountered in scalar divide
  option_type[index1] == 'PE' else round(oich[index2] / oich[index1], 2)
                                    oipcr   choipcr
pcr1 =  NSE:BANKNIFTY26JUN54200PE   0.63   -1.0 CALL added 4320   PUT unwind -4320
pcr2 =  NSE:BANKNIFTY26JUN54100PE   0.58   -0.87 CALL added 5130   PUT unwind -4470
pcr3 =  NSE:BANKNIFTY26JUN54000PE   1.07   -1.12 CALL added 18450   PUT unwind -20640
pcr4 =  NSE:BANKNIFTY26JUN53900PE   0.86   -5.09 CALL added 1320   PUT unwind -6720
pcr5 =  NSE:BANKNIFTY26JUN53800CE   0.99   -0.53 CALL added 3870   PUT unwind -2070
pcr6 =  NSE:BANKNIFTY26JUN53700CE   0.93    -35.67 CALL added 180   PUT unwind -6420
pcr7 =  NSE:BANKNIFTY26JUN53600PE   0.92   0.09 CALL added 1350   PUT added 120
pcr8 =  NSE:BANKNIFTY26JUN53500PE   1.48   0.63 CALL added 52350   PUT added 32760
pcr9 =  NSE:BANKNIFTY26JUN53400PE   1.15   0.16 CALL added 24390   PUT added 3960
pcr10 =  NSE:BANKNIFTY26JUN53300CE   1.68   1.23 CALL added 39150   PUT added 48150
pcr11 =  NSE:BANKNIFTY26JUN53200CE   1.97   1.28 CALL added 28380   PUT added 36420
pcr12 =  NSE:BANKNIFTY26JUN53100PE   3.81   2.91 CALL added 7530   PUT added 21900
pcr13 =  NSE:BANKNIFTY26JUN53000PE   4.31   2.67 CALL added 9990   PUT added 26700
pcr14 =  NSE:BANKNIFTY26JUN52900CE   4.16   7.57 CALL added 420   PUT added 3180
pcr15 =  NSE:BANKNIFTY26JUN52800CE   8.73   4.07 CALL added 450   PUT added 1830
pcr16 =  NSE:BANKNIFTY26JUN52700PE   8.13   -2.35 CALL added 690   PUT unwind -1620
pcr17 =  NSE:BANKNIFTY26JUN52600PE   11.48   inf CALL unwind 0   PUT added 570
pcrSummation= 9.66  result =  ['NSE:BANKNIFTY26JUN54100PE', 'NSE:BANKNIFTY26JUN54000PE', 'NSE:BANKNIFTY26JUN53900PE', 'NSE:BANKNIFTY26JUN53800CE', 'NSE:BANKNIFTY26JUN53700CE', 'NSE:BANKNIFTY26JUN53600PE', 'NSE:BANKNIFTY26JUN53500PE', 'NSE:BANKNIFTY26JUN53400PE', 'NSE:BANKNIFTY26JUN53300CE']
PCRSUM== 52.88
pcrSummation== 9.66
VOLPCRSUM== 6.05
spotLTP =  53386.05  ATM_STRIKE =  53400
IS_ATM_STRIKE_SHIFT = True  mapStrike = {53400: 53400}
avgOiPcrList2 = [np.float64(3.11)] atmStrikeNotShiftedCount= 1
True   1   1
SUPP_RES=== 53500  Buffer= 26
CEoich val =  52350.0  PEoich val =  32760.0
================================================
IS_CHOI_DIFF_GT_25PERC== True
RSI_VAL1== 44.31
RSI_VAL2== 43.34
FUT_3m_OHLC O= 53667.6  H= 53740.0  L= 53636.0  C= 53700.0  Range= 104.0
CHART_PATTERN: None
newSynthFut =  53700
ATMStrike =  53400
AVG_OIPCR= 1.07
avgoiPCROld=  3.11
SUPP_RES = 53500
FUT LTP = 53714.0
CEchoi  PechOi = 52350.0    32760.0
====================================
totalOIPCR = 0.86
AVG_VOLPCR= 0.67
atmPCR= 0.99  belowATM  0.93
atmVolPCR= 0.59  belowATM  0.94
True   53714.0   53500   False   False   43.34
26JUN
curr Doji False
NSE:BANKNIFTY26JUN53600PE  curr candle vol pcr = 0.9  PE= 7740  CE= 8580      cpr =  1.11
NSE:BANKNIFTY26JUN53500PE  prev candle vol pcr = 1.05  PE= 23490  CE= 22410      cpr =  0.95
ATM_CE_premium= 1173.0  ATM_PE_premium= 1069.2
CE_PremChg= 17.8  PE_PremChg= -29.75
CandleBody= 32.4  PrevBody= 90.0  CandleRange= 104.0  Bullish
TotalVol= 16320  PrevTotalVol= 45900  VolSpike= 0.36 x 
SCALP_SCORE: BULL | BullScore= 2  BearScore= 1 | Confidence= LOW
DATAPOINT|09:39|FUT=53700.0|Body=32.4|PrevBody=90.0|Range=104.0|RangeRatio=1.59|CurrVolPCR=0.9|PrevVolPCR=1.05|CurrCPR=1.11|PrevCPR=0.95|VolSpike=0.36|CE_PremChg=17.8|PE_PremChg=-29.75|BullScore=2|BearScore=1|Dir=BULL|Conf=LOW
CHART_PATTERN: None
NSE:NIFTYBANK-INDEX  strikecount= 3   fyers <fyers_apiv3.fyersModel.FyersModel object at 0x7bf6cb3180e0>
======================================
oipcr1 =  NSE:BANKNIFTY26JUN53700CE   0.93
oipcr2 =  NSE:BANKNIFTY26JUN53600PE   0.92
oipcr3 =  NSE:BANKNIFTY26JUN53500PE   1.48
oipcrBull = NoEntry  bulcount= 1  bearcount= 2 oipcrBear= BearTrade
atmpcr5 pcr6= 1.15    1.68
No Entry Yet
In Trade (DEBIT). No Exit. close= 1179.25  SL= 941.55  target= 1259.55
In Trade (DEBIT). No Exit. close= 1179.25  SL= 941.55  target= 1259.55
In Trade (DEBIT). No Exit. close= 1169.75  SL= 941.55  target= 1259.55
In Trade (DEBIT). No Exit. close= 1169.2  SL= 941.55  target= 1259.55
In Trade (DEBIT). No Exit. close= 1161.8  SL= 941.55  target= 1259.55
India VIX = 16.3  BN Price = 53335.55
IV Regime = LOW (ADAPTIVE: P25= 16.49  P50= 17.81  P75= 18.57 ) | DailyRange = 1242.0 | 3minCandleRange = 65.4 (theoretical= 108.9 ) | ATMoptionMove = 29.4 | SL = 88 | Target = 88 | TrailTrigger = 29 | Spread = 300 | Buffer = 26
IV Params refreshed: {'vix': 16.3, 'bn_price': 53335.55, 'regime': 'LOW', 'regime_thresholds': 'P25=16.49 P50=17.81 P75=18.57', 'daily_range': 1242.0, 'candle_range': 65.4, 'atm_option_move': 29.4, 'sl_point': 88, 'target_point': 88, 'sl_pct_of_premium': 0.1, 'trail_trigger': 29, 'spread_width': 300, 'support_resistance_buffer': 26}
NSE:NIFTYBANK-INDEX  strikecount= 8   fyers <fyers_apiv3.fyersModel.FyersModel object at 0x7bf6cb3180e0>
===
====after 3 min ochain==== 2026-06-02 09:42:01.218894
26JUN
/home/ubuntu/trading-bot/Strategy_May_2026.py:700: RuntimeWarning: divide by zero encountered in scalar divide
  option_type[index1] == 'PE' else round(oich[index2] / oich[index1], 2)
                                    oipcr   choipcr
pcr1 =  NSE:BANKNIFTY26JUN54100PE   0.58   -0.92 CALL added 4980   PUT unwind -4560
pcr2 =  NSE:BANKNIFTY26JUN54000PE   1.07   -0.95 CALL added 21450   PUT unwind -20280
pcr3 =  NSE:BANKNIFTY26JUN53900PE   0.86   -6.33 CALL added 1080   PUT unwind -6840
pcr4 =  NSE:BANKNIFTY26JUN53800CE   1.0   -0.66 CALL added 3300   PUT unwind -2190
pcr5 =  NSE:BANKNIFTY26JUN53700CE   0.94   -3.8 CALL added 1230   PUT unwind -4680
pcr6 =  NSE:BANKNIFTY26JUN53600PE   0.91    -1.31 CALL added 870   PUT unwind -1140
pcr7 =  NSE:BANKNIFTY26JUN53500PE   1.47   0.65 CALL added 56640   PUT added 37080
pcr8 =  NSE:BANKNIFTY26JUN53400PE   1.08   0.19 CALL added 27780   PUT added 5160
pcr9 =  NSE:BANKNIFTY26JUN53300CE   1.41   0.98 CALL added 44190   PUT added 43350
pcr10 =  NSE:BANKNIFTY26JUN53200CE   2.21   1.42 CALL added 22980   PUT added 32700
pcr11 =  NSE:BANKNIFTY26JUN53100PE   3.73   2.81 CALL added 7710   PUT added 21660
pcr12 =  NSE:BANKNIFTY26JUN53000PE   4.31   2.75 CALL added 10440   PUT added 28740
pcr13 =  NSE:BANKNIFTY26JUN52900CE   4.13   7.0 CALL added 420   PUT added 2940
pcr14 =  NSE:BANKNIFTY26JUN52800CE   9.22   7.33 CALL added 360   PUT added 2640
pcr15 =  NSE:BANKNIFTY26JUN52700PE   7.97   -3.0 CALL added 690   PUT unwind -2070
pcr16 =  NSE:BANKNIFTY26JUN52600PE   11.1   -inf CALL unwind 0   PUT unwind -30
pcr17 =  NSE:BANKNIFTY26JUN52500CE   9.78   0.12 CALL added 2880   PUT added 360
pcrSummation= 9.319999999999999  result =  ['NSE:BANKNIFTY26JUN54100PE', 'NSE:BANKNIFTY26JUN54000PE', 'NSE:BANKNIFTY26JUN53900PE', 'NSE:BANKNIFTY26JUN53800CE', 'NSE:BANKNIFTY26JUN53700CE', 'NSE:BANKNIFTY26JUN53600PE', 'NSE:BANKNIFTY26JUN53500PE', 'NSE:BANKNIFTY26JUN53400PE', 'NSE:BANKNIFTY26JUN53300CE']
PCRSUM== 61.77
pcrSummation== 9.32
VOLPCRSUM== 6.92
spotLTP =  53331.85  ATM_STRIKE =  53300
IS_ATM_STRIKE_SHIFT = True  mapStrike = {53300: 53300}
avgOiPcrList2 = [np.float64(3.63)] atmStrikeNotShiftedCount= 1
True   1   1
SUPP_RES=== 53500  Buffer= 26
CEoich val =  56640.0  PEoich val =  37080.0
================================================
IS_CHOI_DIFF_GT_25PERC== True
RSI_VAL1== 42.58
RSI_VAL2== 42.92
FUT_3m_OHLC O= 53714.0  H= 53768.6  L= 53680.0  C= 53692.0  Range= 88.6
CHART_PATTERN: None
newSynthFut =  53700
ATMStrike =  53300
AVG_OIPCR= 1.04
avgoiPCROld=  3.63
SUPP_RES = 53500
FUT LTP = 53686.8
CEchoi  PechOi = 56640.0    37080.0
====================================
totalOIPCR = 0.86
AVG_VOLPCR= 0.77
atmPCR= 0.94  belowATM  0.91
atmVolPCR= 0.93  belowATM  0.91
True   53686.8   53500   False   False   42.92
26JUN
curr Doji False
NSE:BANKNIFTY26JUN53700PE  curr candle vol pcr = 0.88  PE= 5730  CE= 6540      cpr =  1.14
NSE:BANKNIFTY26JUN53600PE  prev candle vol pcr = 0.9  PE= 7740  CE= 8580      cpr =  1.11
ATM_CE_premium= 1106.15  ATM_PE_premium= 1139.65
CE_PremChg= -13.8  PE_PremChg= 19.7
CandleBody= -22.0  PrevBody= 32.4  CandleRange= 88.6  Bearish
TotalVol= 12270  PrevTotalVol= 16320  VolSpike= 0.75 x 
SCALP_SCORE: NEUTRAL | BullScore= 1  BearScore= 1 | Confidence= LOW
DATAPOINT|09:42|FUT=53692.0|Body=-22.0|PrevBody=32.4|Range=88.6|RangeRatio=1.35|CurrVolPCR=0.88|PrevVolPCR=0.9|CurrCPR=1.14|PrevCPR=1.11|VolSpike=0.75|CE_PremChg=-13.8|PE_PremChg=19.7|BullScore=1|BearScore=1|Dir=NEUTRAL|Conf=LOW
CHART_PATTERN: None
NSE:NIFTYBANK-INDEX  strikecount= 3   fyers <fyers_apiv3.fyersModel.FyersModel object at 0x7bf6cb3180e0>
======================================
oipcr1 =  NSE:BANKNIFTY26JUN53600PE   0.91
oipcr2 =  NSE:BANKNIFTY26JUN53500PE   1.47
oipcr3 =  NSE:BANKNIFTY26JUN53400PE   1.08
oipcrBull = BullTrade  bulcount= 2  bearcount= 1 oipcrBear= NoEntry
atmpcr5 pcr6= 1.41    2.21
No Entry Yet
In Trade (DEBIT). No Exit. close= 1131.2  SL= 941.55  target= 1259.55
In Trade (DEBIT). No Exit. close= 1131.2  SL= 941.55  target= 1259.55
In Trade (DEBIT). No Exit. close= 1148.15  SL= 941.55  target= 1259.55
In Trade (DEBIT). No Exit. close= 1148.15  SL= 941.55  target= 1259.55
In Trade (DEBIT). No Exit. close= 1154.2  SL= 941.55  target= 1259.55
India VIX = 16.23  BN Price = 53342.55
IV Regime = LOW (ADAPTIVE: P25= 16.49  P50= 17.81  P75= 18.57 ) | DailyRange = 1236.8 | 3minCandleRange = 65.1 (theoretical= 108.5 ) | ATMoptionMove = 29.3 | SL = 88 | Target = 88 | TrailTrigger = 29 | Spread = 300 | Buffer = 26
IV Params refreshed: {'vix': 16.23, 'bn_price': 53342.55, 'regime': 'LOW', 'regime_thresholds': 'P25=16.49 P50=17.81 P75=18.57', 'daily_range': 1236.8, 'candle_range': 65.1, 'atm_option_move': 29.3, 'sl_point': 88, 'target_point': 88, 'sl_pct_of_premium': 0.1, 'trail_trigger': 29, 'spread_width': 300, 'support_resistance_buffer': 26}
NSE:NIFTYBANK-INDEX  strikecount= 8   fyers <fyers_apiv3.fyersModel.FyersModel object at 0x7bf6cb3180e0>
===
====after 3 min ochain==== 2026-06-02 09:45:01.233227
26JUN
/home/ubuntu/trading-bot/Strategy_May_2026.py:700: RuntimeWarning: divide by zero encountered in scalar divide
  option_type[index1] == 'PE' else round(oich[index2] / oich[index1], 2)
                                    oipcr   choipcr
pcr1 =  NSE:BANKNIFTY26JUN54100PE   0.58   -0.72 CALL added 5400   PUT unwind -3900
pcr2 =  NSE:BANKNIFTY26JUN54000PE   1.07   -0.82 CALL added 23220   PUT unwind -19020
pcr3 =  NSE:BANKNIFTY26JUN53900PE   0.85   -6.86 CALL added 1080   PUT unwind -7410
pcr4 =  NSE:BANKNIFTY26JUN53800CE   1.01   -0.69 CALL added 2970   PUT unwind -2040
pcr5 =  NSE:BANKNIFTY26JUN53700CE   0.91   -2.86 CALL added 1980   PUT unwind -5670
pcr6 =  NSE:BANKNIFTY26JUN53600PE   0.91    -0.13 CALL added 1590   PUT unwind -210
pcr7 =  NSE:BANKNIFTY26JUN53500PE   1.44   0.59 CALL added 63060   PUT added 37440
pcr8 =  NSE:BANKNIFTY26JUN53400PE   1.01   0.13 CALL added 28920   PUT added 3840
pcr9 =  NSE:BANKNIFTY26JUN53300CE   1.36   0.95 CALL added 46650   PUT added 44160
pcr10 =  NSE:BANKNIFTY26JUN53200CE   2.37   1.56 CALL added 21210   PUT added 33000
pcr11 =  NSE:BANKNIFTY26JUN53100PE   3.75   2.86 CALL added 7890   PUT added 22560
pcr12 =  NSE:BANKNIFTY26JUN53000PE   4.31   2.78 CALL added 9930   PUT added 27570
pcr13 =  NSE:BANKNIFTY26JUN52900CE   4.19   8.58 CALL added 360   PUT added 3090
pcr14 =  NSE:BANKNIFTY26JUN52800CE   9.06   6.36 CALL added 420   PUT added 2670
pcr15 =  NSE:BANKNIFTY26JUN52700PE   7.96   -2.58 CALL added 720   PUT unwind -1860
pcr16 =  NSE:BANKNIFTY26JUN52600PE   11.17   inf CALL unwind 0   PUT added 90
pcr17 =  NSE:BANKNIFTY26JUN52500CE   9.79   0.15 CALL added 2880   PUT added 420
pcrSummation= 9.139999999999999  result =  ['NSE:BANKNIFTY26JUN54100PE', 'NSE:BANKNIFTY26JUN54000PE', 'NSE:BANKNIFTY26JUN53900PE', 'NSE:BANKNIFTY26JUN53800CE', 'NSE:BANKNIFTY26JUN53700CE', 'NSE:BANKNIFTY26JUN53600PE', 'NSE:BANKNIFTY26JUN53500PE', 'NSE:BANKNIFTY26JUN53400PE', 'NSE:BANKNIFTY26JUN53300CE']
PCRSUM== 61.74
pcrSummation== 9.14
VOLPCRSUM== 7.01
spotLTP =  53342.45  ATM_STRIKE =  53300
IS_ATM_STRIKE_SHIFT = False  mapStrike = {53300: 53300}
avgOiPcrList2 = [np.float64(3.63), np.float64(3.63)] atmStrikeNotShiftedCount= 2
False   2   2
SUPP_RES=== 53500  Buffer= 26
CEoich val =  63060.0  PEoich val =  37440.0
================================================
IS_CHOI_DIFF_GT_25PERC== True
RSI_VAL1== 41.09
RSI_VAL2== 42.25
FUT_3m_OHLC O= 53686.8  H= 53699.6  L= 53606.4  C= 53680.0  Range= 93.2
CHART_PATTERN: None
newSynthFut =  53700
ATMStrike =  53300
AVG_OIPCR= 1.02
avgoiPCROld=  3.63
SUPP_RES = 53500
FUT LTP = 53680.0
CEchoi  PechOi = 63060.0    37440.0
====================================
totalOIPCR = 0.86
AVG_VOLPCR= 0.78
atmPCR= 0.91  belowATM  0.91
atmVolPCR= 0.89  belowATM  0.95
True   53680.0   53500   False   False   42.25
26JUN
curr Doji False
NSE:BANKNIFTY26JUN53600PE  curr candle vol pcr = 2.07  PE= 6780  CE= 3270      cpr =  0.48
NSE:BANKNIFTY26JUN53700PE  prev candle vol pcr = 0.88  PE= 5730  CE= 6540      cpr =  1.14
VOL_PRESSURE_WATCH: SINGLE_CANDLE_PUT_PRESSURE | currPCR= 2.07  prevPCR= 0.88
ATM_CE_premium= 1154.2  ATM_PE_premium= 1094.85
CE_PremChg= -7.6  PE_PremChg= 0.6
CandleBody= -6.8  PrevBody= -22.0  CandleRange= 93.2  Bearish
TotalVol= 10050  PrevTotalVol= 12270  VolSpike= 0.82 x 
SCALP_SCORE: BEAR | BullScore= 1  BearScore= 2 | Confidence= LOW
DATAPOINT|09:45|FUT=53680.0|Body=-6.8|PrevBody=-22.0|Range=93.2|RangeRatio=1.43|CurrVolPCR=2.07|PrevVolPCR=0.88|CurrCPR=0.48|PrevCPR=1.14|VolSpike=0.82|CE_PremChg=-7.6|PE_PremChg=0.6|BullScore=1|BearScore=2|Dir=BEAR|Conf=LOW
CHART_PATTERN: None
NSE:NIFTYBANK-INDEX  strikecount= 3   fyers <fyers_apiv3.fyersModel.FyersModel object at 0x7bf6cb3180e0>
======================================
oipcr1 =  NSE:BANKNIFTY26JUN53600PE   0.91
oipcr2 =  NSE:BANKNIFTY26JUN53500PE   1.44
oipcr3 =  NSE:BANKNIFTY26JUN53400PE   1.01
oipcrBull = BullTrade  bulcount= 2  bearcount= 1 oipcrBear= NoEntry
atmpcr5 pcr6= 1.36    2.37
No Entry Yet
In Trade (DEBIT). No Exit. close= 1157.25  SL= 941.55  target= 1259.55
In Trade (DEBIT). No Exit. close= 1157.25  SL= 941.55  target= 1259.55
In Trade (DEBIT). No Exit. close= 1167.6  SL= 941.55  target= 1259.55
In Trade (DEBIT). No Exit. close= 1167.6  SL= 941.55  target= 1259.55
In Trade (DEBIT). No Exit. close= 1132.6  SL= 941.55  target= 1259.55
India VIX = 16.24  BN Price = 53298.75
IV Regime = LOW (ADAPTIVE: P25= 16.49  P50= 17.81  P75= 18.57 ) | DailyRange = 1236.5 | 3minCandleRange = 65.1 (theoretical= 108.5 ) | ATMoptionMove = 29.3 | SL = 88 | Target = 88 | TrailTrigger = 29 | Spread = 300 | Buffer = 26
IV Params refreshed: {'vix': 16.24, 'bn_price': 53298.75, 'regime': 'LOW', 'regime_thresholds': 'P25=16.49 P50=17.81 P75=18.57', 'daily_range': 1236.5, 'candle_range': 65.1, 'atm_option_move': 29.3, 'sl_point': 88, 'target_point': 88, 'sl_pct_of_premium': 0.1, 'trail_trigger': 29, 'spread_width': 300, 'support_resistance_buffer': 26}
NSE:NIFTYBANK-INDEX  strikecount= 8   fyers <fyers_apiv3.fyersModel.FyersModel object at 0x7bf6cb3180e0>
===
====after 3 min ochain==== 2026-06-02 09:48:01.237404
26JUN
/home/ubuntu/trading-bot/Strategy_May_2026.py:700: RuntimeWarning: divide by zero encountered in scalar divide
  option_type[index1] == 'PE' else round(oich[index2] / oich[index1], 2)
                                    oipcr   choipcr
pcr1 =  NSE:BANKNIFTY26JUN54100PE   0.56   -0.88 CALL added 5490   PUT unwind -4830
pcr2 =  NSE:BANKNIFTY26JUN54000PE   1.07   -0.84 CALL added 23010   PUT unwind -19440
pcr3 =  NSE:BANKNIFTY26JUN53900PE   0.85   -7.06 CALL added 1050   PUT unwind -7410
pcr4 =  NSE:BANKNIFTY26JUN53800CE   0.99   -0.53 CALL added 3870   PUT unwind -2040
pcr5 =  NSE:BANKNIFTY26JUN53700CE   0.89   -5.6 CALL added 1290   PUT unwind -7230
pcr6 =  NSE:BANKNIFTY26JUN53600PE   0.92    0.15 CALL added 1980   PUT added 300
pcr7 =  NSE:BANKNIFTY26JUN53500PE   1.44   0.6 CALL added 63540   PUT added 38100
pcr8 =  NSE:BANKNIFTY26JUN53400PE   0.98   0.13 CALL added 30360   PUT added 3930
pcr9 =  NSE:BANKNIFTY26JUN53300CE   1.35   0.95 CALL added 48420   PUT added 46230
pcr10 =  NSE:BANKNIFTY26JUN53200CE   1.95   1.23 CALL added 27390   PUT added 33780
pcr11 =  NSE:BANKNIFTY26JUN53100PE   3.72   2.82 CALL added 7920   PUT added 22350
pcr12 =  NSE:BANKNIFTY26JUN53000PE   4.28   2.45 CALL added 10950   PUT added 26880
pcr13 =  NSE:BANKNIFTY26JUN52900CE   4.13   7.31 CALL added 390   PUT added 2850
pcr14 =  NSE:BANKNIFTY26JUN52800CE   9.27   7.64 CALL added 330   PUT added 2520
pcr15 =  NSE:BANKNIFTY26JUN52700PE   8.04   -2.25 CALL added 720   PUT unwind -1620
pcr16 =  NSE:BANKNIFTY26JUN52600PE   11.17   inf CALL unwind 0   PUT added 90
pcr17 =  NSE:BANKNIFTY26JUN52500CE   9.63   -0.31 CALL added 3090   PUT unwind -960
pcrSummation= 10.44  result =  ['NSE:BANKNIFTY26JUN54000PE', 'NSE:BANKNIFTY26JUN53900PE', 'NSE:BANKNIFTY26JUN53800CE', 'NSE:BANKNIFTY26JUN53700CE', 'NSE:BANKNIFTY26JUN53600PE', 'NSE:BANKNIFTY26JUN53500PE', 'NSE:BANKNIFTY26JUN53400PE', 'NSE:BANKNIFTY26JUN53300CE', 'NSE:BANKNIFTY26JUN53200CE']
PCRSUM== 61.24
pcrSummation== 10.44
VOLPCRSUM== 6.99
spotLTP =  53300.8  ATM_STRIKE =  53300
IS_ATM_STRIKE_SHIFT = False  mapStrike = {53300: 53300}
avgOiPcrList2 = [np.float64(3.63), np.float64(3.63), np.float64(3.6)] atmStrikeNotShiftedCount= 3
False   3   3
SUPP_RES=== 53500  Buffer= 26
CEoich val =  63540.0  PEoich val =  38100.0
================================================
IS_CHOI_DIFF_GT_25PERC== True
RSI_VAL1== 41.25
RSI_VAL2== 39.27
FUT_3m_OHLC O= 53660.0  H= 53722.2  L= 53621.0  C= 53626.0  Range= 101.2
CHART_PATTERN_DETECTED: THREE_BLACK_CROWS | DOUBLE_BOTTOM_FORMING
  PATTERN_CONTEXT: Body= -34.0  Range= 101.2  ExpectedRange= 65.1  RangeRatio= 1.55  O= 53660.0  H= 53722.2  L= 53621.0  C= 53626.0
recent two = [np.float64(3.63), np.float64(3.6)]
newSynthFut =  53600
ATMStrike =  53300
AVG_OIPCR= 1.16
avgoiPCROld=  3.6
SUPP_RES = 53500
FUT LTP = 53620.2
CEchoi  PechOi = 63540.0    38100.0
====================================
totalOIPCR = 0.85
AVG_VOLPCR= 0.78
atmPCR= 0.89  belowATM  0.92
atmVolPCR= 0.91  belowATM  0.97
True   53620.2   53500   False   False   39.27
26JUN
curr Doji False
NSE:BANKNIFTY26JUN53600PE  curr candle vol pcr = 1.61  PE= 6000  CE= 3720      cpr =  0.62
NSE:BANKNIFTY26JUN53600PE  prev candle vol pcr = 2.07  PE= 6780  CE= 3270      cpr =  0.48
VOL_PRESSURE_WATCH: SINGLE_CANDLE_PUT_PRESSURE | currPCR= 1.61  prevPCR= 2.07
ATM_CE_premium= 1132.6  ATM_PE_premium= 1107.3
CE_PremChg= -21.6  PE_PremChg= 12.45
CandleBody= -34.0  PrevBody= -6.8  CandleRange= 101.2  Bearish
TotalVol= 9720  PrevTotalVol= 10050  VolSpike= 0.97 x 
SCALP_SCORE: NEUTRAL | BullScore= 2  BearScore= 2 | Confidence= LOW
DATAPOINT|09:48|FUT=53626.0|Body=-34.0|PrevBody=-6.8|Range=101.2|RangeRatio=1.55|CurrVolPCR=1.61|PrevVolPCR=2.07|CurrCPR=0.62|PrevCPR=0.48|VolSpike=0.97|CE_PremChg=-21.6|PE_PremChg=12.45|BullScore=2|BearScore=2|Dir=NEUTRAL|Conf=LOW
CHART_PATTERN_DETECTED: THREE_BLACK_CROWS | DOUBLE_BOTTOM_FORMING
  PATTERN_CONTEXT: Body= -34.0  Range= 101.2  ExpectedRange= 65.1  RangeRatio= 1.55  O= 53660.0  H= 53722.2  L= 53621.0  C= 53626.0
NSE:NIFTYBANK-INDEX  strikecount= 3   fyers <fyers_apiv3.fyersModel.FyersModel object at 0x7bf6cb3180e0>
======================================
oipcr1 =  NSE:BANKNIFTY26JUN53600PE   0.92
oipcr2 =  NSE:BANKNIFTY26JUN53500PE   1.44
oipcr3 =  NSE:BANKNIFTY26JUN53400PE   0.98
oipcrBull = NoEntry  bulcount= 1  bearcount= 2 oipcrBear= BearTrade
atmpcr5 pcr6= 1.35    1.95
No Entry Yet
In Trade (DEBIT). No Exit. close= 1128.0  SL= 941.55  target= 1259.55
In Trade (DEBIT). No Exit. close= 1128.0  SL= 941.55  target= 1259.55
In Trade (DEBIT). No Exit. close= 1155.75  SL= 941.55  target= 1259.55
In Trade (DEBIT). No Exit. close= 1155.75  SL= 941.55  target= 1259.55
In Trade (DEBIT). No Exit. close= 1143.4  SL= 941.55  target= 1259.55
India VIX = 16.22  BN Price = 53324.25
IV Regime = LOW (ADAPTIVE: P25= 16.49  P50= 17.81  P75= 18.57 ) | DailyRange = 1235.6 | 3minCandleRange = 65.0 (theoretical= 108.4 ) | ATMoptionMove = 29.3 | SL = 88 | Target = 88 | TrailTrigger = 29 | Spread = 300 | Buffer = 26
IV Params refreshed: {'vix': 16.22, 'bn_price': 53324.25, 'regime': 'LOW', 'regime_thresholds': 'P25=16.49 P50=17.81 P75=18.57', 'daily_range': 1235.6, 'candle_range': 65.0, 'atm_option_move': 29.3, 'sl_point': 88, 'target_point': 88, 'sl_pct_of_premium': 0.1, 'trail_trigger': 29, 'spread_width': 300, 'support_resistance_buffer': 26}
NSE:NIFTYBANK-INDEX  strikecount= 8   fyers <fyers_apiv3.fyersModel.FyersModel object at 0x7bf6cb3180e0>
===
====after 3 min ochain==== 2026-06-02 09:51:01.233554
26JUN
/home/ubuntu/trading-bot/Strategy_May_2026.py:700: RuntimeWarning: divide by zero encountered in scalar divide
  option_type[index1] == 'PE' else round(oich[index2] / oich[index1], 2)
                                    oipcr   choipcr
pcr1 =  NSE:BANKNIFTY26JUN54100PE   0.56   -0.87 CALL added 5580   PUT unwind -4830
pcr2 =  NSE:BANKNIFTY26JUN54000PE   1.07   -0.79 CALL added 23820   PUT unwind -18750
pcr3 =  NSE:BANKNIFTY26JUN53900PE   0.84   -7.34 CALL added 1050   PUT unwind -7710
pcr4 =  NSE:BANKNIFTY26JUN53800CE   0.99   -0.58 CALL added 3900   PUT unwind -2280
pcr5 =  NSE:BANKNIFTY26JUN53700CE   0.91   -15.47 CALL added 450   PUT unwind -6960
pcr6 =  NSE:BANKNIFTY26JUN53600PE   0.92    0.52 CALL added 2190   PUT added 1140
pcr7 =  NSE:BANKNIFTY26JUN53500PE   1.45   0.62 CALL added 63780   PUT added 39510
pcr8 =  NSE:BANKNIFTY26JUN53400PE   1.03   0.21 CALL added 30750   PUT added 6390
pcr9 =  NSE:BANKNIFTY26JUN53300CE   1.39   1.01 CALL added 50040   PUT added 50370
pcr10 =  NSE:BANKNIFTY26JUN53200CE   1.89   1.19 CALL added 28110   PUT added 33450
pcr11 =  NSE:BANKNIFTY26JUN53100PE   3.77   2.9 CALL added 7920   PUT added 22950
pcr12 =  NSE:BANKNIFTY26JUN53000PE   4.31   2.76 CALL added 10320   PUT added 28440
pcr13 =  NSE:BANKNIFTY26JUN52900CE   4.19   8.23 CALL added 390   PUT added 3210
pcr14 =  NSE:BANKNIFTY26JUN52800CE   9.06   6.36 CALL added 420   PUT added 2670
pcr15 =  NSE:BANKNIFTY26JUN52700PE   8.1   -2.0 CALL added 720   PUT unwind -1440
pcr16 =  NSE:BANKNIFTY26JUN52600PE   11.06   -inf CALL unwind 0   PUT unwind -90
pcr17 =  NSE:BANKNIFTY26JUN52500CE   9.64   -0.53 CALL added 3000   PUT unwind -1590
pcrSummation= 9.16  result =  ['NSE:BANKNIFTY26JUN54100PE', 'NSE:BANKNIFTY26JUN54000PE', 'NSE:BANKNIFTY26JUN53900PE', 'NSE:BANKNIFTY26JUN53800CE', 'NSE:BANKNIFTY26JUN53700CE', 'NSE:BANKNIFTY26JUN53600PE', 'NSE:BANKNIFTY26JUN53500PE', 'NSE:BANKNIFTY26JUN53400PE', 'NSE:BANKNIFTY26JUN53300CE']
PCRSUM== 61.18
pcrSummation== 9.16
VOLPCRSUM== 7.02
spotLTP =  53324.25  ATM_STRIKE =  53300
IS_ATM_STRIKE_SHIFT = False  mapStrike = {53300: 53300}
avgOiPcrList2 = [np.float64(3.63), np.float64(3.6), np.float64(3.6)] atmStrikeNotShiftedCount= 4
False   4   3
SUPP_RES=== 53500  Buffer= 26
CEoich val =  63780.0  PEoich val =  39510.0
================================================
IS_CHOI_DIFF_GT_25PERC== True
RSI_VAL1== 43.84
RSI_VAL2== 43.88
FUT_3m_OHLC O= 53647.6  H= 53708.0  L= 53600.2  C= 53684.4  Range= 107.8
CHART_PATTERN_DETECTED: DOUBLE_BOTTOM_FORMING
  PATTERN_CONTEXT: Body= 36.8  Range= 107.8  ExpectedRange= 65.0  RangeRatio= 1.66  O= 53647.6  H= 53708.0  L= 53600.2  C= 53684.4
neither = [np.float64(3.6)]
newSynthFut =  53700
ATMStrike =  53300
AVG_OIPCR= 1.02
avgoiPCROld=  3.6
SUPP_RES = 53500
FUT LTP = 53683.8
CEchoi  PechOi = 63780.0    39510.0
====================================
totalOIPCR = 0.85
AVG_VOLPCR= 0.78
atmPCR= 0.91  belowATM  0.92
atmVolPCR= 0.91  belowATM  0.98
True   53683.8   53500   False   False   43.88
26JUN
curr Doji False
NSE:BANKNIFTY26JUN53600PE  curr candle vol pcr = 1.16  PE= 6600  CE= 5670      cpr =  0.86
NSE:BANKNIFTY26JUN53600PE  prev candle vol pcr = 1.61  PE= 6000  CE= 3720      cpr =  0.62
ATM_CE_premium= 1143.4  ATM_PE_premium= 1087.85
CE_PremChg= 10.8  PE_PremChg= -19.45
CandleBody= 36.8  PrevBody= -34.0  CandleRange= 107.8  Bullish
TotalVol= 12270  PrevTotalVol= 9720  VolSpike= 1.26 x 
SCALP_SCORE: NEUTRAL | BullScore= 1  BearScore= 1 | Confidence= LOW
DATAPOINT|09:51|FUT=53684.4|Body=36.8|PrevBody=-34.0|Range=107.8|RangeRatio=1.66|CurrVolPCR=1.16|PrevVolPCR=1.61|CurrCPR=0.86|PrevCPR=0.62|VolSpike=1.26|CE_PremChg=10.8|PE_PremChg=-19.45|BullScore=1|BearScore=1|Dir=NEUTRAL|Conf=LOW
CHART_PATTERN_DETECTED: DOUBLE_BOTTOM_FORMING
  PATTERN_CONTEXT: Body= 36.8  Range= 107.8  ExpectedRange= 65.0  RangeRatio= 1.66  O= 53647.6  H= 53708.0  L= 53600.2  C= 53684.4
NSE:NIFTYBANK-INDEX  strikecount= 3   fyers <fyers_apiv3.fyersModel.FyersModel object at 0x7bf6cb3180e0>
======================================
oipcr1 =  NSE:BANKNIFTY26JUN53600PE   0.92
oipcr2 =  NSE:BANKNIFTY26JUN53500PE   1.45
oipcr3 =  NSE:BANKNIFTY26JUN53400PE   1.03
oipcrBull = BullTrade  bulcount= 2  bearcount= 1 oipcrBear= NoEntry
atmpcr5 pcr6= 1.39    1.89
No Entry Yet
In Trade (DEBIT). No Exit. close= 1135.55  SL= 941.55  target= 1259.55
In Trade (DEBIT). No Exit. close= 1136.1  SL= 941.55  target= 1259.55
In Trade (DEBIT). No Exit. close= 1164.75  SL= 941.55  target= 1259.55
In Trade (DEBIT). No Exit. close= 1173.15  SL= 941.55  target= 1259.55
In Trade (DEBIT). No Exit. close= 1198.85  SL= 941.55  target= 1259.55
India VIX = 16.17  BN Price = 53416.2
IV Regime = LOW (ADAPTIVE: P25= 16.49  P50= 17.81  P75= 18.57 ) | DailyRange = 1233.9 | 3minCandleRange = 64.9 (theoretical= 108.2 ) | ATMoptionMove = 29.2 | SL = 88 | Target = 88 | TrailTrigger = 29 | Spread = 300 | Buffer = 26
IV Params refreshed: {'vix': 16.17, 'bn_price': 53416.2, 'regime': 'LOW', 'regime_thresholds': 'P25=16.49 P50=17.81 P75=18.57', 'daily_range': 1233.9, 'candle_range': 64.9, 'atm_option_move': 29.2, 'sl_point': 88, 'target_point': 88, 'sl_pct_of_premium': 0.1, 'trail_trigger': 29, 'spread_width': 300, 'support_resistance_buffer': 26}
NSE:NIFTYBANK-INDEX  strikecount= 8   fyers <fyers_apiv3.fyersModel.FyersModel object at 0x7bf6cb3180e0>
===
====after 3 min ochain==== 2026-06-02 09:54:01.218104
26JUN
/home/ubuntu/trading-bot/Strategy_May_2026.py:700: RuntimeWarning: divide by zero encountered in scalar divide
  option_type[index1] == 'PE' else round(oich[index2] / oich[index1], 2)
                                    oipcr   choipcr
pcr1 =  NSE:BANKNIFTY26JUN54200PE   0.63   -1.36 CALL added 3630   PUT unwind -4920
pcr2 =  NSE:BANKNIFTY26JUN54100PE   0.54   -1.07 CALL added 5520   PUT unwind -5910
pcr3 =  NSE:BANKNIFTY26JUN54000PE   1.07   -0.64 CALL added 25890   PUT unwind -16500
pcr4 =  NSE:BANKNIFTY26JUN53900PE   0.84   -5.22 CALL added 1470   PUT unwind -7680
pcr5 =  NSE:BANKNIFTY26JUN53800CE   0.98   -0.5 CALL added 4470   PUT unwind -2250
pcr6 =  NSE:BANKNIFTY26JUN53700CE   0.93    8.68 CALL unwind -840   PUT unwind -7290
pcr7 =  NSE:BANKNIFTY26JUN53600PE   0.92   0.46 CALL added 2130   PUT added 990
pcr8 =  NSE:BANKNIFTY26JUN53500PE   1.44   0.61 CALL added 65250   PUT added 39630
pcr9 =  NSE:BANKNIFTY26JUN53400PE   1.04   0.25 CALL added 31740   PUT added 7800
pcr10 =  NSE:BANKNIFTY26JUN53300CE   1.4   1.04 CALL added 51180   PUT added 52980
pcr11 =  NSE:BANKNIFTY26JUN53200CE   1.9   1.2 CALL added 28170   PUT added 33720
pcr12 =  NSE:BANKNIFTY26JUN53100PE   3.86   3.02 CALL added 7830   PUT added 23640
pcr13 =  NSE:BANKNIFTY26JUN53000PE   4.3   2.7 CALL added 10560   PUT added 28500
pcr14 =  NSE:BANKNIFTY26JUN52900CE   4.3   10.15 CALL added 390   PUT added 3960
pcr15 =  NSE:BANKNIFTY26JUN52800CE   9.21   7.5 CALL added 420   PUT added 3150
pcr16 =  NSE:BANKNIFTY26JUN52700PE   8.12   -1.92 CALL added 720   PUT unwind -1380
pcr17 =  NSE:BANKNIFTY26JUN52600PE   10.92   -inf CALL unwind 0   PUT unwind -300
pcrSummation= 8.39  result =  ['NSE:BANKNIFTY26JUN54200PE', 'NSE:BANKNIFTY26JUN54100PE', 'NSE:BANKNIFTY26JUN54000PE', 'NSE:BANKNIFTY26JUN53900PE', 'NSE:BANKNIFTY26JUN53800CE', 'NSE:BANKNIFTY26JUN53700CE', 'NSE:BANKNIFTY26JUN53600PE', 'NSE:BANKNIFTY26JUN53500PE', 'NSE:BANKNIFTY26JUN53400PE']
PCRSUM== 52.4
pcrSummation== 8.39
VOLPCRSUM== 6.09
spotLTP =  53417.85  ATM_STRIKE =  53400
IS_ATM_STRIKE_SHIFT = True  mapStrike = {53400: 53400}
avgOiPcrList2 = [np.float64(3.08)] atmStrikeNotShiftedCount= 1
True   1   1
SUPP_RES=== 54000  Buffer= 26
CEoich val =  25890.0  PEoich val =  -16500.0
 Either or both CE PE at suppRes unwinded i.e negative
================================================
IS_CHOI_DIFF_GT_25PERC== False
RSI_VAL1== 50.93
RSI_VAL2== 48.76
FUT_3m_OHLC O= 53684.4  H= 53790.0  L= 53612.0  C= 53752.6  Range= 178.0
CHART_PATTERN_DETECTED: DOUBLE_BOTTOM_FORMING
  PATTERN_CONTEXT: Body= 68.2  Range= 178.0  ExpectedRange= 64.9  RangeRatio= 2.74  O= 53684.4  H= 53790.0  L= 53612.0  C= 53752.6
newSynthFut =  53800
ATMStrike =  53400
AVG_OIPCR= 0.93
avgoiPCROld=  3.08
SUPP_RES = 54000
FUT LTP = 53785.0
CEchoi  PechOi = 25890.0    -16500.0
====================================
totalOIPCR = 0.85
AVG_VOLPCR= 0.68
atmPCR= 0.98  belowATM  0.93
atmVolPCR= 0.56  belowATM  0.89
False   53785.0   54000   False   False   48.76
26JUN
curr Doji False
NSE:BANKNIFTY26JUN53600PE  curr candle vol pcr = 1.18  PE= 6210  CE= 5280      cpr =  0.85
NSE:BANKNIFTY26JUN53600PE  prev candle vol pcr = 1.16  PE= 6600  CE= 5670      cpr =  0.86
ATM_CE_premium= 1198.85  ATM_PE_premium= 1038.5
CE_PremChg= 55.45  PE_PremChg= -49.35
CandleBody= 68.2  PrevBody= 36.8  CandleRange= 178.0  Bullish
TotalVol= 11490  PrevTotalVol= 12270  VolSpike= 0.94 x 
SCALP_SCORE: BULL | BullScore= 2  BearScore= 1 | Confidence= LOW
DATAPOINT|09:54|FUT=53752.6|Body=68.2|PrevBody=36.8|Range=178.0|RangeRatio=2.74|CurrVolPCR=1.18|PrevVolPCR=1.16|CurrCPR=0.85|PrevCPR=0.86|VolSpike=0.94|CE_PremChg=55.45|PE_PremChg=-49.35|BullScore=2|BearScore=1|Dir=BULL|Conf=LOW
CHART_PATTERN_DETECTED: DOUBLE_BOTTOM_FORMING
  PATTERN_CONTEXT: Body= 68.2  Range= 178.0  ExpectedRange= 64.9  RangeRatio= 2.74  O= 53684.4  H= 53790.0  L= 53612.0  C= 53752.6
NSE:NIFTYBANK-INDEX  strikecount= 3   fyers <fyers_apiv3.fyersModel.FyersModel object at 0x7bf6cb3180e0>
======================================
oipcr1 =  NSE:BANKNIFTY26JUN53700CE   0.93
oipcr2 =  NSE:BANKNIFTY26JUN53600PE   0.92
oipcr3 =  NSE:BANKNIFTY26JUN53500PE   1.44
oipcrBull = NoEntry  bulcount= 1  bearcount= 2 oipcrBear= BearTrade
atmpcr5 pcr6= 1.04    1.4
No Entry Yet
DEBIT TRAILING SL activated! SL moved to breakeven = 1100.55
In Trade (DEBIT). No Exit. close= 1210.6  SL= 1100.55  target= 1259.55
In Trade (DEBIT). No Exit. close= 1211.25  SL= 1100.55  target= 1259.55
In Trade (DEBIT). No Exit. close= 1218.2  SL= 1100.55  target= 1259.55
In Trade (DEBIT). No Exit. close= 1218.2  SL= 1100.55  target= 1259.55
In Trade (DEBIT). No Exit. close= 1215.0  SL= 1100.55  target= 1259.55
India VIX = 16.01  BN Price = 53452.6
IV Regime = LOW (ADAPTIVE: P25= 16.49  P50= 17.81  P75= 18.57 ) | DailyRange = 1222.5 | 3minCandleRange = 64.3 (theoretical= 107.2 ) | ATMoptionMove = 29.0 | SL = 87 | Target = 87 | TrailTrigger = 29 | Spread = 300 | Buffer = 26
IV Params refreshed: {'vix': 16.01, 'bn_price': 53452.6, 'regime': 'LOW', 'regime_thresholds': 'P25=16.49 P50=17.81 P75=18.57', 'daily_range': 1222.5, 'candle_range': 64.3, 'atm_option_move': 29.0, 'sl_point': 87, 'target_point': 87, 'sl_pct_of_premium': 0.1, 'trail_trigger': 29, 'spread_width': 300, 'support_resistance_buffer': 26}
NSE:NIFTYBANK-INDEX  strikecount= 8   fyers <fyers_apiv3.fyersModel.FyersModel object at 0x7bf6cb3180e0>
===
====after 3 min ochain==== 2026-06-02 09:57:01.250210
26JUN
                                    oipcr   choipcr
pcr1 =  NSE:BANKNIFTY26JUN54300CE   0.65   -0.27 CALL added 3120   PUT unwind -840
pcr2 =  NSE:BANKNIFTY26JUN54200PE   0.63   -1.29 CALL added 3870   PUT unwind -5010
pcr3 =  NSE:BANKNIFTY26JUN54100PE   0.57   -1.67 CALL added 3510   PUT unwind -5850
pcr4 =  NSE:BANKNIFTY26JUN54000PE   1.07   -0.5 CALL added 28140   PUT unwind -14040
pcr5 =  NSE:BANKNIFTY26JUN53900PE   0.85   -5.52 CALL added 1320   PUT unwind -7290
pcr6 =  NSE:BANKNIFTY26JUN53800CE   0.99    0.19 CALL added 7350   PUT added 1410
pcr7 =  NSE:BANKNIFTY26JUN53700CE   0.91   -41.17 CALL added 180   PUT unwind -7410
pcr8 =  NSE:BANKNIFTY26JUN53600PE   0.92   0.57 CALL added 2940   PUT added 1680
pcr9 =  NSE:BANKNIFTY26JUN53500PE   1.44   0.64 CALL added 66360   PUT added 42240
pcr10 =  NSE:BANKNIFTY26JUN53400PE   1.1   0.36 CALL added 33360   PUT added 12150
pcr11 =  NSE:BANKNIFTY26JUN53300CE   1.51   1.1 CALL added 45540   PUT added 50250
pcr12 =  NSE:BANKNIFTY26JUN53200CE   2.08   1.33 CALL added 25200   PUT added 33540
pcr13 =  NSE:BANKNIFTY26JUN53100PE   4.0   3.21 CALL added 7530   PUT added 24180
pcr14 =  NSE:BANKNIFTY26JUN53000PE   4.26   2.32 CALL added 11490   PUT added 26610
pcr15 =  NSE:BANKNIFTY26JUN52900CE   4.46   12.77 CALL added 390   PUT added 4980
pcr16 =  NSE:BANKNIFTY26JUN52800CE   9.75   11.41 CALL added 510   PUT added 5820
pcr17 =  NSE:BANKNIFTY26JUN52700PE   8.18   -1.71 CALL added 720   PUT unwind -1230
pcrSummation= 8.48  result =  ['NSE:BANKNIFTY26JUN54200PE', 'NSE:BANKNIFTY26JUN54100PE', 'NSE:BANKNIFTY26JUN54000PE', 'NSE:BANKNIFTY26JUN53900PE', 'NSE:BANKNIFTY26JUN53800CE', 'NSE:BANKNIFTY26JUN53700CE', 'NSE:BANKNIFTY26JUN53600PE', 'NSE:BANKNIFTY26JUN53500PE', 'NSE:BANKNIFTY26JUN53400PE']
PCRSUM== 43.37
pcrSummation== 8.48
VOLPCRSUM== 5.66
spotLTP =  53451.35  ATM_STRIKE =  53500
IS_ATM_STRIKE_SHIFT = True  mapStrike = {53500: 53500}
avgOiPcrList2 = [np.float64(2.55)] atmStrikeNotShiftedCount= 1
True   1   1
SUPP_RES=== 54000  Buffer= 26
CEoich val =  28140.0  PEoich val =  -14040.0
 Either or both CE PE at suppRes unwinded i.e negative
================================================
IS_CHOI_DIFF_GT_25PERC== False
RSI_VAL1== 51.65
RSI_VAL2== 53.47
FUT_3m_OHLC O= 53755.8  H= 53830.0  L= 53750.0  C= 53826.2  Range= 80.0
CHART_PATTERN_DETECTED: THREE_WHITE_SOLDIERS | STRONG_MOMENTUM_BULL
  PATTERN_CONTEXT: Body= 70.4  Range= 80.0  ExpectedRange= 64.3  RangeRatio= 1.24  O= 53755.8  H= 53830.0  L= 53750.0  C= 53826.2
newSynthFut =  53800
ATMStrike =  53500
AVG_OIPCR= 0.94
avgoiPCROld=  2.55
SUPP_RES = 54000
FUT LTP = 53800.0
CEchoi  PechOi = 28140.0    -14040.0
====================================
totalOIPCR = 0.85
AVG_VOLPCR= 0.63
atmPCR= 0.85  belowATM  0.99
atmVolPCR= 0.39  belowATM  0.61
False   53800.0   54000   False   False   53.47
26JUN
curr Doji False
NSE:BANKNIFTY26JUN53700PE  curr candle vol pcr = 0.82  PE= 5640  CE= 6840      cpr =  1.21
NSE:BANKNIFTY26JUN53600PE  prev candle vol pcr = 1.18  PE= 6210  CE= 5280      cpr =  0.85
ATM_CE_premium= 1161.1  ATM_PE_premium= 1058.9
CE_PremChg= 15.6  PE_PremChg= -22.6
CandleBody= 70.4  PrevBody= 68.2  CandleRange= 80.0  Bullish
TotalVol= 12480  PrevTotalVol= 11490  VolSpike= 1.09 x 
SCALP_SCORE: BULL | BullScore= 3  BearScore= 1 | Confidence= MEDIUM
  SCALP_BULL_REASONS: StrongBullCandle(88%) + 2ConsecBullCandles + BreakoutCandle(1.2x)
DATAPOINT|09:57|FUT=53826.2|Body=70.4|PrevBody=68.2|Range=80.0|RangeRatio=1.24|CurrVolPCR=0.82|PrevVolPCR=1.18|CurrCPR=1.21|PrevCPR=0.85|VolSpike=1.09|CE_PremChg=15.6|PE_PremChg=-22.6|BullScore=3|BearScore=1|Dir=BULL|Conf=MEDIUM
CHART_PATTERN_DETECTED: THREE_WHITE_SOLDIERS | STRONG_MOMENTUM_BULL
  PATTERN_CONTEXT: Body= 70.4  Range= 80.0  ExpectedRange= 64.3  RangeRatio= 1.24  O= 53755.8  H= 53830.0  L= 53750.0  C= 53826.2
NSE:NIFTYBANK-INDEX  strikecount= 3   fyers <fyers_apiv3.fyersModel.FyersModel object at 0x7bf6cb3180e0>
======================================
oipcr1 =  NSE:BANKNIFTY26JUN53700CE   0.91
oipcr2 =  NSE:BANKNIFTY26JUN53600PE   0.92
oipcr3 =  NSE:BANKNIFTY26JUN53500PE   1.44
oipcrBull = NoEntry  bulcount= 1  bearcount= 2 oipcrBear= BearTrade
atmpcr5 pcr6= 1.1    1.51
No Entry Yet
In Trade (DEBIT). No Exit. close= 1174.95  SL= 1100.55  target= 1259.55
In Trade (DEBIT). No Exit. close= 1174.55  SL= 1100.55  target= 1259.55
In Trade (DEBIT). No Exit. close= 1188.85  SL= 1100.55  target= 1259.55
In Trade (DEBIT). No Exit. close= 1216.0  SL= 1100.55  target= 1259.55
India VIX = 16.07  BN Price = 53445.1
IV Regime = LOW (ADAPTIVE: P25= 16.49  P50= 17.81  P75= 18.57 ) | DailyRange = 1226.9 | 3minCandleRange = 64.6 (theoretical= 107.6 ) | ATMoptionMove = 29.1 | SL = 87 | Target = 87 | TrailTrigger = 29 | Spread = 300 | Buffer = 26
IV Params refreshed: {'vix': 16.07, 'bn_price': 53445.1, 'regime': 'LOW', 'regime_thresholds': 'P25=16.49 P50=17.81 P75=18.57', 'daily_range': 1226.9, 'candle_range': 64.6, 'atm_option_move': 29.1, 'sl_point': 87, 'target_point': 87, 'sl_pct_of_premium': 0.1, 'trail_trigger': 29, 'spread_width': 300, 'support_resistance_buffer': 26}
NSE:NIFTYBANK-INDEX  strikecount= 8   fyers <fyers_apiv3.fyersModel.FyersModel object at 0x7bf6cb3180e0>
===
====after 3 min ochain==== 2026-06-02 10:00:01.100531
26JUN
                                    oipcr   choipcr
pcr1 =  NSE:BANKNIFTY26JUN54300CE   0.65   -0.25 CALL added 3390   PUT unwind -840
pcr2 =  NSE:BANKNIFTY26JUN54200PE   0.63   -1.32 CALL added 3840   PUT unwind -5070
pcr3 =  NSE:BANKNIFTY26JUN54100PE   0.55   -1.13 CALL added 5190   PUT unwind -5880
pcr4 =  NSE:BANKNIFTY26JUN54000PE   1.06   -0.42 CALL added 31170   PUT unwind -13080
pcr5 =  NSE:BANKNIFTY26JUN53900PE   0.84   -3.51 CALL added 2070   PUT unwind -7260
pcr6 =  NSE:BANKNIFTY26JUN53800CE   0.97    0.45 CALL added 12900   PUT added 5760
pcr7 =  NSE:BANKNIFTY26JUN53700CE   0.92   9.62 CALL unwind -780   PUT unwind -7500
pcr8 =  NSE:BANKNIFTY26JUN53600PE   0.96   2.04 CALL added 1560   PUT added 3180
pcr9 =  NSE:BANKNIFTY26JUN53500PE   1.43   0.62 CALL added 69540   PUT added 43350
pcr10 =  NSE:BANKNIFTY26JUN53400PE   1.17   0.44 CALL added 32550   PUT added 14280
pcr11 =  NSE:BANKNIFTY26JUN53300CE   1.61   1.2 CALL added 42810   PUT added 51270
pcr12 =  NSE:BANKNIFTY26JUN53200CE   2.15   1.39 CALL added 24210   PUT added 33750
pcr13 =  NSE:BANKNIFTY26JUN53100PE   4.09   3.32 CALL added 7200   PUT added 23910
pcr14 =  NSE:BANKNIFTY26JUN53000PE   4.23   2.15 CALL added 12570   PUT added 27000
pcr15 =  NSE:BANKNIFTY26JUN52900CE   4.49   13.23 CALL added 390   PUT added 5160
pcr16 =  NSE:BANKNIFTY26JUN52800CE   9.77   11.53 CALL added 510   PUT added 5880
pcr17 =  NSE:BANKNIFTY26JUN52700PE   8.78   -2.65 CALL added 510   PUT unwind -1350
pcrSummation= 8.53  result =  ['NSE:BANKNIFTY26JUN54200PE', 'NSE:BANKNIFTY26JUN54100PE', 'NSE:BANKNIFTY26JUN54000PE', 'NSE:BANKNIFTY26JUN53900PE', 'NSE:BANKNIFTY26JUN53800CE', 'NSE:BANKNIFTY26JUN53700CE', 'NSE:BANKNIFTY26JUN53600PE', 'NSE:BANKNIFTY26JUN53500PE', 'NSE:BANKNIFTY26JUN53400PE']
PCRSUM== 44.3
pcrSummation== 8.53
VOLPCRSUM== 5.609999999999999
spotLTP =  53447.4  ATM_STRIKE =  53400
IS_ATM_STRIKE_SHIFT = True  mapStrike = {53400: 53400}
avgOiPcrList2 = [np.float64(2.61)] atmStrikeNotShiftedCount= 1
True   1   1
SUPP_RES=== 54000  Buffer= 26
CEoich val =  31170.0  PEoich val =  -13080.0
 Either or both CE PE at suppRes unwinded i.e negative
================================================
IS_CHOI_DIFF_GT_25PERC== False
RSI_VAL1== 54.36
RSI_VAL2== 53.76
FUT_3m_OHLC O= 53818.0  H= 53830.8  L= 53736.8  C= 53830.8  Range= 94.0
CHART_PATTERN_DETECTED: THREE_WHITE_SOLDIERS | HAMMER | OUTSIDE_BAR | DOUBLE_TOP_FORMING
  PATTERN_CONTEXT: Body= 12.8  Range= 94.0  ExpectedRange= 64.6  RangeRatio= 1.46  O= 53818.0  H= 53830.8  L= 53736.8  C= 53830.8
newSynthFut =  53800
ATMStrike =  53400
AVG_OIPCR= 0.95
avgoiPCROld=  2.61
SUPP_RES = 54000
FUT LTP = 53837.8
CEchoi  PechOi = 31170.0    -13080.0
====================================
totalOIPCR = 0.85
AVG_VOLPCR= 0.62
atmPCR= 0.84  belowATM  0.97
atmVolPCR= 0.4  belowATM  0.59
False   53837.8   54000   False   False   53.76
26JUN
curr Doji False
NSE:BANKNIFTY26JUN53800PE  curr candle vol pcr = 0.47  PE= 7650  CE= 16290      cpr =  2.13
NSE:BANKNIFTY26JUN53700PE  prev candle vol pcr = 0.82  PE= 5640  CE= 6840      cpr =  1.21
VOL_PRESSURE_WATCH: SINGLE_CANDLE_CALL_PRESSURE | currCPR= 2.13  prevCPR= 1.21
ATM_CE_premium= 1108.3  ATM_PE_premium= 1102.75
CE_PremChg= 4.3  PE_PremChg= -2.3
CandleBody= 12.8  PrevBody= 70.4  CandleRange= 94.0  Bullish
TotalVol= 23940  PrevTotalVol= 12480  VolSpike= 1.92 x 
SCALP_SCORE: BULL | BullScore= 3  BearScore= 1 | Confidence= MEDIUM
  SCALP_BULL_REASONS: 2ConsecBullCandles + VolRise(1.92x)_bull + BreakoutCandle(1.5x)
DATAPOINT|10:00|FUT=53830.8|Body=12.8|PrevBody=70.4|Range=94.0|RangeRatio=1.46|CurrVolPCR=0.47|PrevVolPCR=0.82|CurrCPR=2.13|PrevCPR=1.21|VolSpike=1.92|CE_PremChg=4.3|PE_PremChg=-2.3|BullScore=3|BearScore=1|Dir=BULL|Conf=MEDIUM
CHART_PATTERN_DETECTED: THREE_WHITE_SOLDIERS | HAMMER | OUTSIDE_BAR | DOUBLE_TOP_FORMING
  PATTERN_CONTEXT: Body= 12.8  Range= 94.0  ExpectedRange= 64.6  RangeRatio= 1.46  O= 53818.0  H= 53830.8  L= 53736.8  C= 53830.8
NSE:NIFTYBANK-INDEX  strikecount= 3   fyers <fyers_apiv3.fyersModel.FyersModel object at 0x7bf6cb3180e0>
======================================
oipcr1 =  NSE:BANKNIFTY26JUN53800CE   0.97
oipcr2 =  NSE:BANKNIFTY26JUN53700CE   0.92
oipcr3 =  NSE:BANKNIFTY26JUN53600PE   0.96
oipcrBull = NoEntry  bulcount= 0  bearcount= 3 oipcrBear= BearTrade
atmpcr5 pcr6= 1.43    1.17
No Entry Yet
In Trade (DEBIT). No Exit. close= 1224.95  SL= 1100.55  target= 1259.55
In Trade (DEBIT). No Exit. close= 1222.0  SL= 1100.55  target= 1259.55
In Trade (DEBIT). No Exit. close= 1210.0  SL= 1100.55  target= 1259.55
In Trade (DEBIT). No Exit. close= 1223.1  SL= 1100.55  target= 1259.55
