26JUN
checkInstrument =  NSE:NIFTYBANK-INDEX
bnExpDate =  26JUN
BNFut (auto) = NSE:BANKNIFTY26JUNFUT
 -- not entered waiting for time--- 9 : 13
 -- not entered waiting for time--- 9 : 13
 -- not entered waiting for time--- 9 : 13
 -- not entered waiting for time--- 9 : 13
 -- not entered waiting for time--- 9 : 13
 -- not entered waiting for time--- 9 : 13
 -- not entered waiting for time--- 9 : 13
 -- not entered waiting for time--- 9 : 13
 -- not entered waiting for time--- 9 : 13
 -- not entered waiting for time--- 9 : 13
 -- not entered waiting for time--- 9 : 13
 -- not entered waiting for time--- 9 : 13
 -- not entered waiting for time--- 9 : 13
 -- not entered waiting for time--- 9 : 13
 -- not entered waiting for time--- 9 : 13
 -- not entered waiting for time--- 9 : 13
 -- not entered waiting for time--- 9 : 13
 -- not entered waiting for time--- 9 : 13
 -- not entered waiting for time--- 9 : 13
 -- not entered waiting for time--- 9 : 13
 -- not entered waiting for time--- 9 : 13
 -- not entered waiting for time--- 9 : 13
 -- not entered waiting for time--- 9 : 13
 -- not entered waiting for time--- 9 : 13
 -- not entered waiting for time--- 9 : 13
 -- not entered waiting for time--- 9 : 13
 -- not entered waiting for time--- 9 : 13
 -- not entered waiting for time--- 9 : 13
 -- not entered waiting for time--- 9 : 13
 -- not entered waiting for time--- 9 : 13
 -- not entered waiting for time--- 9 : 14
 -- not entered waiting for time--- 9 : 14
 -- not entered waiting for time--- 9 : 14
 -- not entered waiting for time--- 9 : 14
 -- not entered waiting for time--- 9 : 14
 -- not entered waiting for time--- 9 : 14
 -- not entered waiting for time--- 9 : 14
 -- not entered waiting for time--- 9 : 14
 -- not entered waiting for time--- 9 : 14
 -- not entered waiting for time--- 9 : 14
 -- not entered waiting for time--- 9 : 14
 -- not entered waiting for time--- 9 : 14
 -- not entered waiting for time--- 9 : 14
 -- not entered waiting for time--- 9 : 14
 -- not entered waiting for time--- 9 : 14
 -- not entered waiting for time--- 9 : 14
 -- not entered waiting for time--- 9 : 14
 -- not entered waiting for time--- 9 : 14
 -- not entered waiting for time--- 9 : 14
 -- not entered waiting for time--- 9 : 14
 -- not entered waiting for time--- 9 : 14
 -- not entered waiting for time--- 9 : 14
 -- not entered waiting for time--- 9 : 14
 -- not entered waiting for time--- 9 : 14
 -- not entered waiting for time--- 9 : 14
 -- not entered waiting for time--- 9 : 14
 -- not entered waiting for time--- 9 : 14
 -- not entered waiting for time--- 9 : 14
 -- not entered waiting for time--- 9 : 14
 -- not entered waiting for time--- 9 : 14
 -- not entered waiting for time--- 9 : 14
 -- not entered waiting for time--- 9 : 14
 -- not entered waiting for time--- 9 : 14
 -- not entered waiting for time--- 9 : 14
 -- not entered waiting for time--- 9 : 14
 -- not entered waiting for time--- 9 : 14
 -- not entered waiting for time--- 9 : 14
 -- not entered waiting for time--- 9 : 14
 -- not entered waiting for time--- 9 : 14
 -- not entered waiting for time--- 9 : 14
 -- not entered waiting for time--- 9 : 14
 -- not entered waiting for time--- 9 : 14
 -- not entered waiting for time--- 9 : 14
 -- not entered waiting for time--- 9 : 14
 -- not entered waiting for time--- 9 : 14
 -- not entered waiting for time--- 9 : 14
 -- not entered waiting for time--- 9 : 14
 -- not entered waiting for time--- 9 : 14
 -- not entered waiting for time--- 9 : 14
 -- not entered waiting for time--- 9 : 14
 -- not entered waiting for time--- 9 : 14
 -- not entered waiting for time--- 9 : 14
 -- not entered waiting for time--- 9 : 14
 -- not entered waiting for time--- 9 : 14
 -- not entered waiting for time--- 9 : 14
 -- not entered waiting for time--- 9 : 14
 -- not entered waiting for time--- 9 : 14
 -- not entered waiting for time--- 9 : 14
 -- not entered waiting for time--- 9 : 14
 -- not entered waiting for time--- 9 : 14
 -- not entered waiting for time--- 9 : 15
 -- not entered waiting for time--- 9 : 15
 -- not entered waiting for time--- 9 : 15
 -- not entered waiting for time--- 9 : 15
 -- not entered waiting for time--- 9 : 15
 -- not entered waiting for time--- 9 : 15
 -- not entered waiting for time--- 9 : 15
 -- not entered waiting for time--- 9 : 15
 -- not entered waiting for time--- 9 : 15
 -- not entered waiting for time--- 9 : 15
 -- not entered waiting for time--- 9 : 15
 -- not entered waiting for time--- 9 : 15
 -- not entered waiting for time--- 9 : 15
 -- not entered waiting for time--- 9 : 15
 -- not entered waiting for time--- 9 : 15
 -- not entered waiting for time--- 9 : 15
 -- not entered waiting for time--- 9 : 15
 -- not entered waiting for time--- 9 : 15
 -- not entered waiting for time--- 9 : 15
 -- not entered waiting for time--- 9 : 15
 -- not entered waiting for time--- 9 : 15
 -- not entered waiting for time--- 9 : 15
 -- not entered waiting for time--- 9 : 15
 -- not entered waiting for time--- 9 : 15
 -- not entered waiting for time--- 9 : 15
 -- not entered waiting for time--- 9 : 15
 -- not entered waiting for time--- 9 : 15
 -- not entered waiting for time--- 9 : 15
 -- not entered waiting for time--- 9 : 15
 -- not entered waiting for time--- 9 : 15
 -- not entered waiting for time--- 9 : 15
 -- not entered waiting for time--- 9 : 15
 -- not entered waiting for time--- 9 : 15
 -- not entered waiting for time--- 9 : 15
 -- not entered waiting for time--- 9 : 15
 -- not entered waiting for time--- 9 : 15
 -- not entered waiting for time--- 9 : 15
 -- not entered waiting for time--- 9 : 15
 -- not entered waiting for time--- 9 : 15
 -- not entered waiting for time--- 9 : 15
 -- not entered waiting for time--- 9 : 15
 -- not entered waiting for time--- 9 : 15
 -- not entered waiting for time--- 9 : 15
 -- not entered waiting for time--- 9 : 15
 -- not entered waiting for time--- 9 : 15
 -- not entered waiting for time--- 9 : 15
 -- not entered waiting for time--- 9 : 15
 -- not entered waiting for time--- 9 : 15
 -- not entered waiting for time--- 9 : 15
 -- not entered waiting for time--- 9 : 15
 -- not entered waiting for time--- 9 : 15
 -- not entered waiting for time--- 9 : 15
 -- not entered waiting for time--- 9 : 15
 -- not entered waiting for time--- 9 : 15
 -- not entered waiting for time--- 9 : 15
 -- not entered waiting for time--- 9 : 15
 -- not entered waiting for time--- 9 : 15
 -- not entered waiting for time--- 9 : 15
 -- not entered waiting for time--- 9 : 15
 -- not entered waiting for time--- 9 : 15
 -- not entered waiting for time--- 9 : 16
 -- not entered waiting for time--- 9 : 16
 -- not entered waiting for time--- 9 : 16
 -- not entered waiting for time--- 9 : 16
 -- not entered waiting for time--- 9 : 16
 -- not entered waiting for time--- 9 : 16
 -- not entered waiting for time--- 9 : 16
 -- not entered waiting for time--- 9 : 16
 -- not entered waiting for time--- 9 : 16
 -- not entered waiting for time--- 9 : 16
 -- not entered waiting for time--- 9 : 16
 -- not entered waiting for time--- 9 : 16
 -- not entered waiting for time--- 9 : 16
 -- not entered waiting for time--- 9 : 16
 -- not entered waiting for time--- 9 : 16
 -- not entered waiting for time--- 9 : 16
 -- not entered waiting for time--- 9 : 16
 -- not entered waiting for time--- 9 : 16
 -- not entered waiting for time--- 9 : 16
 -- not entered waiting for time--- 9 : 16
 -- not entered waiting for time--- 9 : 16
 -- not entered waiting for time--- 9 : 16
 -- not entered waiting for time--- 9 : 16
 -- not entered waiting for time--- 9 : 16
 -- not entered waiting for time--- 9 : 16
 -- not entered waiting for time--- 9 : 16
 -- not entered waiting for time--- 9 : 16
 -- not entered waiting for time--- 9 : 16
 -- not entered waiting for time--- 9 : 16
 -- not entered waiting for time--- 9 : 16
 -- not entered waiting for time--- 9 : 16
 -- not entered waiting for time--- 9 : 16
 -- not entered waiting for time--- 9 : 16
 -- not entered waiting for time--- 9 : 16
 -- not entered waiting for time--- 9 : 16
 -- not entered waiting for time--- 9 : 16
 -- not entered waiting for time--- 9 : 16
 -- not entered waiting for time--- 9 : 16
 -- not entered waiting for time--- 9 : 16
 -- not entered waiting for time--- 9 : 16
 -- not entered waiting for time--- 9 : 16
 -- not entered waiting for time--- 9 : 16
 -- not entered waiting for time--- 9 : 16
 -- not entered waiting for time--- 9 : 16
 -- not entered waiting for time--- 9 : 16
 -- not entered waiting for time--- 9 : 16
 -- not entered waiting for time--- 9 : 16
 -- not entered waiting for time--- 9 : 16
 -- not entered waiting for time--- 9 : 16
 -- not entered waiting for time--- 9 : 16
 -- not entered waiting for time--- 9 : 16
 -- not entered waiting for time--- 9 : 16
 -- not entered waiting for time--- 9 : 16
 -- not entered waiting for time--- 9 : 16
 -- not entered waiting for time--- 9 : 16
 -- not entered waiting for time--- 9 : 16
 -- not entered waiting for time--- 9 : 16
 -- not entered waiting for time--- 9 : 16
 -- not entered waiting for time--- 9 : 16
 -- not entered waiting for time--- 9 : 16
Waiting for first candle to form. Current Second ==  0    2
Waiting for first candle to form. Current Second ==  1    2
Waiting for first candle to form. Current Second ==  2    2
Waiting for first candle to form. Current Second ==  3    2
Waiting for first candle to form. Current Second ==  4    2
Waiting for first candle to form. Current Second ==  5    2
Waiting for first candle to form. Current Second ==  6    2
Waiting for first candle to form. Current Second ==  7    2
Waiting for first candle to form. Current Second ==  8    2
Waiting for first candle to form. Current Second ==  9    2
Waiting for first candle to form. Current Second ==  10    2
Waiting for first candle to form. Current Second ==  11    2
Waiting for first candle to form. Current Second ==  12    2
Waiting for first candle to form. Current Second ==  13    2
Waiting for first candle to form. Current Second ==  14    2
Waiting for first candle to form. Current Second ==  15    2
Waiting for first candle to form. Current Second ==  16    2
Waiting for first candle to form. Current Second ==  17    2
Waiting for first candle to form. Current Second ==  18    2
Waiting for first candle to form. Current Second ==  19    2
Waiting for first candle to form. Current Second ==  20    2
Waiting for first candle to form. Current Second ==  21    2
Waiting for first candle to form. Current Second ==  22    2
Waiting for first candle to form. Current Second ==  23    2
Waiting for first candle to form. Current Second ==  24    2
Waiting for first candle to form. Current Second ==  25    2
Waiting for first candle to form. Current Second ==  26    2
Waiting for first candle to form. Current Second ==  27    2
Waiting for first candle to form. Current Second ==  28    2
Waiting for first candle to form. Current Second ==  29    2
Waiting for first candle to form. Current Second ==  30    2
Waiting for first candle to form. Current Second ==  31    2
Waiting for first candle to form. Current Second ==  32    2
Waiting for first candle to form. Current Second ==  33    2
Waiting for first candle to form. Current Second ==  34    2
Waiting for first candle to form. Current Second ==  35    2
Waiting for first candle to form. Current Second ==  36    2
Waiting for first candle to form. Current Second ==  37    2
Waiting for first candle to form. Current Second ==  38    2
Waiting for first candle to form. Current Second ==  39    2
Waiting for first candle to form. Current Second ==  40    2
Waiting for first candle to form. Current Second ==  41    2
Waiting for first candle to form. Current Second ==  42    2
Waiting for first candle to form. Current Second ==  43    2
Waiting for first candle to form. Current Second ==  44    2
Waiting for first candle to form. Current Second ==  45    2
Waiting for first candle to form. Current Second ==  46    2
Waiting for first candle to form. Current Second ==  47    2
Waiting for first candle to form. Current Second ==  48    2
Waiting for first candle to form. Current Second ==  49    2
Waiting for first candle to form. Current Second ==  50    2
Waiting for first candle to form. Current Second ==  51    2
Waiting for first candle to form. Current Second ==  52    2
Waiting for first candle to form. Current Second ==  53    2
Waiting for first candle to form. Current Second ==  54    2
Waiting for first candle to form. Current Second ==  55    2
Waiting for first candle to form. Current Second ==  56    2
Waiting for first candle to form. Current Second ==  57    2
Waiting for first candle to form. Current Second ==  58    2
Waiting for first candle to form. Current Second ==  59    2
India VIX = 15.65  BN Price = 54350.25
VIX_PERCENTILES_FETCHED: P25= 16.51  P50= 17.82  P75= 18.6  Min= 15.24  Max= 19.46
IV Regime = LOW (ADAPTIVE: P25= 16.51  P50= 17.82  P75= 18.6 ) | DailyRange = 1215.1 | 3minCandleRange = 63.9 (theoretical= 106.6 ) | ATMoptionMove = 28.8 | SL = 86 | Target = 86 | TrailTrigger = 29 | Spread = 300 | Buffer = 26
IV Params refreshed: {'vix': 15.65, 'bn_price': 54350.25, 'regime': 'LOW', 'regime_thresholds': 'P25=16.51 P50=17.82 P75=18.6', 'daily_range': 1215.1, 'candle_range': 63.9, 'atm_option_move': 28.8, 'sl_point': 86, 'target_point': 86, 'sl_pct_of_premium': 0.1, 'trail_trigger': 29, 'spread_width': 300, 'support_resistance_buffer': 26}
IV_RANK_DATA: VIX_30d_High= 19.46  VIX_30d_Low= 15.24  Current= 15.64  IV_Rank= 0.09
NSE:NIFTYBANK-INDEX  strikecount= 8   fyers <fyers_apiv3.fyersModel.FyersModel object at 0x75ff514b1310>
===
====after 3 min ochain==== 2026-06-01 09:18:00.522796
26JUN
/home/ubuntu/trading-bot/Strategy_May_2026.py:649: RuntimeWarning: divide by zero encountered in scalar divide
  pcr = round(oich[index1] / oich[index2], 2) if option_type[index1] != '' and option_type[index2] != '' and \
/home/ubuntu/trading-bot/Strategy_May_2026.py:650: RuntimeWarning: divide by zero encountered in scalar divide
  option_type[index1] == 'PE' else round(oich[index2] / oich[index1], 2)
                                    oipcr   choipcr
pcr1 =  NSE:BANKNIFTY26JUN55200PE   0.67   -0.4 CALL added 450   PUT unwind -180
pcr2 =  NSE:BANKNIFTY26JUN55100PE   0.8   0.78 CALL added 2790   PUT added 2190
pcr3 =  NSE:BANKNIFTY26JUN55000CE   0.81   0.44 CALL added 23580   PUT added 10380
pcr4 =  NSE:BANKNIFTY26JUN54900CE   0.58   -3.9 CALL added 600   PUT unwind -2340
pcr5 =  NSE:BANKNIFTY26JUN54800CE   0.53   -0.91 CALL added 3150   PUT unwind -2880
pcr6 =  NSE:BANKNIFTY26JUN54700PE   0.61    -0.26 CALL added 810   PUT unwind -210
pcr7 =  NSE:BANKNIFTY26JUN54600PE   0.85   -1.05 CALL added 1110   PUT unwind -1170
pcr8 =  NSE:BANKNIFTY26JUN54500PE   1.07   -2.92 CALL added 3960   PUT unwind -11550
pcr9 =  NSE:BANKNIFTY26JUN54400CE   1.24   0.34 CALL added 6660   PUT added 2280
pcr10 =  NSE:BANKNIFTY26JUN54300CE   1.3   0.11 CALL added 7920   PUT added 900
pcr11 =  NSE:BANKNIFTY26JUN54200PE   1.32   0.86 CALL added 3750   PUT added 3210
pcr12 =  NSE:BANKNIFTY26JUN54100PE   1.25   1.92 CALL added 1770   PUT added 3390
pcr13 =  NSE:BANKNIFTY26JUN54000PE   1.37   2.48 CALL added 2910   PUT added 7230
pcr14 =  NSE:BANKNIFTY26JUN53900PE   3.5   6.0 CALL added 300   PUT added 1800
pcr15 =  NSE:BANKNIFTY26JUN53800CE   3.15   2.85 CALL added 390   PUT added 1110
pcr16 =  NSE:BANKNIFTY26JUN53700CE   3.54   inf CALL unwind 0   PUT added 810
pcr17 =  NSE:BANKNIFTY26JUN53600PE   1.7   -inf CALL unwind 0   PUT unwind -210
pcrSummation= 8.31  result =  ['NSE:BANKNIFTY26JUN55000CE', 'NSE:BANKNIFTY26JUN54900CE', 'NSE:BANKNIFTY26JUN54800CE', 'NSE:BANKNIFTY26JUN54700PE', 'NSE:BANKNIFTY26JUN54600PE', 'NSE:BANKNIFTY26JUN54500PE', 'NSE:BANKNIFTY26JUN54400CE', 'NSE:BANKNIFTY26JUN54300CE', 'NSE:BANKNIFTY26JUN54200PE']
PCRSUM== 24.29
pcrSummation== 8.31
VOLPCRSUM== 7.199999999999999
spotLTP =  54358.95  ATM_STRIKE =  54400
IS_ATM_STRIKE_SHIFT = False  mapStrike = {54400: 54400}
avgOiPcrList2 = [np.float64(1.43)] atmStrikeNotShiftedCount= 1
False   1   1
SUPP_RES=== 54500  Buffer= 26
CEoich val =  3960.0  PEoich val =  -11550.0
 Either or both CE PE at suppRes unwinded i.e negative
================================================
IS_CHOI_DIFF_GT_25PERC== False
RSI_VAL1== 36.93
RSI_VAL2== 35.52
FUT_3m_OHLC O= 54782.0  H= 54971.0  L= 54400.0  C= 54592.2  Range= 571.0
CHART_PATTERN_DETECTED: BEARISH_ENGULFING | OUTSIDE_BAR
  PATTERN_CONTEXT: Body= -189.8  Range= 571.0  ExpectedRange= 63.9  RangeRatio= 8.94  O= 54782.0  H= 54971.0  L= 54400.0  C= 54592.2
newSynthFut =  54600
ATMStrike =  54400
AVG_OIPCR= 0.92
avgoiPCROld=  1.43
SUPP_RES = 54500
FUT LTP = 54609.0
CEchoi  PechOi = 3960.0    -11550.0
====================================
totalOIPCR = 0.94
AVG_VOLPCR= 0.8
atmPCR= 0.53  belowATM  0.61
atmVolPCR= 0.42  belowATM  1.08
False   54609.0   54500   False   False   35.52
26JUN
curr Doji False
NSE:BANKNIFTY26JUN54700PE  curr candle vol pcr = 1.09  PE= 15870  CE= 14610      cpr =  0.92
NSE:BANKNIFTY26JUN54700PE  prev candle vol pcr = 0.8  PE= 8130  CE= 10170      cpr =  1.25
ATM_CE_premium= 1067.55  ATM_PE_premium= 1180.0
CE_PremChg= -122.75  PE_PremChg= 55.25
CandleBody= -189.8  PrevBody= 69.8  CandleRange= 571.0  Bearish
TotalVol= 30480  PrevTotalVol= 18300  VolSpike= 1.67 x 
SCALP_SCORE: BEAR | BullScore= 1  BearScore= 2 | Confidence= LOW
DATAPOINT|09:18|FUT=54592.2|Body=-189.8|PrevBody=69.8|Range=571.0|RangeRatio=8.94|CurrVolPCR=1.09|PrevVolPCR=0.8|CurrCPR=0.92|PrevCPR=1.25|VolSpike=1.67|CE_PremChg=-122.75|PE_PremChg=55.25|BullScore=1|BearScore=2|Dir=BEAR|Conf=LOW
CHART_PATTERN_DETECTED: BEARISH_ENGULFING | OUTSIDE_BAR
  PATTERN_CONTEXT: Body= -189.8  Range= 571.0  ExpectedRange= 63.9  RangeRatio= 8.94  O= 54782.0  H= 54971.0  L= 54400.0  C= 54592.2
NSE:NIFTYBANK-INDEX  strikecount= 3   fyers <fyers_apiv3.fyersModel.FyersModel object at 0x75ff514b1310>
======================================
oipcr1 =  NSE:BANKNIFTY26JUN54700PE   0.61
oipcr2 =  NSE:BANKNIFTY26JUN54600PE   0.85
oipcr3 =  NSE:BANKNIFTY26JUN54500PE   1.07
oipcrBull = NoEntry  bulcount= 1  bearcount= 2 oipcrBear= BearTrade
atmpcr5 pcr6= 1.24    1.3
No Entry Yet
India VIX = 15.59  BN Price = 54431.8
IV Regime = LOW (ADAPTIVE: P25= 16.51  P50= 17.82  P75= 18.6 ) | DailyRange = 1212.3 | 3minCandleRange = 63.8 (theoretical= 106.3 ) | ATMoptionMove = 28.7 | SL = 86 | Target = 86 | TrailTrigger = 29 | Spread = 300 | Buffer = 26
IV Params refreshed: {'vix': 15.59, 'bn_price': 54431.8, 'regime': 'LOW', 'regime_thresholds': 'P25=16.51 P50=17.82 P75=18.6', 'daily_range': 1212.3, 'candle_range': 63.8, 'atm_option_move': 28.7, 'sl_point': 86, 'target_point': 86, 'sl_pct_of_premium': 0.1, 'trail_trigger': 29, 'spread_width': 300, 'support_resistance_buffer': 26}
NSE:NIFTYBANK-INDEX  strikecount= 8   fyers <fyers_apiv3.fyersModel.FyersModel object at 0x75ff514b1310>
===
====after 3 min ochain==== 2026-06-01 09:21:00.000006
26JUN
/home/ubuntu/trading-bot/Strategy_May_2026.py:649: RuntimeWarning: divide by zero encountered in scalar divide
  pcr = round(oich[index1] / oich[index2], 2) if option_type[index1] != '' and option_type[index2] != '' and \
/home/ubuntu/trading-bot/Strategy_May_2026.py:650: RuntimeWarning: divide by zero encountered in scalar divide
  option_type[index1] == 'PE' else round(oich[index2] / oich[index1], 2)
                                    oipcr   choipcr
pcr1 =  NSE:BANKNIFTY26JUN55200PE   0.68   1.31 CALL added 480   PUT added 630
pcr2 =  NSE:BANKNIFTY26JUN55100PE   0.81   0.6 CALL unwind -4350   PUT unwind -2610
pcr3 =  NSE:BANKNIFTY26JUN55000CE   0.81   0.38 CALL added 32520   PUT added 12210
pcr4 =  NSE:BANKNIFTY26JUN54900CE   0.55   -1.86 CALL added 2190   PUT unwind -4080
pcr5 =  NSE:BANKNIFTY26JUN54800CE   0.5   61.0 CALL unwind -120   PUT unwind -7320
pcr6 =  NSE:BANKNIFTY26JUN54700PE   0.62    0.34 CALL unwind -2460   PUT unwind -840
pcr7 =  NSE:BANKNIFTY26JUN54600PE   0.85   -2.0 CALL added 750   PUT unwind -1500
pcr8 =  NSE:BANKNIFTY26JUN54500PE   1.03   -1.57 CALL added 10050   PUT unwind -15780
pcr9 =  NSE:BANKNIFTY26JUN54400CE   1.15   0.56 CALL added 13380   PUT added 7500
pcr10 =  NSE:BANKNIFTY26JUN54300CE   1.1   -0.14 CALL added 10380   PUT unwind -1410
pcr11 =  NSE:BANKNIFTY26JUN54200PE   1.25   0.24 CALL added 4020   PUT added 960
pcr12 =  NSE:BANKNIFTY26JUN54100PE   1.66   -2.91 CALL unwind -1980   PUT added 5760
pcr13 =  NSE:BANKNIFTY26JUN54000PE   1.37   2.25 CALL added 5670   PUT added 12750
pcr14 =  NSE:BANKNIFTY26JUN53900PE   3.09   1.09 CALL added 990   PUT added 1080
pcr15 =  NSE:BANKNIFTY26JUN53800CE   3.18   3.9 CALL added 300   PUT added 1170
pcr16 =  NSE:BANKNIFTY26JUN53700CE   3.68   inf CALL unwind 0   PUT added 1980
pcr17 =  NSE:BANKNIFTY26JUN53600PE   1.69   -inf CALL unwind 0   PUT unwind -510
pcrSummation= 7.42  result =  ['NSE:BANKNIFTY26JUN55100PE', 'NSE:BANKNIFTY26JUN55000CE', 'NSE:BANKNIFTY26JUN54900CE', 'NSE:BANKNIFTY26JUN54800CE', 'NSE:BANKNIFTY26JUN54700PE', 'NSE:BANKNIFTY26JUN54600PE', 'NSE:BANKNIFTY26JUN54500PE', 'NSE:BANKNIFTY26JUN54400CE', 'NSE:BANKNIFTY26JUN54300CE']
PCRSUM== 24.02
pcrSummation== 7.42
VOLPCRSUM== 6.629999999999999
spotLTP =  54442.3  ATM_STRIKE =  54400
IS_ATM_STRIKE_SHIFT = False  mapStrike = {54400: 54400}
avgOiPcrList2 = [np.float64(1.43), np.float64(1.41)] atmStrikeNotShiftedCount= 2
False   2   2
SUPP_RES=== 54500  Buffer= 26
CEoich val =  10050.0  PEoich val =  -15780.0
 Either or both CE PE at suppRes unwinded i.e negative
================================================
IS_CHOI_DIFF_GT_25PERC== False
RSI_VAL1== 41.21
RSI_VAL2== 41.21
FUT_3m_OHLC O= 54600.0  H= 54710.0  L= 54600.0  C= 54669.4  Range= 110.0
CHART_PATTERN_DETECTED: INSIDE_BAR
  PATTERN_CONTEXT: Body= 69.4  Range= 110.0  ExpectedRange= 63.8  RangeRatio= 1.72  O= 54600.0  H= 54710.0  L= 54600.0  C= 54669.4
newSynthFut =  54700
ATMStrike =  54400
AVG_OIPCR= 0.82
avgoiPCROld=  1.41
SUPP_RES = 54500
FUT LTP = 54669.4
CEchoi  PechOi = 10050.0    -15780.0
====================================
totalOIPCR = 0.94
AVG_VOLPCR= 0.74
atmPCR= 0.5  belowATM  0.62
atmVolPCR= 0.51  belowATM  1.01
False   54669.4   54500   False   False   41.21
26JUN
curr Doji False
NSE:BANKNIFTY26JUN54600PE  curr candle vol pcr = 0.93  PE= 10110  CE= 10830      cpr =  1.07
NSE:BANKNIFTY26JUN54700PE  prev candle vol pcr = 1.09  PE= 15870  CE= 14610      cpr =  0.92
ATM_CE_premium= 1162.85  ATM_PE_premium= 1072.0
CE_PremChg= 46.05  PE_PremChg= -67.25
CandleBody= 69.4  PrevBody= -189.8  CandleRange= 110.0  Bullish
TotalVol= 20940  PrevTotalVol= 30480  VolSpike= 0.69 x 
SCALP_SCORE: BULL | BullScore= 2  BearScore= 1 | Confidence= LOW
DATAPOINT|09:21|FUT=54669.4|Body=69.4|PrevBody=-189.8|Range=110.0|RangeRatio=1.72|CurrVolPCR=0.93|PrevVolPCR=1.09|CurrCPR=1.07|PrevCPR=0.92|VolSpike=0.69|CE_PremChg=46.05|PE_PremChg=-67.25|BullScore=2|BearScore=1|Dir=BULL|Conf=LOW
CHART_PATTERN_DETECTED: INSIDE_BAR
  PATTERN_CONTEXT: Body= 69.4  Range= 110.0  ExpectedRange= 63.8  RangeRatio= 1.72  O= 54600.0  H= 54710.0  L= 54600.0  C= 54669.4
NSE:NIFTYBANK-INDEX  strikecount= 3   fyers <fyers_apiv3.fyersModel.FyersModel object at 0x75ff514b1310>
======================================
oipcr1 =  NSE:BANKNIFTY26JUN54700PE   0.62
oipcr2 =  NSE:BANKNIFTY26JUN54600PE   0.85
oipcr3 =  NSE:BANKNIFTY26JUN54500PE   1.03
oipcrBull = NoEntry  bulcount= 1  bearcount= 2 oipcrBear= BearTrade
atmpcr5 pcr6= 1.15    1.1
No Entry Yet
India VIX = 15.85  BN Price = 54387.75
IV Regime = LOW (ADAPTIVE: P25= 16.51  P50= 17.82  P75= 18.6 ) | DailyRange = 1231.5 | 3minCandleRange = 64.8 (theoretical= 108.0 ) | ATMoptionMove = 29.2 | SL = 87 | Target = 87 | TrailTrigger = 29 | Spread = 300 | Buffer = 26
IV Params refreshed: {'vix': 15.85, 'bn_price': 54387.75, 'regime': 'LOW', 'regime_thresholds': 'P25=16.51 P50=17.82 P75=18.6', 'daily_range': 1231.5, 'candle_range': 64.8, 'atm_option_move': 29.2, 'sl_point': 87, 'target_point': 87, 'sl_pct_of_premium': 0.1, 'trail_trigger': 29, 'spread_width': 300, 'support_resistance_buffer': 26}
NSE:NIFTYBANK-INDEX  strikecount= 8   fyers <fyers_apiv3.fyersModel.FyersModel object at 0x75ff514b1310>
===
====after 3 min ochain==== 2026-06-01 09:24:00.000002
26JUN
/home/ubuntu/trading-bot/Strategy_May_2026.py:649: RuntimeWarning: divide by zero encountered in scalar divide
  pcr = round(oich[index1] / oich[index2], 2) if option_type[index1] != '' and option_type[index2] != '' and \
/home/ubuntu/trading-bot/Strategy_May_2026.py:650: RuntimeWarning: divide by zero encountered in scalar divide
  option_type[index1] == 'PE' else round(oich[index2] / oich[index1], 2)
                                    oipcr   choipcr
pcr1 =  NSE:BANKNIFTY26JUN55200PE   0.68   1.89 CALL added 270   PUT added 510
pcr2 =  NSE:BANKNIFTY26JUN55100PE   0.82   0.31 CALL unwind -4410   PUT unwind -1350
pcr3 =  NSE:BANKNIFTY26JUN55000CE   0.81   0.42 CALL added 34050   PUT added 14340
pcr4 =  NSE:BANKNIFTY26JUN54900CE   0.55   -2.54 CALL added 1560   PUT unwind -3960
pcr5 =  NSE:BANKNIFTY26JUN54800CE   0.52   2.23 CALL unwind -3450   PUT unwind -7710
pcr6 =  NSE:BANKNIFTY26JUN54700PE   0.63    0.19 CALL unwind -2640   PUT unwind -510
pcr7 =  NSE:BANKNIFTY26JUN54600PE   0.87   0.26 CALL added 1950   PUT added 510
pcr8 =  NSE:BANKNIFTY26JUN54500PE   1.03   -1.0 CALL added 12330   PUT unwind -12360
pcr9 =  NSE:BANKNIFTY26JUN54400CE   1.09   0.61 CALL added 18990   PUT added 11490
pcr10 =  NSE:BANKNIFTY26JUN54300CE   1.08   -0.21 CALL added 10350   PUT unwind -2130
pcr11 =  NSE:BANKNIFTY26JUN54200PE   1.32   0.45 CALL added 2220   PUT added 990
pcr12 =  NSE:BANKNIFTY26JUN54100PE   1.79   -2.42 CALL unwind -2730   PUT added 6600
pcr13 =  NSE:BANKNIFTY26JUN54000PE   1.37   2.13 CALL added 7230   PUT added 15390
pcr14 =  NSE:BANKNIFTY26JUN53900PE   3.14   1.56 CALL added 1020   PUT added 1590
pcr15 =  NSE:BANKNIFTY26JUN53800CE   3.2   4.45 CALL added 330   PUT added 1470
pcr16 =  NSE:BANKNIFTY26JUN53700CE   3.66   inf CALL unwind 0   PUT added 1800
pcr17 =  NSE:BANKNIFTY26JUN53600PE   1.73   inf CALL unwind 0   PUT added 720
pcrSummation= 7.9  result =  ['NSE:BANKNIFTY26JUN55000CE', 'NSE:BANKNIFTY26JUN54900CE', 'NSE:BANKNIFTY26JUN54800CE', 'NSE:BANKNIFTY26JUN54700PE', 'NSE:BANKNIFTY26JUN54600PE', 'NSE:BANKNIFTY26JUN54500PE', 'NSE:BANKNIFTY26JUN54400CE', 'NSE:BANKNIFTY26JUN54300CE', 'NSE:BANKNIFTY26JUN54200PE']
PCRSUM== 24.29
pcrSummation== 7.9
VOLPCRSUM== 6.74
spotLTP =  54387.15  ATM_STRIKE =  54400
IS_ATM_STRIKE_SHIFT = False  mapStrike = {54400: 54400}
avgOiPcrList2 = [np.float64(1.43), np.float64(1.41), np.float64(1.43)] atmStrikeNotShiftedCount= 3
False   3   3
SUPP_RES=== 54500  Buffer= 26
CEoich val =  12330.0  PEoich val =  -12360.0
 Either or both CE PE at suppRes unwinded i.e negative
================================================
IS_CHOI_DIFF_GT_25PERC== False
RSI_VAL1== 39.67
RSI_VAL2== 39.15
FUT_3m_OHLC O= 54693.8  H= 54698.0  L= 54605.8  C= 54626.6  Range= 92.2
CHART_PATTERN_DETECTED: INSIDE_BAR | STRONG_MOMENTUM_BEAR
  PATTERN_CONTEXT: Body= -67.2  Range= 92.2  ExpectedRange= 64.8  RangeRatio= 1.42  O= 54693.8  H= 54698.0  L= 54605.8  C= 54626.6
recent two = [np.float64(1.41), np.float64(1.43)]
newSynthFut =  54600
ATMStrike =  54400
AVG_OIPCR= 0.88
avgoiPCROld=  1.43
SUPP_RES = 54500
FUT LTP = 54626.6
CEchoi  PechOi = 12330.0    -12360.0
====================================
totalOIPCR = 0.94
AVG_VOLPCR= 0.75
atmPCR= 0.52  belowATM  0.63
atmVolPCR= 0.53  belowATM  0.97
False   54626.6   54500   False   False   39.15
26JUN
Traceback (most recent call last):
  File "/home/ubuntu/trading-bot/Strategy_May_2026.py", line 1769, in <module>
    order_id = checkCriteriaAndTakeTrade()
               ^^^^^^^^^^^^^^^^^^^^^^^^^^^
  File "/home/ubuntu/trading-bot/Strategy_May_2026.py", line 1102, in checkCriteriaAndTakeTrade
    prevOptiondataCE = helper.getHistorical(prevCEStrike, timeFrame, 3, fyers)
                       ^^^^^^^^^^^^^^^^^^^^^^^^^^^^^^^^^^^^^^^^^^^^^^^^^^^^^^^
  File "/home/ubuntu/trading-bot/helper_fyers.py", line 475, in getHistorical
    response = fyers.history(data=data)['candles']
               ~~~~~~~~~~~~~~~~~~~~~~~~^^^^^^^^^^^
KeyError: 'candles'
26JUN
checkInstrument =  NSE:NIFTYBANK-INDEX
bnExpDate =  26JUN
BNFut (auto) = NSE:BANKNIFTY26JUNFUT
Waiting for first candle to form. Current Second ==  27    0
Waiting for first candle to form. Current Second ==  28    0
Waiting for first candle to form. Current Second ==  29    0
Waiting for first candle to form. Current Second ==  30    0
Waiting for first candle to form. Current Second ==  31    0
Waiting for first candle to form. Current Second ==  32    0
Waiting for first candle to form. Current Second ==  33    0
Waiting for first candle to form. Current Second ==  34    0
Waiting for first candle to form. Current Second ==  35    0
Waiting for first candle to form. Current Second ==  36    0
Waiting for first candle to form. Current Second ==  37    0
Waiting for first candle to form. Current Second ==  38    0
Waiting for first candle to form. Current Second ==  39    0
Waiting for first candle to form. Current Second ==  40    0
Waiting for first candle to form. Current Second ==  41    0
Waiting for first candle to form. Current Second ==  42    0
Waiting for first candle to form. Current Second ==  43    0
Waiting for first candle to form. Current Second ==  44    0
Waiting for first candle to form. Current Second ==  45    0
Waiting for first candle to form. Current Second ==  46    0
Waiting for first candle to form. Current Second ==  47    0
Waiting for first candle to form. Current Second ==  48    0
Waiting for first candle to form. Current Second ==  49    0
Waiting for first candle to form. Current Second ==  50    0
Waiting for first candle to form. Current Second ==  51    0
Waiting for first candle to form. Current Second ==  52    0
Waiting for first candle to form. Current Second ==  53    0
Waiting for first candle to form. Current Second ==  54    0
Waiting for first candle to form. Current Second ==  55    0
Waiting for first candle to form. Current Second ==  56    0
Waiting for first candle to form. Current Second ==  57    0
Waiting for first candle to form. Current Second ==  58    0
Waiting for first candle to form. Current Second ==  59    0
Waiting for first candle to form. Current Second ==  0    1
Waiting for first candle to form. Current Second ==  1    1
Waiting for first candle to form. Current Second ==  2    1
Waiting for first candle to form. Current Second ==  3    1
Waiting for first candle to form. Current Second ==  4    1
Waiting for first candle to form. Current Second ==  5    1
Waiting for first candle to form. Current Second ==  6    1
Waiting for first candle to form. Current Second ==  7    1
Waiting for first candle to form. Current Second ==  8    1
Waiting for first candle to form. Current Second ==  9    1
Waiting for first candle to form. Current Second ==  10    1
Waiting for first candle to form. Current Second ==  11    1
Waiting for first candle to form. Current Second ==  12    1
Waiting for first candle to form. Current Second ==  13    1
Waiting for first candle to form. Current Second ==  14    1
Waiting for first candle to form. Current Second ==  15    1
Waiting for first candle to form. Current Second ==  16    1
Waiting for first candle to form. Current Second ==  17    1
Waiting for first candle to form. Current Second ==  18    1
Waiting for first candle to form. Current Second ==  19    1
Waiting for first candle to form. Current Second ==  20    1
Waiting for first candle to form. Current Second ==  21    1
Waiting for first candle to form. Current Second ==  22    1
Waiting for first candle to form. Current Second ==  23    1
Waiting for first candle to form. Current Second ==  24    1
Waiting for first candle to form. Current Second ==  25    1
Waiting for first candle to form. Current Second ==  26    1
Waiting for first candle to form. Current Second ==  27    1
Waiting for first candle to form. Current Second ==  28    1
Waiting for first candle to form. Current Second ==  29    1
Waiting for first candle to form. Current Second ==  30    1
Waiting for first candle to form. Current Second ==  31    1
Waiting for first candle to form. Current Second ==  32    1
Waiting for first candle to form. Current Second ==  33    1
Waiting for first candle to form. Current Second ==  34    1
Waiting for first candle to form. Current Second ==  35    1
Waiting for first candle to form. Current Second ==  36    1
Waiting for first candle to form. Current Second ==  37    1
Waiting for first candle to form. Current Second ==  38    1
Waiting for first candle to form. Current Second ==  39    1
Waiting for first candle to form. Current Second ==  40    1
Waiting for first candle to form. Current Second ==  41    1
Waiting for first candle to form. Current Second ==  42    1
Waiting for first candle to form. Current Second ==  43    1
Waiting for first candle to form. Current Second ==  44    1
Waiting for first candle to form. Current Second ==  45    1
Waiting for first candle to form. Current Second ==  46    1
Waiting for first candle to form. Current Second ==  47    1
Waiting for first candle to form. Current Second ==  48    1
Waiting for first candle to form. Current Second ==  49    1
Waiting for first candle to form. Current Second ==  50    1
Waiting for first candle to form. Current Second ==  51    1
Waiting for first candle to form. Current Second ==  52    1
Waiting for first candle to form. Current Second ==  53    1
Waiting for first candle to form. Current Second ==  54    1
Waiting for first candle to form. Current Second ==  55    1
Waiting for first candle to form. Current Second ==  56    1
Waiting for first candle to form. Current Second ==  57    1
Waiting for first candle to form. Current Second ==  58    1
Waiting for first candle to form. Current Second ==  59    1
Waiting for first candle to form. Current Second ==  0    2
Waiting for first candle to form. Current Second ==  1    2
Waiting for first candle to form. Current Second ==  2    2
Waiting for first candle to form. Current Second ==  3    2
Waiting for first candle to form. Current Second ==  4    2
Waiting for first candle to form. Current Second ==  5    2
Waiting for first candle to form. Current Second ==  6    2
Waiting for first candle to form. Current Second ==  7    2
Waiting for first candle to form. Current Second ==  8    2
Waiting for first candle to form. Current Second ==  9    2
Waiting for first candle to form. Current Second ==  10    2
Waiting for first candle to form. Current Second ==  11    2
Waiting for first candle to form. Current Second ==  12    2
Waiting for first candle to form. Current Second ==  13    2
Waiting for first candle to form. Current Second ==  14    2
Waiting for first candle to form. Current Second ==  15    2
Waiting for first candle to form. Current Second ==  16    2
Waiting for first candle to form. Current Second ==  17    2
Waiting for first candle to form. Current Second ==  18    2
Waiting for first candle to form. Current Second ==  19    2
Waiting for first candle to form. Current Second ==  20    2
Waiting for first candle to form. Current Second ==  21    2
Waiting for first candle to form. Current Second ==  22    2
Waiting for first candle to form. Current Second ==  23    2
Waiting for first candle to form. Current Second ==  24    2
Waiting for first candle to form. Current Second ==  25    2
Waiting for first candle to form. Current Second ==  26    2
Waiting for first candle to form. Current Second ==  27    2
Waiting for first candle to form. Current Second ==  28    2
Waiting for first candle to form. Current Second ==  29    2
Waiting for first candle to form. Current Second ==  30    2
Waiting for first candle to form. Current Second ==  31    2
Waiting for first candle to form. Current Second ==  32    2
Waiting for first candle to form. Current Second ==  33    2
Waiting for first candle to form. Current Second ==  34    2
Waiting for first candle to form. Current Second ==  35    2
Waiting for first candle to form. Current Second ==  36    2
Waiting for first candle to form. Current Second ==  37    2
Waiting for first candle to form. Current Second ==  38    2
Waiting for first candle to form. Current Second ==  39    2
Waiting for first candle to form. Current Second ==  40    2
Waiting for first candle to form. Current Second ==  41    2
Waiting for first candle to form. Current Second ==  42    2
Waiting for first candle to form. Current Second ==  43    2
Waiting for first candle to form. Current Second ==  44    2
Waiting for first candle to form. Current Second ==  45    2
Waiting for first candle to form. Current Second ==  46    2
Waiting for first candle to form. Current Second ==  47    2
Waiting for first candle to form. Current Second ==  48    2
Waiting for first candle to form. Current Second ==  49    2
Waiting for first candle to form. Current Second ==  50    2
Waiting for first candle to form. Current Second ==  51    2
Waiting for first candle to form. Current Second ==  52    2
Waiting for first candle to form. Current Second ==  53    2
Waiting for first candle to form. Current Second ==  54    2
Waiting for first candle to form. Current Second ==  55    2
Waiting for first candle to form. Current Second ==  56    2
Waiting for first candle to form. Current Second ==  57    2
Waiting for first candle to form. Current Second ==  58    2
Waiting for first candle to form. Current Second ==  59    2
India VIX = 15.86  BN Price = 54292.7
VIX_PERCENTILES_FETCHED: P25= 16.51  P50= 17.82  P75= 18.6  Min= 15.24  Max= 19.46
IV Regime = LOW (ADAPTIVE: P25= 16.51  P50= 17.82  P75= 18.6 ) | DailyRange = 1230.1 | 3minCandleRange = 64.7 (theoretical= 107.9 ) | ATMoptionMove = 29.1 | SL = 87 | Target = 87 | TrailTrigger = 29 | Spread = 300 | Buffer = 26
IV Params refreshed: {'vix': 15.86, 'bn_price': 54292.7, 'regime': 'LOW', 'regime_thresholds': 'P25=16.51 P50=17.82 P75=18.6', 'daily_range': 1230.1, 'candle_range': 64.7, 'atm_option_move': 29.1, 'sl_point': 87, 'target_point': 87, 'sl_pct_of_premium': 0.1, 'trail_trigger': 29, 'spread_width': 300, 'support_resistance_buffer': 26}
IV_RANK_DATA: VIX_30d_High= 19.46  VIX_30d_Low= 15.24  Current= 15.86  IV_Rank= 0.15
NSE:NIFTYBANK-INDEX  strikecount= 8   fyers <fyers_apiv3.fyersModel.FyersModel object at 0x75f2dcef1a90>
===
====after 3 min ochain==== 2026-06-01 09:39:00.394157
26JUN
/home/ubuntu/trading-bot/Strategy_May_2026.py:699: RuntimeWarning: divide by zero encountered in scalar divide
  pcr = round(oich[index1] / oich[index2], 2) if option_type[index1] != '' and option_type[index2] != '' and \
                                    oipcr   choipcr
pcr1 =  NSE:BANKNIFTY26JUN55100PE   0.81   0.46 CALL unwind -3810   PUT unwind -1770
pcr2 =  NSE:BANKNIFTY26JUN55000CE   0.78   -0.18 CALL added 36300   PUT unwind -6390
pcr3 =  NSE:BANKNIFTY26JUN54900CE   0.54   -0.82 CALL added 4530   PUT unwind -3720
pcr4 =  NSE:BANKNIFTY26JUN54800CE   0.47   -1.24 CALL added 6630   PUT unwind -8190
pcr5 =  NSE:BANKNIFTY26JUN54700PE   0.6   0.82 CALL unwind -4770   PUT unwind -3930
pcr6 =  NSE:BANKNIFTY26JUN54600PE   0.73    -0.5 CALL added 5970   PUT unwind -2970
pcr7 =  NSE:BANKNIFTY26JUN54500PE   1.01   0.35 CALL added 46020   PUT added 16320
pcr8 =  NSE:BANKNIFTY26JUN54400CE   0.88   0.57 CALL added 43320   PUT added 24720
pcr9 =  NSE:BANKNIFTY26JUN54300CE   0.86   0.23 CALL added 27810   PUT added 6510
pcr10 =  NSE:BANKNIFTY26JUN54200PE   1.1   -0.36 CALL added 6420   PUT unwind -2340
pcr11 =  NSE:BANKNIFTY26JUN54100PE   1.9   -2.97 CALL unwind -2820   PUT added 8370
pcr12 =  NSE:BANKNIFTY26JUN54000PE   1.39   3.21 CALL added 9180   PUT added 29460
pcr13 =  NSE:BANKNIFTY26JUN53900PE   3.52   4.38 CALL added 1020   PUT added 4470
pcr14 =  NSE:BANKNIFTY26JUN53800CE   3.15   2.92 CALL added 390   PUT added 1140
pcr15 =  NSE:BANKNIFTY26JUN53700CE   3.69   inf CALL unwind 0   PUT added 2070
pcr16 =  NSE:BANKNIFTY26JUN53600PE   1.71   -3.0 CALL unwind -30   PUT added 90
pcr17 =  NSE:BANKNIFTY26JUN53500PE   1.83   8.94 CALL added 510   PUT added 4560
pcrSummation= 8.09  result =  ['NSE:BANKNIFTY26JUN54900CE', 'NSE:BANKNIFTY26JUN54800CE', 'NSE:BANKNIFTY26JUN54700PE', 'NSE:BANKNIFTY26JUN54600PE', 'NSE:BANKNIFTY26JUN54500PE', 'NSE:BANKNIFTY26JUN54400CE', 'NSE:BANKNIFTY26JUN54300CE', 'NSE:BANKNIFTY26JUN54200PE', 'NSE:BANKNIFTY26JUN54100PE']
PCRSUM== 24.97
pcrSummation== 8.09
VOLPCRSUM== 7.690000000000001
spotLTP =  54291.6  ATM_STRIKE =  54300
IS_ATM_STRIKE_SHIFT = False  mapStrike = {54300: 54300}
avgOiPcrList2 = [np.float64(1.47)] atmStrikeNotShiftedCount= 1
False   1   1
SUPP_RES=== 54500  Buffer= 26
CEoich val =  46020.0  PEoich val =  16320.0
================================================
IS_CHOI_DIFF_GT_25PERC== True
RSI_VAL1== 34.75
RSI_VAL2== 34.75
FUT_3m_OHLC O= 54501.0  H= 54541.2  L= 54430.2  C= 54506.6  Range= 111.0
CHART_PATTERN_DETECTED: DOUBLE_TOP_FORMING
  PATTERN_CONTEXT: Body= 5.6  Range= 111.0  ExpectedRange= 64.7  RangeRatio= 1.72  O= 54501.0  H= 54541.2  L= 54430.2  C= 54506.6
newSynthFut =  54500
ATMStrike =  54300
AVG_OIPCR= 0.9
avgoiPCROld=  1.47
SUPP_RES = 54500
FUT LTP = 54506.6
CEchoi  PechOi = 46020.0    16320.0
====================================
totalOIPCR = 0.93
AVG_VOLPCR= 0.85
atmPCR= 0.6  belowATM  0.73
atmVolPCR= 0.87  belowATM  1.08
True   54506.6   54500   False   False   34.75
26JUN
curr Doji False
NSE:BANKNIFTY26JUN54500PE  curr candle vol pcr = 0.99  PE= 37860  CE= 38250      cpr =  1.01
NSE:BANKNIFTY26JUN54600PE  prev candle vol pcr = 1.1  PE= 8010  CE= 7290      cpr =  0.91
ATM_CE_premium= 1141.9  ATM_PE_premium= 1107.6
CE_PremChg= 24.85  PE_PremChg= -26.95
CandleBody= 5.6  PrevBody= -99.8  CandleRange= 111.0  Bullish
TotalVol= 76110  PrevTotalVol= 15300  VolSpike= 4.97 x  SPIKE!
SCALP_SCORE: BULL | BullScore= 2  BearScore= 1 | Confidence= LOW
DATAPOINT|09:39|FUT=54506.6|Body=5.6|PrevBody=-99.8|Range=111.0|RangeRatio=1.72|CurrVolPCR=0.99|PrevVolPCR=1.1|CurrCPR=1.01|PrevCPR=0.91|VolSpike=4.97|CE_PremChg=24.85|PE_PremChg=-26.95|BullScore=2|BearScore=1|Dir=BULL|Conf=LOW
CHART_PATTERN_DETECTED: DOUBLE_TOP_FORMING
  PATTERN_CONTEXT: Body= 5.6  Range= 111.0  ExpectedRange= 64.7  RangeRatio= 1.72  O= 54501.0  H= 54541.2  L= 54430.2  C= 54506.6
NSE:NIFTYBANK-INDEX  strikecount= 3   fyers <fyers_apiv3.fyersModel.FyersModel object at 0x75f2dcef1a90>
======================================
oipcr1 =  NSE:BANKNIFTY26JUN54600PE   0.73
oipcr2 =  NSE:BANKNIFTY26JUN54500PE   1.01
oipcr3 =  NSE:BANKNIFTY26JUN54400CE   0.88
oipcrBull = NoEntry  bulcount= 1  bearcount= 2 oipcrBear= BearTrade
atmpcr5 pcr6= 0.86    1.1
No Entry Yet
India VIX = 15.81  BN Price = 54336.05
IV Regime = LOW (ADAPTIVE: P25= 16.51  P50= 17.82  P75= 18.6 ) | DailyRange = 1227.2 | 3minCandleRange = 64.6 (theoretical= 107.6 ) | ATMoptionMove = 29.1 | SL = 87 | Target = 87 | TrailTrigger = 29 | Spread = 300 | Buffer = 26
IV Params refreshed: {'vix': 15.81, 'bn_price': 54336.05, 'regime': 'LOW', 'regime_thresholds': 'P25=16.51 P50=17.82 P75=18.6', 'daily_range': 1227.2, 'candle_range': 64.6, 'atm_option_move': 29.1, 'sl_point': 87, 'target_point': 87, 'sl_pct_of_premium': 0.1, 'trail_trigger': 29, 'spread_width': 300, 'support_resistance_buffer': 26}
NSE:NIFTYBANK-INDEX  strikecount= 8   fyers <fyers_apiv3.fyersModel.FyersModel object at 0x75f2dcef1a90>
===
====after 3 min ochain==== 2026-06-01 09:42:00.000002
26JUN
/home/ubuntu/trading-bot/Strategy_May_2026.py:699: RuntimeWarning: divide by zero encountered in scalar divide
  pcr = round(oich[index1] / oich[index2], 2) if option_type[index1] != '' and option_type[index2] != '' and \
                                    oipcr   choipcr
pcr1 =  NSE:BANKNIFTY26JUN55100PE   0.79   3.53 CALL unwind -570   PUT unwind -2010
pcr2 =  NSE:BANKNIFTY26JUN55000CE   0.79   -0.13 CALL added 34560   PUT unwind -4410
pcr3 =  NSE:BANKNIFTY26JUN54900CE   0.54   -1.1 CALL added 3450   PUT unwind -3810
pcr4 =  NSE:BANKNIFTY26JUN54800CE   0.47   -2.14 CALL added 4140   PUT unwind -8850
pcr5 =  NSE:BANKNIFTY26JUN54700PE   0.61   0.72 CALL unwind -5040   PUT unwind -3630
pcr6 =  NSE:BANKNIFTY26JUN54600PE   0.7    -0.52 CALL added 7320   PUT unwind -3780
pcr7 =  NSE:BANKNIFTY26JUN54500PE   0.9   0.18 CALL added 77280   PUT added 13860
pcr8 =  NSE:BANKNIFTY26JUN54400CE   0.84   0.52 CALL added 43860   PUT added 22770
pcr9 =  NSE:BANKNIFTY26JUN54300CE   0.86   0.22 CALL added 27270   PUT added 6030
pcr10 =  NSE:BANKNIFTY26JUN54200PE   1.1   -0.45 CALL added 5940   PUT unwind -2700
pcr11 =  NSE:BANKNIFTY26JUN54100PE   1.95   -2.35 CALL unwind -3390   PUT added 7980
pcr12 =  NSE:BANKNIFTY26JUN54000PE   1.38   2.63 CALL added 10110   PUT added 26550
pcr13 =  NSE:BANKNIFTY26JUN53900PE   2.99   0.95 CALL added 1290   PUT added 1230
pcr14 =  NSE:BANKNIFTY26JUN53800CE   3.14   2.8 CALL added 450   PUT added 1260
pcr15 =  NSE:BANKNIFTY26JUN53700CE   3.69   inf CALL unwind 0   PUT added 2130
pcr16 =  NSE:BANKNIFTY26JUN53600PE   1.71   5.0 CALL unwind -30   PUT unwind -150
pcr17 =  NSE:BANKNIFTY26JUN53500PE   1.84   -23.83 CALL unwind -180   PUT added 4290
pcrSummation= 6.8100000000000005  result =  ['NSE:BANKNIFTY26JUN55000CE', 'NSE:BANKNIFTY26JUN54900CE', 'NSE:BANKNIFTY26JUN54800CE', 'NSE:BANKNIFTY26JUN54700PE', 'NSE:BANKNIFTY26JUN54600PE', 'NSE:BANKNIFTY26JUN54500PE', 'NSE:BANKNIFTY26JUN54400CE', 'NSE:BANKNIFTY26JUN54300CE', 'NSE:BANKNIFTY26JUN54200PE']
PCRSUM== 24.3
pcrSummation== 6.81
VOLPCRSUM== 7.3100000000000005
spotLTP =  54337.2  ATM_STRIKE =  54300
IS_ATM_STRIKE_SHIFT = False  mapStrike = {54300: 54300}
avgOiPcrList2 = [np.float64(1.47), np.float64(1.43)] atmStrikeNotShiftedCount= 2
False   2   2
SUPP_RES=== 54500  Buffer= 26
CEoich val =  77280.0  PEoich val =  13860.0
================================================
IS_CHOI_DIFF_GT_25PERC== True
RSI_VAL1== 40.38
RSI_VAL2== 40.38
FUT_3m_OHLC O= 54524.0  H= 54633.0  L= 54510.4  C= 54574.8  Range= 122.6
CHART_PATTERN_DETECTED: MORNING_STAR
  PATTERN_CONTEXT: Body= 50.8  Range= 122.6  ExpectedRange= 64.6  RangeRatio= 1.9  O= 54524.0  H= 54633.0  L= 54510.4  C= 54574.8
newSynthFut =  54600
ATMStrike =  54300
AVG_OIPCR= 0.76
avgoiPCROld=  1.43
SUPP_RES = 54500
FUT LTP = 54574.8
CEchoi  PechOi = 77280.0    13860.0
====================================
totalOIPCR = 0.92
AVG_VOLPCR= 0.81
atmPCR= 0.61  belowATM  0.7
atmVolPCR= 0.85  belowATM  1.09
True   54574.8   54500   False   False   40.38
26JUN
Traceback (most recent call last):
  File "/home/ubuntu/trading-bot/Strategy_May_2026.py", line 1827, in <module>
    order_id = checkCriteriaAndTakeTrade()
               ^^^^^^^^^^^^^^^^^^^^^^^^^^^
  File "/home/ubuntu/trading-bot/Strategy_May_2026.py", line 1153, in checkCriteriaAndTakeTrade
    prevOptiondataPE = helper.getHistorical(prevPEStrike, timeFrame, 3, fyers)
                       ^^^^^^^^^^^^^^^^^^^^^^^^^^^^^^^^^^^^^^^^^^^^^^^^^^^^^^^
  File "/home/ubuntu/trading-bot/helper_fyers.py", line 475, in getHistorical
    response = fyers.history(data=data)['candles']
               ~~~~~~~~~~~~~~~~~~~~~~~~^^^^^^^^^^^
KeyError: 'candles'
