checkInstrument =  BSE:SENSEX-INDEX
sensexExpDate =  26618
BNFut (Sensex futures auto) = BSE:SENSEX26JUNFUT
 -- not entered waiting for time--- 9 : 14
 -- not entered waiting for time--- 9 : 14
 -- not entered waiting for time--- 9 : 14
 -- not entered waiting for time--- 9 : 14
 -- not entered waiting for time--- 9 : 14
 -- not entered waiting for time--- 9 : 14
 -- not entered waiting for time--- 9 : 14
 -- not entered waiting for time--- 9 : 14
 -- not entered waiting for time--- 9 : 14
 -- not entered waiting for time--- 9 : 14
 -- not entered waiting for time--- 9 : 14
 -- not entered waiting for time--- 9 : 14
 -- not entered waiting for time--- 9 : 14
 -- not entered waiting for time--- 9 : 14
 -- not entered waiting for time--- 9 : 14
 -- not entered waiting for time--- 9 : 14
 -- not entered waiting for time--- 9 : 14
 -- not entered waiting for time--- 9 : 14
 -- not entered waiting for time--- 9 : 14
 -- not entered waiting for time--- 9 : 14
 -- not entered waiting for time--- 9 : 14
 -- not entered waiting for time--- 9 : 14
 -- not entered waiting for time--- 9 : 14
 -- not entered waiting for time--- 9 : 14
 -- not entered waiting for time--- 9 : 14
 -- not entered waiting for time--- 9 : 14
 -- not entered waiting for time--- 9 : 14
 -- not entered waiting for time--- 9 : 14
 -- not entered waiting for time--- 9 : 14
 -- not entered waiting for time--- 9 : 14
 -- not entered waiting for time--- 9 : 15
 -- not entered waiting for time--- 9 : 15
 -- not entered waiting for time--- 9 : 15
 -- not entered waiting for time--- 9 : 15
 -- not entered waiting for time--- 9 : 15
 -- not entered waiting for time--- 9 : 15
 -- not entered waiting for time--- 9 : 15
 -- not entered waiting for time--- 9 : 15
 -- not entered waiting for time--- 9 : 15
 -- not entered waiting for time--- 9 : 15
 -- not entered waiting for time--- 9 : 15
 -- not entered waiting for time--- 9 : 15
 -- not entered waiting for time--- 9 : 15
 -- not entered waiting for time--- 9 : 15
 -- not entered waiting for time--- 9 : 15
 -- not entered waiting for time--- 9 : 15
 -- not entered waiting for time--- 9 : 15
 -- not entered waiting for time--- 9 : 15
 -- not entered waiting for time--- 9 : 15
 -- not entered waiting for time--- 9 : 15
 -- not entered waiting for time--- 9 : 15
 -- not entered waiting for time--- 9 : 15
 -- not entered waiting for time--- 9 : 15
 -- not entered waiting for time--- 9 : 15
 -- not entered waiting for time--- 9 : 15
 -- not entered waiting for time--- 9 : 15
 -- not entered waiting for time--- 9 : 15
 -- not entered waiting for time--- 9 : 15
 -- not entered waiting for time--- 9 : 15
 -- not entered waiting for time--- 9 : 15
 -- not entered waiting for time--- 9 : 15
 -- not entered waiting for time--- 9 : 15
 -- not entered waiting for time--- 9 : 15
 -- not entered waiting for time--- 9 : 15
 -- not entered waiting for time--- 9 : 15
 -- not entered waiting for time--- 9 : 15
 -- not entered waiting for time--- 9 : 15
 -- not entered waiting for time--- 9 : 15
 -- not entered waiting for time--- 9 : 15
 -- not entered waiting for time--- 9 : 15
 -- not entered waiting for time--- 9 : 15
 -- not entered waiting for time--- 9 : 15
 -- not entered waiting for time--- 9 : 15
 -- not entered waiting for time--- 9 : 15
 -- not entered waiting for time--- 9 : 15
 -- not entered waiting for time--- 9 : 15
 -- not entered waiting for time--- 9 : 15
 -- not entered waiting for time--- 9 : 15
 -- not entered waiting for time--- 9 : 15
 -- not entered waiting for time--- 9 : 15
 -- not entered waiting for time--- 9 : 15
 -- not entered waiting for time--- 9 : 15
 -- not entered waiting for time--- 9 : 15
 -- not entered waiting for time--- 9 : 15
 -- not entered waiting for time--- 9 : 15
 -- not entered waiting for time--- 9 : 15
 -- not entered waiting for time--- 9 : 15
 -- not entered waiting for time--- 9 : 15
 -- not entered waiting for time--- 9 : 15
 -- not entered waiting for time--- 9 : 15
 -- not entered waiting for time--- 9 : 16
 -- not entered waiting for time--- 9 : 16
 -- not entered waiting for time--- 9 : 16
 -- not entered waiting for time--- 9 : 16
 -- not entered waiting for time--- 9 : 16
 -- not entered waiting for time--- 9 : 16
 -- not entered waiting for time--- 9 : 16
 -- not entered waiting for time--- 9 : 16
 -- not entered waiting for time--- 9 : 16
 -- not entered waiting for time--- 9 : 16
 -- not entered waiting for time--- 9 : 16
 -- not entered waiting for time--- 9 : 16
 -- not entered waiting for time--- 9 : 16
 -- not entered waiting for time--- 9 : 16
 -- not entered waiting for time--- 9 : 16
 -- not entered waiting for time--- 9 : 16
 -- not entered waiting for time--- 9 : 16
 -- not entered waiting for time--- 9 : 16
 -- not entered waiting for time--- 9 : 16
 -- not entered waiting for time--- 9 : 16
 -- not entered waiting for time--- 9 : 16
 -- not entered waiting for time--- 9 : 16
 -- not entered waiting for time--- 9 : 16
 -- not entered waiting for time--- 9 : 16
 -- not entered waiting for time--- 9 : 16
 -- not entered waiting for time--- 9 : 16
 -- not entered waiting for time--- 9 : 16
 -- not entered waiting for time--- 9 : 16
 -- not entered waiting for time--- 9 : 16
 -- not entered waiting for time--- 9 : 16
 -- not entered waiting for time--- 9 : 16
 -- not entered waiting for time--- 9 : 16
 -- not entered waiting for time--- 9 : 16
 -- not entered waiting for time--- 9 : 16
 -- not entered waiting for time--- 9 : 16
 -- not entered waiting for time--- 9 : 16
 -- not entered waiting for time--- 9 : 16
 -- not entered waiting for time--- 9 : 16
 -- not entered waiting for time--- 9 : 16
 -- not entered waiting for time--- 9 : 16
 -- not entered waiting for time--- 9 : 16
 -- not entered waiting for time--- 9 : 16
 -- not entered waiting for time--- 9 : 16
 -- not entered waiting for time--- 9 : 16
 -- not entered waiting for time--- 9 : 16
 -- not entered waiting for time--- 9 : 16
 -- not entered waiting for time--- 9 : 16
 -- not entered waiting for time--- 9 : 16
 -- not entered waiting for time--- 9 : 16
 -- not entered waiting for time--- 9 : 16
 -- not entered waiting for time--- 9 : 16
 -- not entered waiting for time--- 9 : 16
 -- not entered waiting for time--- 9 : 16
 -- not entered waiting for time--- 9 : 16
 -- not entered waiting for time--- 9 : 16
 -- not entered waiting for time--- 9 : 16
 -- not entered waiting for time--- 9 : 16
 -- not entered waiting for time--- 9 : 16
 -- not entered waiting for time--- 9 : 16
 -- not entered waiting for time--- 9 : 16
Waiting for first candle to form. Current Second ==  0    2
Waiting for first candle to form. Current Second ==  1    2
Waiting for first candle to form. Current Second ==  2    2
Waiting for first candle to form. Current Second ==  3    2
Waiting for first candle to form. Current Second ==  4    2
Waiting for first candle to form. Current Second ==  5    2
Waiting for first candle to form. Current Second ==  6    2
Waiting for first candle to form. Current Second ==  7    2
Waiting for first candle to form. Current Second ==  8    2
Waiting for first candle to form. Current Second ==  9    2
Waiting for first candle to form. Current Second ==  10    2
Waiting for first candle to form. Current Second ==  11    2
Waiting for first candle to form. Current Second ==  12    2
Waiting for first candle to form. Current Second ==  13    2
Waiting for first candle to form. Current Second ==  14    2
Waiting for first candle to form. Current Second ==  15    2
Waiting for first candle to form. Current Second ==  16    2
Waiting for first candle to form. Current Second ==  17    2
Waiting for first candle to form. Current Second ==  18    2
Waiting for first candle to form. Current Second ==  19    2
Waiting for first candle to form. Current Second ==  20    2
Waiting for first candle to form. Current Second ==  21    2
Waiting for first candle to form. Current Second ==  22    2
Waiting for first candle to form. Current Second ==  23    2
Waiting for first candle to form. Current Second ==  24    2
Waiting for first candle to form. Current Second ==  25    2
Waiting for first candle to form. Current Second ==  26    2
Waiting for first candle to form. Current Second ==  27    2
Waiting for first candle to form. Current Second ==  28    2
Waiting for first candle to form. Current Second ==  29    2
Waiting for first candle to form. Current Second ==  30    2
Waiting for first candle to form. Current Second ==  31    2
Waiting for first candle to form. Current Second ==  32    2
Waiting for first candle to form. Current Second ==  33    2
Waiting for first candle to form. Current Second ==  34    2
Waiting for first candle to form. Current Second ==  35    2
Waiting for first candle to form. Current Second ==  36    2
Waiting for first candle to form. Current Second ==  37    2
Waiting for first candle to form. Current Second ==  38    2
Waiting for first candle to form. Current Second ==  39    2
Waiting for first candle to form. Current Second ==  40    2
Waiting for first candle to form. Current Second ==  41    2
Waiting for first candle to form. Current Second ==  42    2
Waiting for first candle to form. Current Second ==  43    2
Waiting for first candle to form. Current Second ==  44    2
Waiting for first candle to form. Current Second ==  45    2
Waiting for first candle to form. Current Second ==  46    2
Waiting for first candle to form. Current Second ==  47    2
Waiting for first candle to form. Current Second ==  48    2
Waiting for first candle to form. Current Second ==  49    2
Waiting for first candle to form. Current Second ==  50    2
Waiting for first candle to form. Current Second ==  51    2
Waiting for first candle to form. Current Second ==  52    2
Waiting for first candle to form. Current Second ==  53    2
Waiting for first candle to form. Current Second ==  54    2
Waiting for first candle to form. Current Second ==  55    2
Waiting for first candle to form. Current Second ==  56    2
Waiting for first candle to form. Current Second ==  57    2
Waiting for first candle to form. Current Second ==  58    2
Waiting for first candle to form. Current Second ==  59    2
India VIX = 14.18  Spot Price = 76669.58
VIX_PERCENTILES_FETCHED: P25= 15.6  P50= 16.32  P75= 17.81  Min= 14.18  Max= 19.46
IV Regime = LOW (ADAPTIVE: P25= 15.6  P50= 16.32  P75= 17.81 ) | DailyRange = 1553.1 | 3minCandleRange = 81.7 (theoretical= 136.2 ) | ATMoptionMove = 36.8 | SL = 129 | Target = 129 | TrailTrigger = 37 | Spread = 400 | Buffer = 33
IV Params refreshed: {'vix': 14.18, 'bn_price': 76669.58, 'regime': 'LOW', 'regime_thresholds': 'P25=15.6 P50=16.32 P75=17.81', 'daily_range': 1553.1, 'candle_range': 81.7, 'atm_option_move': 36.8, 'sl_point': 129, 'target_point': 129, 'sl_pct_of_premium': 0.1, 'trail_trigger': 37, 'spread_width': 400, 'support_resistance_buffer': 33}
IV_RANK_DATA: VIX_30d_High= 19.46  VIX_30d_Low= 14.18  Current= 14.18  IV_Rank= 0.0
BSE:SENSEX-INDEX  strikecount= 8   fyers <fyers_apiv3.fyersModel.FyersModel object at 0x72b3bfe6aea0>
===
====after 3 min ochain==== 2026-06-15 09:18:00.448979
/home/ubuntu/trading-bot/Strategy_Sensex_May_2026.py:789: RuntimeWarning: divide by zero encountered in scalar divide
  option_type[index1] == 'PE' else round(oich[index2] / oich[index1], 2)
                                    oipcr   choipcr   totalOI
pcr1 =  BSE:SENSEX2661877500PE   0.01   0.0 CALL added 50000   PUT unwind 0  OI= 2320
pcr2 =  BSE:SENSEX2661877400CE   0.04   0.19 CALL added 12660   PUT added 2360  OI= 54620
pcr3 =  BSE:SENSEX2661877300CE   0.0   0.0 CALL added 9380   PUT unwind 0  OI= 68180
pcr4 =  BSE:SENSEX2661877200PE   0.08   inf CALL unwind 0   PUT added 3360  OI= 3360
pcr5 =  BSE:SENSEX2661877100PE   0.06   0.33 CALL added 10380   PUT added 3400  OI= 3400
pcr6 =  BSE:SENSEX2661877000PE   0.19    1.14 CALL added 37900   PUT added 43220  OI= 71920
pcr7 =  BSE:SENSEX2661876900CE   0.14   0.65 CALL added 16700   PUT added 10780  OI= 77000
pcr8 =  BSE:SENSEX2661876800PE   0.7   inf CALL unwind 0   PUT added 45600  OI= 49040
pcr9 =  BSE:SENSEX2661876700CE   0.48   0.72 CALL added 89760   PUT added 64660  OI= 135840
pcr10 =  BSE:SENSEX2661876600CE   0.6   1.57 CALL added 26760   PUT added 41880  OI= 75940
pcr11 =  BSE:SENSEX2661876500CE   0.41   135.5 CALL added 640   PUT added 86720  OI= 293640
pcr12 =  BSE:SENSEX2661876400PE   0.37   18.42 CALL added 1100   PUT added 20260  OI= 24340
pcr13 =  BSE:SENSEX2661876300CE   0.4   7.78 CALL added 2000   PUT added 15560  OI= 54440
pcr14 =  BSE:SENSEX2661876200CE   0.3   -2.65 CALL unwind -6120   PUT added 16220  OI= 70980
pcr15 =  BSE:SENSEX2661876100CE   0.29   59.44 CALL added 180   PUT added 10700  OI= 60260
pcr16 =  BSE:SENSEX2661876000CE   0.6   -1.34 CALL unwind -28800   PUT added 38540  OI= 271220
pcr17 =  BSE:SENSEX2661875900CE   0.45   -0.0 CALL unwind -8500   PUT unwind 0  OI= 45720
pcrSummation= 3.59  result =  ['BSE:SENSEX2661877000PE', 'BSE:SENSEX2661876900CE', 'BSE:SENSEX2661876800PE', 'BSE:SENSEX2661876700CE', 'BSE:SENSEX2661876600CE', 'BSE:SENSEX2661876500CE', 'BSE:SENSEX2661876400PE', 'BSE:SENSEX2661876300CE', 'BSE:SENSEX2661876200CE']
PCRSUM== 5.12
pcrSummation== 3.59
VOLPCRSUM== 1.7
spotLTP =  76670.69  ATM_STRIKE =  76700
IS_ATM_STRIKE_SHIFT = False  mapStrike = {76700: 76700}
avgOiPcrList2 = [np.float64(0.3)] atmStrikeNotShiftedCount= 1
False   1   1
SUPP_RES=== 76500  Buffer= 33
CEoich val =  640.0  PEoich val =  86720.0
SUPP_RES TOTAL OI: CE= 293640  PE= 121300
IS_MORNING_WINDOW= True  (active 9:15-9:45 IST)
================================================
IS_CHOI_DIFF_GT_25PERC== True
Traceback (most recent call last):
  File "/home/ubuntu/trading-bot/Strategy_Sensex_May_2026.py", line 1731, in <module>
    dataFUT = helper.getHistorical(BNFut, timeFrame, 3, fyers)
              ^^^^^^^^^^^^^^^^^^^^^^^^^^^^^^^^^^^^^^^^^^^^^^^^
  File "/home/ubuntu/trading-bot/helper_fyers.py", line 475, in getHistorical
    response = fyers.history(data=data)['candles']
               ~~~~~~~~~~~~~~~~~~~~~~~~^^^^^^^^^^^
KeyError: 'candles'
